[2023/02/25-21:08:04] [main] [INFO ] [cn.xuanq.blog.BlogApplication] : Starting BlogApplication on LAPTOP-HQ3J527O with PID 9324 (D:\IDEA\workspace\InisBlogSystem\target\classes started by Li in D:\IDEA\workspace\InisBlogSystem)
[2023/02/25-21:08:04] [main] [INFO ] [cn.xuanq.blog.BlogApplication] : The following profiles are active: dev
[2023/02/25-21:08:19] [main] [INFO ] [cn.xuanq.blog.BlogApplication] : Started BlogApplication in 16.005 seconds (JVM running for 19.067)
[2023/02/25-21:08:19] [main] [INFO ] [cn.xuanq.blog.BlogApplication] : run...
[2023/02/25-21:09:15] [http-nio-2022-exec-1] [INFO ] [cn.xuanq.blog.services.impl.UserServiceImpl] :   0
[2023/02/25-21:09:27] [http-nio-2022-exec-6] [INFO ] [cn.xuanq.blog.services.impl.ArticleServiceImpl] : article list first page from redis
[2023/02/25-21:12:51] [http-nio-2022-exec-4] [INFO ] [cn.xuanq.blog.services.impl.ArticleServiceImpl] : article list first page from redis
[2023/02/25-21:25:20] [http-nio-2022-exec-1] [INFO ] [cn.xuanq.blog.services.impl.ArticleServiceImpl] : article list first page from redis
[2023/02/25-21:28:17] [http-nio-2022-exec-6] [INFO ] [cn.xuanq.blog.services.impl.ArticleServiceImpl] : article list first page from redis
[2023/02/25-21:31:30] [http-nio-2022-exec-5] [INFO ] [cn.xuanq.blog.services.impl.ArticleServiceImpl] : article list first page from redis
[2023/02/25-21:39:39] [http-nio-2022-exec-6] [INFO ] [cn.xuanq.blog.services.impl.ArticleServiceImpl] : article list first page from redis
[2023/02/25-21:40:20] [http-nio-2022-exec-3] [INFO ] [cn.xuanq.blog.services.impl.UserServiceImpl] : content ==> yvfuc
[2023/02/25-21:41:13] [http-nio-2022-exec-4] [INFO ] [cn.xuanq.blog.services.impl.UserServiceImpl] :   1
[2023/02/25-21:43:55] [http-nio-2022-exec-5] [INFO ] [cn.xuanq.blog.services.impl.ArticleServiceImpl] : article list first page from redis
[2023/02/25-21:44:12] [http-nio-2022-exec-8] [INFO ] [cn.xuanq.blog.services.impl.ArticleServiceImpl] : article list first page from redis
[2023/02/25-21:44:18] [http-nio-2022-exec-7] [INFO ] [cn.xuanq.blog.services.impl.ImageServiceImpl] : viewImage format ==> 2023_01_19
[2023/02/25-21:44:18] [http-nio-2022-exec-7] [INFO ] [cn.xuanq.blog.services.impl.ImageServiceImpl] : get image target path ==> D:\IDEA\workspace\images\2023_01_19\png\1065630535230947328.png
[2023/02/25-21:44:51] [http-nio-2022-exec-10] [INFO ] [cn.xuanq.blog.services.impl.ImageServiceImpl] : viewImage format ==> 2023_01_19
[2023/02/25-21:44:51] [http-nio-2022-exec-10] [INFO ] [cn.xuanq.blog.services.impl.ImageServiceImpl] : get image target path ==> D:\IDEA\workspace\images\2023_01_19\png\1065630535230947328.png
[2023/02/25-21:44:57] [http-nio-2022-exec-3] [INFO ] [cn.xuanq.blog.services.impl.ImageServiceImpl] : viewImage format ==> 2023_01_19
[2023/02/25-21:44:57] [http-nio-2022-exec-3] [INFO ] [cn.xuanq.blog.services.impl.ImageServiceImpl] : get image target path ==> D:\IDEA\workspace\images\2023_01_19\png\1065630535230947328.png
[2023/02/25-21:47:41] [http-nio-2022-exec-9] [INFO ] [cn.xuanq.blog.services.impl.ImageServiceImpl] : viewImage format ==> 2023_01_19
[2023/02/25-21:47:41] [http-nio-2022-exec-9] [INFO ] [cn.xuanq.blog.services.impl.ImageServiceImpl] : get image target path ==> D:\IDEA\workspace\images\2023_01_19\png\1065630535230947328.png
[2023/02/25-21:47:47] [http-nio-2022-exec-6] [INFO ] [cn.xuanq.blog.services.impl.ImageServiceImpl] : viewImage format ==> 2023_01_19
[2023/02/25-21:47:47] [http-nio-2022-exec-6] [INFO ] [cn.xuanq.blog.services.impl.ImageServiceImpl] : get image target path ==> D:\IDEA\workspace\images\2023_01_19\png\1065630535230947328.png
[2023/02/25-21:48:35] [http-nio-2022-exec-4] [INFO ] [cn.xuanq.blog.services.impl.ArticleServiceImpl] : article list first page from redis
[2023/02/25-21:48:57] [http-nio-2022-exec-2] [INFO ] [cn.xuanq.blog.services.impl.ImageServiceImpl] : viewImage format ==> 2023_01_19
[2023/02/25-21:48:57] [http-nio-2022-exec-2] [INFO ] [cn.xuanq.blog.services.impl.ImageServiceImpl] : get image target path ==> D:\IDEA\workspace\images\2023_01_19\png\1065630535230947328.png
[2023/02/25-21:49:03] [http-nio-2022-exec-5] [INFO ] [cn.xuanq.blog.services.impl.ImageServiceImpl] : viewImage format ==> 2023_01_19
[2023/02/25-21:49:03] [http-nio-2022-exec-5] [INFO ] [cn.xuanq.blog.services.impl.ImageServiceImpl] : get image target path ==> D:\IDEA\workspace\images\2023_01_19\png\1065630535230947328.png
[2023/02/25-21:50:27] [http-nio-2022-exec-6] [INFO ] [cn.xuanq.blog.services.impl.ArticleServiceImpl] : article list first page from redis
[2023/02/25-21:50:34] [http-nio-2022-exec-1] [INFO ] [cn.xuanq.blog.services.impl.ArticleServiceImpl] : article list first page from redis
[2023/02/25-21:50:40] [http-nio-2022-exec-4] [INFO ] [cn.xuanq.blog.services.impl.ArticleServiceImpl] : article list first page from redis
[2023/02/25-21:50:41] [http-nio-2022-exec-6] [INFO ] [cn.xuanq.blog.services.impl.ImageServiceImpl] : viewImage format ==> 2023_01_19
[2023/02/25-21:50:41] [http-nio-2022-exec-6] [INFO ] [cn.xuanq.blog.services.impl.ImageServiceImpl] : get image target path ==> D:\IDEA\workspace\images\2023_01_19\png\1065630535230947328.png
[2023/02/25-21:51:24] [http-nio-2022-exec-9] [INFO ] [cn.xuanq.blog.services.impl.ArticleServiceImpl] : article list first page from redis
[2023/02/25-21:51:35] [http-nio-2022-exec-8] [INFO ] [cn.xuanq.blog.services.impl.ImageServiceImpl] : viewImage format ==> 2023_01_19
[2023/02/25-21:51:35] [http-nio-2022-exec-8] [INFO ] [cn.xuanq.blog.services.impl.ImageServiceImpl] : get image target path ==> D:\IDEA\workspace\images\2023_01_19\png\1065630535230947328.png
[2023/02/25-21:52:35] [http-nio-2022-exec-4] [INFO ] [cn.xuanq.blog.services.impl.ArticleServiceImpl] : article list first page from redis
[2023/02/25-21:52:41] [http-nio-2022-exec-7] [INFO ] [cn.xuanq.blog.services.impl.ArticleServiceImpl] : article list first page from redis
[2023/02/25-21:52:52] [http-nio-2022-exec-6] [INFO ] [cn.xuanq.blog.services.impl.ArticleServiceImpl] : article list first page from redis
[2023/02/25-21:53:06] [http-nio-2022-exec-1] [INFO ] [cn.xuanq.blog.services.impl.ArticleServiceImpl] : article list first page from redis
[2023/02/25-21:53:12] [http-nio-2022-exec-6] [INFO ] [cn.xuanq.blog.services.impl.ArticleServiceImpl] : article list first page from redis
[2023/02/25-21:53:22] [http-nio-2022-exec-8] [INFO ] [cn.xuanq.blog.services.impl.ArticleServiceImpl] : article list first page from redis
[2023/02/25-21:55:09] [http-nio-2022-exec-7] [INFO ] [cn.xuanq.blog.services.impl.ArticleServiceImpl] : article list first page from redis
[2023/02/25-21:55:14] [http-nio-2022-exec-5] [INFO ] [cn.xuanq.blog.services.impl.ArticleServiceImpl] : article list first page from redis
[2023/02/25-21:55:15] [http-nio-2022-exec-8] [INFO ] [cn.xuanq.blog.services.impl.ImageServiceImpl] : viewImage format ==> 2023_01_19
[2023/02/25-21:55:15] [http-nio-2022-exec-8] [INFO ] [cn.xuanq.blog.services.impl.ImageServiceImpl] : get image target path ==> D:\IDEA\workspace\images\2023_01_19\png\1065630535230947328.png
[2023/02/25-21:55:16] [http-nio-2022-exec-1] [INFO ] [cn.xuanq.blog.services.impl.ArticleServiceImpl] : article list first page from redis
[2023/02/25-21:56:40] [http-nio-2022-exec-4] [INFO ] [cn.xuanq.blog.services.impl.ArticleServiceImpl] : article list first page from redis
[2023/02/25-21:56:42] [http-nio-2022-exec-7] [INFO ] [cn.xuanq.blog.services.impl.ImageServiceImpl] : viewImage format ==> 2023_01_19
[2023/02/25-21:56:42] [http-nio-2022-exec-7] [INFO ] [cn.xuanq.blog.services.impl.ImageServiceImpl] : get image target path ==> D:\IDEA\workspace\images\2023_01_19\png\1065630535230947328.png
[2023/02/25-21:56:43] [http-nio-2022-exec-2] [INFO ] [cn.xuanq.blog.services.impl.ArticleServiceImpl] : article list first page from redis
[2023/02/25-21:57:09] [http-nio-2022-exec-4] [INFO ] [cn.xuanq.blog.services.impl.ArticleServiceImpl] : article list first page from redis
[2023/02/25-21:57:19] [http-nio-2022-exec-7] [INFO ] [cn.xuanq.blog.services.impl.ImageServiceImpl] : viewImage format ==> 2023_01_19
[2023/02/25-21:57:19] [http-nio-2022-exec-7] [INFO ] [cn.xuanq.blog.services.impl.ImageServiceImpl] : get image target path ==> D:\IDEA\workspace\images\2023_01_19\png\1065630535230947328.png
[2023/02/25-21:58:03] [http-nio-2022-exec-10] [INFO ] [cn.xuanq.blog.utils.CookieUtils] : cookie is null...
[2023/02/25-21:58:04] [http-nio-2022-exec-2] [INFO ] [cn.xuanq.blog.services.impl.UserServiceImpl] : content ==> 0
[2023/02/25-21:58:24] [http-nio-2022-exec-4] [INFO ] [cn.xuanq.blog.services.impl.UserServiceImpl] :   1
[2023/02/25-21:58:27] [http-nio-2022-exec-8] [INFO ] [cn.xuanq.blog.services.impl.ArticleServiceImpl] : article list first page from redis
[2023/02/25-21:58:50] [http-nio-2022-exec-2] [INFO ] [cn.xuanq.blog.services.impl.ArticleServiceImpl] : article list first page from redis
[2023/02/25-21:58:56] [http-nio-2022-exec-9] [INFO ] [cn.xuanq.blog.services.impl.ArticleServiceImpl] : article list first page from redis
[2023/02/25-21:59:04] [http-nio-2022-exec-5] [INFO ] [cn.xuanq.blog.services.impl.ArticleServiceImpl] : article list first page from redis
[2023/02/25-21:59:08] [http-nio-2022-exec-7] [INFO ] [cn.xuanq.blog.services.impl.ArticleServiceImpl] : article list first page from redis
[2023/02/25-21:59:35] [http-nio-2022-exec-10] [INFO ] [cn.xuanq.blog.services.impl.ArticleServiceImpl] : article list first page from redis
[2023/02/25-21:59:35] [http-nio-2022-exec-2] [INFO ] [cn.xuanq.blog.services.impl.ArticleServiceImpl] : article list first page from redis
[2023/02/25-21:59:36] [http-nio-2022-exec-1] [INFO ] [cn.xuanq.blog.services.impl.ArticleServiceImpl] : article list first page from redis
[2023/02/25-21:59:36] [http-nio-2022-exec-4] [INFO ] [cn.xuanq.blog.services.impl.ArticleServiceImpl] : article list first page from redis
[2023/02/25-21:59:36] [http-nio-2022-exec-9] [INFO ] [cn.xuanq.blog.services.impl.ArticleServiceImpl] : article list first page from redis
[2023/02/25-21:59:36] [http-nio-2022-exec-3] [INFO ] [cn.xuanq.blog.services.impl.ArticleServiceImpl] : article list first page from redis
[2023/02/25-21:59:36] [http-nio-2022-exec-8] [INFO ] [cn.xuanq.blog.services.impl.ArticleServiceImpl] : article list first page from redis
[2023/02/25-21:59:37] [http-nio-2022-exec-5] [INFO ] [cn.xuanq.blog.services.impl.ArticleServiceImpl] : article list first page from redis
[2023/02/25-21:59:37] [http-nio-2022-exec-6] [INFO ] [cn.xuanq.blog.services.impl.ArticleServiceImpl] : article list first page from redis
[2023/02/25-21:59:51] [http-nio-2022-exec-9] [INFO ] [cn.xuanq.blog.services.impl.ArticleServiceImpl] : article list first page from redis
[2023/02/25-22:00:05] [http-nio-2022-exec-2] [INFO ] [cn.xuanq.blog.services.impl.ArticleServiceImpl] : article list first page from redis
[2023/02/25-22:05:13] [http-nio-2022-exec-4] [INFO ] [cn.xuanq.blog.services.impl.ArticleServiceImpl] : article list first page from redis
[2023/02/25-22:05:53] [http-nio-2022-exec-4] [INFO ] [cn.xuanq.blog.services.impl.ArticleServiceImpl] : article list first page from redis
[2023/02/25-22:05:55] [http-nio-2022-exec-8] [INFO ] [cn.xuanq.blog.services.impl.ImageServiceImpl] : viewImage format ==> 2023_01_19
[2023/02/25-22:05:55] [http-nio-2022-exec-8] [INFO ] [cn.xuanq.blog.services.impl.ImageServiceImpl] : get image target path ==> D:\IDEA\workspace\images\2023_01_19\png\1065630535230947328.png
[2023/02/25-22:05:59] [http-nio-2022-exec-10] [INFO ] [cn.xuanq.blog.services.impl.ArticleServiceImpl] : article list first page from redis
[2023/02/25-22:06:05] [http-nio-2022-exec-8] [INFO ] [cn.xuanq.blog.services.impl.ArticleServiceImpl] : article list first page from redis
[2023/02/25-22:06:10] [http-nio-2022-exec-3] [INFO ] [cn.xuanq.blog.services.impl.ImageServiceImpl] : viewImage format ==> 2023_01_19
[2023/02/25-22:06:10] [http-nio-2022-exec-3] [INFO ] [cn.xuanq.blog.services.impl.ImageServiceImpl] : get image target path ==> D:\IDEA\workspace\images\2023_01_19\png\1065630535230947328.png
[2023/02/25-22:07:06] [http-nio-2022-exec-5] [INFO ] [cn.xuanq.blog.services.impl.ArticleServiceImpl] : article list first page from redis
[2023/02/25-22:07:08] [http-nio-2022-exec-3] [INFO ] [cn.xuanq.blog.services.impl.ImageServiceImpl] : viewImage format ==> 2023_01_19
[2023/02/25-22:07:08] [http-nio-2022-exec-3] [INFO ] [cn.xuanq.blog.services.impl.ImageServiceImpl] : get image target path ==> D:\IDEA\workspace\images\2023_01_19\png\1065630535230947328.png
[2023/02/25-22:09:25] [http-nio-2022-exec-1] [INFO ] [cn.xuanq.blog.services.impl.ImageServiceImpl] : viewImage format ==> 2023_01_19
[2023/02/25-22:09:25] [http-nio-2022-exec-1] [INFO ] [cn.xuanq.blog.services.impl.ImageServiceImpl] : get image target path ==> D:\IDEA\workspace\images\2023_01_19\png\1065630535230947328.png
[2023/02/25-22:09:38] [http-nio-2022-exec-10] [INFO ] [cn.xuanq.blog.services.impl.ArticleServiceImpl] : article list first page from redis
[2023/02/25-22:09:41] [http-nio-2022-exec-4] [INFO ] [cn.xuanq.blog.services.impl.ArticleServiceImpl] : article list first page from redis
[2023/02/25-22:18:42] [http-nio-2022-exec-5] [INFO ] [cn.xuanq.blog.services.impl.ArticleServiceImpl] : article list first page from redis
[2023/02/25-22:18:51] [http-nio-2022-exec-7] [INFO ] [cn.xuanq.blog.services.impl.ArticleServiceImpl] : article list first page from redis
[2023/02/25-22:20:33] [http-nio-2022-exec-4] [INFO ] [cn.xuanq.blog.services.impl.ArticleServiceImpl] : article list first page from redis
[2023/02/25-22:20:37] [http-nio-2022-exec-1] [INFO ] [cn.xuanq.blog.services.impl.ImageServiceImpl] : viewImage format ==> 2023_01_19
[2023/02/25-22:20:37] [http-nio-2022-exec-1] [INFO ] [cn.xuanq.blog.services.impl.ImageServiceImpl] : get image target path ==> D:\IDEA\workspace\images\2023_01_19\png\1065630535230947328.png
[2023/02/25-22:20:51] [http-nio-2022-exec-4] [INFO ] [cn.xuanq.blog.services.impl.ArticleServiceImpl] : article list first page from redis
[2023/02/25-22:20:56] [http-nio-2022-exec-6] [INFO ] [cn.xuanq.blog.services.impl.ArticleServiceImpl] : article list first page from redis
[2023/02/25-22:21:11] [http-nio-2022-exec-4] [INFO ] [cn.xuanq.blog.services.impl.ArticleServiceImpl] : article list first page from redis
[2023/02/25-22:21:15] [http-nio-2022-exec-7] [INFO ] [cn.xuanq.blog.services.impl.ArticleServiceImpl] : article list first page from redis
[2023/02/25-22:21:37] [http-nio-2022-exec-1] [INFO ] [cn.xuanq.blog.services.impl.ArticleServiceImpl] : article list first page from redis
[2023/02/25-22:21:47] [http-nio-2022-exec-1] [INFO ] [cn.xuanq.blog.services.impl.ArticleServiceImpl] : article list first page from redis
[2023/02/25-22:21:54] [http-nio-2022-exec-2] [INFO ] [cn.xuanq.blog.services.impl.ArticleServiceImpl] : article list first page from redis
[2023/02/25-22:23:05] [http-nio-2022-exec-1] [INFO ] [cn.xuanq.blog.services.impl.ArticleServiceImpl] : article list first page from redis
[2023/02/25-22:24:30] [http-nio-2022-exec-2] [INFO ] [cn.xuanq.blog.services.impl.ArticleServiceImpl] : article list first page from redis
[2023/02/25-22:24:45] [http-nio-2022-exec-3] [INFO ] [cn.xuanq.blog.services.impl.ImageServiceImpl] : viewImage format ==> 2023_01_19
[2023/02/25-22:24:45] [http-nio-2022-exec-3] [INFO ] [cn.xuanq.blog.services.impl.ImageServiceImpl] : get image target path ==> D:\IDEA\workspace\images\2023_01_19\png\1065630535230947328.png
[2023/02/25-22:24:45] [http-nio-2022-exec-9] [INFO ] [cn.xuanq.blog.services.impl.ImageServiceImpl] : viewImage format ==> 2023_01_16
[2023/02/25-22:24:45] [http-nio-2022-exec-9] [INFO ] [cn.xuanq.blog.services.impl.ImageServiceImpl] : get image target path ==> D:\IDEA\workspace\images\2023_01_16\png\1064521667641868288.png
[2023/02/25-22:24:45] [http-nio-2022-exec-1] [INFO ] [cn.xuanq.blog.services.impl.ImageServiceImpl] : viewImage format ==> 2023_01_14
[2023/02/25-22:24:45] [http-nio-2022-exec-1] [INFO ] [cn.xuanq.blog.services.impl.ImageServiceImpl] : get image target path ==> D:\IDEA\workspace\images\2023_01_14\jpg\1063876289292664832.jpg
[2023/02/25-22:24:45] [http-nio-2022-exec-5] [INFO ] [cn.xuanq.blog.services.impl.ImageServiceImpl] : viewImage format ==> 2023_01_14
[2023/02/25-22:24:45] [http-nio-2022-exec-5] [INFO ] [cn.xuanq.blog.services.impl.ImageServiceImpl] : get image target path ==> D:\IDEA\workspace\images\2023_01_14\jpg\1063876069632770048.jpg
[2023/02/25-22:24:45] [http-nio-2022-exec-2] [INFO ] [cn.xuanq.blog.services.impl.ImageServiceImpl] : viewImage format ==> 2023_01_14
[2023/02/25-22:24:45] [http-nio-2022-exec-2] [INFO ] [cn.xuanq.blog.services.impl.ImageServiceImpl] : get image target path ==> D:\IDEA\workspace\images\2023_01_14\png\1063875726974910464.png
[2023/02/25-22:24:51] [http-nio-2022-exec-7] [INFO ] [cn.xuanq.blog.services.impl.ImageServiceImpl] : viewImage format ==> 2023_01_19
[2023/02/25-22:24:51] [http-nio-2022-exec-7] [INFO ] [cn.xuanq.blog.services.impl.ImageServiceImpl] : get image target path ==> D:\IDEA\workspace\images\2023_01_19\png\1065630535230947328.png
[2023/02/25-22:24:53] [http-nio-2022-exec-8] [INFO ] [cn.xuanq.blog.services.impl.ArticleServiceImpl] : article list first page from redis
[2023/02/25-22:25:12] [http-nio-2022-exec-7] [INFO ] [cn.xuanq.blog.services.impl.ImageServiceImpl] : viewImage format ==> 2023_01_19
[2023/02/25-22:25:12] [http-nio-2022-exec-7] [INFO ] [cn.xuanq.blog.services.impl.ImageServiceImpl] : get image target path ==> D:\IDEA\workspace\images\2023_01_19\png\1065630535230947328.png
[2023/02/25-22:25:12] [http-nio-2022-exec-4] [INFO ] [cn.xuanq.blog.services.impl.ImageServiceImpl] : viewImage format ==> 2023_01_14
[2023/02/25-22:25:12] [http-nio-2022-exec-4] [INFO ] [cn.xuanq.blog.services.impl.ImageServiceImpl] : get image target path ==> D:\IDEA\workspace\images\2023_01_14\jpg\1063876289292664832.jpg
[2023/02/25-22:25:12] [http-nio-2022-exec-6] [INFO ] [cn.xuanq.blog.services.impl.ImageServiceImpl] : viewImage format ==> 2023_01_16
[2023/02/25-22:25:12] [http-nio-2022-exec-6] [INFO ] [cn.xuanq.blog.services.impl.ImageServiceImpl] : get image target path ==> D:\IDEA\workspace\images\2023_01_16\png\1064521667641868288.png
[2023/02/25-22:25:12] [http-nio-2022-exec-4] [INFO ] [cn.xuanq.blog.services.impl.ImageServiceImpl] : viewImage format ==> 2023_01_14
[2023/02/25-22:25:12] [http-nio-2022-exec-4] [INFO ] [cn.xuanq.blog.services.impl.ImageServiceImpl] : get image target path ==> D:\IDEA\workspace\images\2023_01_14\png\1063875726974910464.png
[2023/02/25-22:25:12] [http-nio-2022-exec-8] [INFO ] [cn.xuanq.blog.services.impl.ImageServiceImpl] : viewImage format ==> 2023_01_14
[2023/02/25-22:25:12] [http-nio-2022-exec-8] [INFO ] [cn.xuanq.blog.services.impl.ImageServiceImpl] : get image target path ==> D:\IDEA\workspace\images\2023_01_14\jpg\1063876069632770048.jpg
[2023/02/25-22:25:17] [http-nio-2022-exec-3] [INFO ] [cn.xuanq.blog.services.impl.ImageServiceImpl] : viewImage format ==> 2023_01_14
[2023/02/25-22:25:17] [http-nio-2022-exec-3] [INFO ] [cn.xuanq.blog.services.impl.ImageServiceImpl] : get image target path ==> D:\IDEA\workspace\images\2023_01_14\png\1063875726974910464.png
[2023/02/25-22:25:22] [http-nio-2022-exec-2] [INFO ] [cn.xuanq.blog.services.impl.ArticleServiceImpl] : article list first page from redis
[2023/02/25-22:25:30] [http-nio-2022-exec-10] [INFO ] [cn.xuanq.blog.services.impl.ArticleServiceImpl] : article list first page from redis
[2023/02/25-22:26:29] [http-nio-2022-exec-5] [INFO ] [cn.xuanq.blog.services.impl.ArticleServiceImpl] : article list first page from redis
[2023/02/25-22:26:30] [http-nio-2022-exec-10] [INFO ] [cn.xuanq.blog.services.impl.ArticleServiceImpl] : article list first page from redis
[2023/02/25-22:26:30] [http-nio-2022-exec-7] [INFO ] [cn.xuanq.blog.services.impl.ArticleServiceImpl] : article list first page from redis
[2023/02/25-22:26:39] [http-nio-2022-exec-5] [INFO ] [cn.xuanq.blog.services.impl.ArticleServiceImpl] : article list first page from redis
[2023/02/25-22:26:43] [http-nio-2022-exec-7] [INFO ] [cn.xuanq.blog.services.impl.ArticleServiceImpl] : article list first page from redis
[2023/02/25-22:26:51] [http-nio-2022-exec-4] [INFO ] [cn.xuanq.blog.services.impl.ArticleServiceImpl] : article list first page from redis
[2023/02/25-22:26:52] [http-nio-2022-exec-3] [INFO ] [cn.xuanq.blog.services.impl.ArticleServiceImpl] : article list first page from redis
[2023/02/25-22:27:17] [http-nio-2022-exec-10] [INFO ] [cn.xuanq.blog.services.impl.ArticleServiceImpl] : article list first page from redis
[2023/02/25-22:27:20] [http-nio-2022-exec-5] [INFO ] [cn.xuanq.blog.services.impl.ArticleServiceImpl] : article list first page from redis
[2023/02/25-22:27:25] [http-nio-2022-exec-8] [INFO ] [cn.xuanq.blog.services.impl.ArticleServiceImpl] : article list first page from redis
[2023/02/25-22:27:28] [http-nio-2022-exec-3] [INFO ] [cn.xuanq.blog.services.impl.ArticleServiceImpl] : article list first page from redis
[2023/02/25-22:27:38] [http-nio-2022-exec-1] [INFO ] [cn.xuanq.blog.services.impl.ArticleServiceImpl] : article list first page from redis
[2023/02/25-22:27:41] [http-nio-2022-exec-8] [INFO ] [cn.xuanq.blog.services.impl.ArticleServiceImpl] : article list first page from redis
[2023/02/25-22:28:09] [http-nio-2022-exec-4] [INFO ] [cn.xuanq.blog.services.impl.ArticleServiceImpl] : article list first page from redis
[2023/02/25-22:28:20] [http-nio-2022-exec-8] [INFO ] [cn.xuanq.blog.services.impl.ArticleServiceImpl] : article list first page from redis
[2023/02/25-22:28:50] [http-nio-2022-exec-8] [INFO ] [cn.xuanq.blog.services.impl.ArticleServiceImpl] : article list first page from redis
[2023/02/25-22:29:30] [http-nio-2022-exec-1] [INFO ] [cn.xuanq.blog.services.impl.ArticleServiceImpl] : article list first page from redis
[2023/02/25-22:29:43] [http-nio-2022-exec-8] [INFO ] [cn.xuanq.blog.services.impl.ArticleServiceImpl] : article list first page from redis
[2023/02/25-22:30:19] [http-nio-2022-exec-2] [INFO ] [cn.xuanq.blog.services.impl.ImageServiceImpl] : viewImage format ==> 2023_01_19
[2023/02/25-22:30:19] [http-nio-2022-exec-2] [INFO ] [cn.xuanq.blog.services.impl.ImageServiceImpl] : get image target path ==> D:\IDEA\workspace\images\2023_01_19\png\1065630535230947328.png
[2023/02/25-22:30:19] [http-nio-2022-exec-4] [INFO ] [cn.xuanq.blog.services.impl.ImageServiceImpl] : viewImage format ==> 2023_01_16
[2023/02/25-22:30:19] [http-nio-2022-exec-4] [INFO ] [cn.xuanq.blog.services.impl.ImageServiceImpl] : get image target path ==> D:\IDEA\workspace\images\2023_01_16\png\1064521667641868288.png
[2023/02/25-22:30:19] [http-nio-2022-exec-7] [INFO ] [cn.xuanq.blog.services.impl.ImageServiceImpl] : viewImage format ==> 2023_01_14
[2023/02/25-22:30:19] [http-nio-2022-exec-7] [INFO ] [cn.xuanq.blog.services.impl.ImageServiceImpl] : get image target path ==> D:\IDEA\workspace\images\2023_01_14\jpg\1063876289292664832.jpg
[2023/02/25-22:30:19] [http-nio-2022-exec-8] [INFO ] [cn.xuanq.blog.services.impl.ImageServiceImpl] : viewImage format ==> 2023_01_14
[2023/02/25-22:30:19] [http-nio-2022-exec-8] [INFO ] [cn.xuanq.blog.services.impl.ImageServiceImpl] : get image target path ==> D:\IDEA\workspace\images\2023_01_14\png\1063875726974910464.png
[2023/02/25-22:30:19] [http-nio-2022-exec-6] [INFO ] [cn.xuanq.blog.services.impl.ImageServiceImpl] : viewImage format ==> 2023_01_14
[2023/02/25-22:30:19] [http-nio-2022-exec-6] [INFO ] [cn.xuanq.blog.services.impl.ImageServiceImpl] : get image target path ==> D:\IDEA\workspace\images\2023_01_14\jpg\1063876069632770048.jpg
[2023/02/25-22:30:30] [http-nio-2022-exec-5] [INFO ] [cn.xuanq.blog.services.impl.ArticleServiceImpl] : article list first page from redis
[2023/02/25-22:35:43] [http-nio-2022-exec-2] [INFO ] [cn.xuanq.blog.services.impl.ArticleServiceImpl] : article list first page from redis
[2023/02/25-22:36:06] [http-nio-2022-exec-5] [INFO ] [cn.xuanq.blog.services.impl.ArticleServiceImpl] : article list first page from redis
[2023/02/25-22:36:14] [http-nio-2022-exec-6] [INFO ] [cn.xuanq.blog.services.impl.ArticleServiceImpl] : article list first page from redis
[2023/02/25-22:36:40] [http-nio-2022-exec-8] [INFO ] [cn.xuanq.blog.services.impl.ArticleServiceImpl] : article list first page from redis
[2023/02/25-22:37:17] [http-nio-2022-exec-1] [INFO ] [cn.xuanq.blog.services.impl.ImageServiceImpl] : viewImage format ==> 2023_01_19
[2023/02/25-22:37:17] [http-nio-2022-exec-1] [INFO ] [cn.xuanq.blog.services.impl.ImageServiceImpl] : get image target path ==> D:\IDEA\workspace\images\2023_01_19\png\1065630535230947328.png
[2023/02/25-22:37:17] [http-nio-2022-exec-7] [INFO ] [cn.xuanq.blog.services.impl.ImageServiceImpl] : viewImage format ==> 2023_01_16
[2023/02/25-22:37:17] [http-nio-2022-exec-7] [INFO ] [cn.xuanq.blog.services.impl.ImageServiceImpl] : get image target path ==> D:\IDEA\workspace\images\2023_01_16\png\1064521667641868288.png
[2023/02/25-22:37:17] [http-nio-2022-exec-10] [INFO ] [cn.xuanq.blog.services.impl.ImageServiceImpl] : viewImage format ==> 2023_01_14
[2023/02/25-22:37:17] [http-nio-2022-exec-10] [INFO ] [cn.xuanq.blog.services.impl.ImageServiceImpl] : get image target path ==> D:\IDEA\workspace\images\2023_01_14\jpg\1063876289292664832.jpg
[2023/02/25-22:37:17] [http-nio-2022-exec-9] [INFO ] [cn.xuanq.blog.services.impl.ImageServiceImpl] : viewImage format ==> 2023_01_14
[2023/02/25-22:37:17] [http-nio-2022-exec-9] [INFO ] [cn.xuanq.blog.services.impl.ImageServiceImpl] : get image target path ==> D:\IDEA\workspace\images\2023_01_14\png\1063875726974910464.png
[2023/02/25-22:37:17] [http-nio-2022-exec-4] [INFO ] [cn.xuanq.blog.services.impl.ImageServiceImpl] : viewImage format ==> 2023_01_14
[2023/02/25-22:37:17] [http-nio-2022-exec-4] [INFO ] [cn.xuanq.blog.services.impl.ImageServiceImpl] : get image target path ==> D:\IDEA\workspace\images\2023_01_14\jpg\1063876069632770048.jpg
[2023/02/25-22:37:21] [http-nio-2022-exec-8] [INFO ] [cn.xuanq.blog.services.impl.ImageServiceImpl] : viewImage format ==> 2023_01_16
[2023/02/25-22:37:21] [http-nio-2022-exec-8] [INFO ] [cn.xuanq.blog.services.impl.ImageServiceImpl] : get image target path ==> D:\IDEA\workspace\images\2023_01_16\png\1064521667641868288.png
[2023/02/25-22:37:23] [http-nio-2022-exec-2] [INFO ] [cn.xuanq.blog.services.impl.ArticleServiceImpl] : article list first page from redis
[2023/02/25-22:41:35] [http-nio-2022-exec-3] [INFO ] [cn.xuanq.blog.services.impl.ArticleServiceImpl] : article list first page from redis
[2023/02/25-22:42:02] [http-nio-2022-exec-6] [INFO ] [cn.xuanq.blog.services.impl.ArticleServiceImpl] : article list first page from redis
[2023/02/25-22:42:17] [http-nio-2022-exec-2] [INFO ] [cn.xuanq.blog.services.impl.ArticleServiceImpl] : article list first page from redis
[2023/02/25-22:42:28] [http-nio-2022-exec-5] [INFO ] [cn.xuanq.blog.services.impl.ArticleServiceImpl] : article list first page from redis
[2023/02/25-22:43:24] [http-nio-2022-exec-7] [INFO ] [cn.xuanq.blog.services.impl.ArticleServiceImpl] : article list first page from redis
[2023/02/25-22:43:29] [http-nio-2022-exec-2] [INFO ] [cn.xuanq.blog.services.impl.ArticleServiceImpl] : article list first page from redis
[2023/02/25-22:43:33] [http-nio-2022-exec-9] [INFO ] [cn.xuanq.blog.services.impl.ImageServiceImpl] : viewImage format ==> 2023_01_19
[2023/02/25-22:43:33] [http-nio-2022-exec-9] [INFO ] [cn.xuanq.blog.services.impl.ImageServiceImpl] : get image target path ==> D:\IDEA\workspace\images\2023_01_19\png\1065630535230947328.png
[2023/02/25-22:43:33] [http-nio-2022-exec-8] [INFO ] [cn.xuanq.blog.services.impl.ImageServiceImpl] : viewImage format ==> 2023_01_16
[2023/02/25-22:43:33] [http-nio-2022-exec-8] [INFO ] [cn.xuanq.blog.services.impl.ImageServiceImpl] : get image target path ==> D:\IDEA\workspace\images\2023_01_16\png\1064521667641868288.png
[2023/02/25-22:43:33] [http-nio-2022-exec-5] [INFO ] [cn.xuanq.blog.services.impl.ImageServiceImpl] : viewImage format ==> 2023_01_14
[2023/02/25-22:43:33] [http-nio-2022-exec-5] [INFO ] [cn.xuanq.blog.services.impl.ImageServiceImpl] : get image target path ==> D:\IDEA\workspace\images\2023_01_14\png\1063875726974910464.png
[2023/02/25-22:43:33] [http-nio-2022-exec-3] [INFO ] [cn.xuanq.blog.services.impl.ImageServiceImpl] : viewImage format ==> 2023_01_14
[2023/02/25-22:43:33] [http-nio-2022-exec-3] [INFO ] [cn.xuanq.blog.services.impl.ImageServiceImpl] : get image target path ==> D:\IDEA\workspace\images\2023_01_14\jpg\1063876069632770048.jpg
[2023/02/25-22:43:33] [http-nio-2022-exec-6] [INFO ] [cn.xuanq.blog.services.impl.ImageServiceImpl] : viewImage format ==> 2023_01_14
[2023/02/25-22:43:33] [http-nio-2022-exec-6] [INFO ] [cn.xuanq.blog.services.impl.ImageServiceImpl] : get image target path ==> D:\IDEA\workspace\images\2023_01_14\jpg\1063876289292664832.jpg
[2023/02/25-22:43:36] [http-nio-2022-exec-2] [INFO ] [cn.xuanq.blog.services.impl.ImageServiceImpl] : viewImage format ==> 2023_01_19
[2023/02/25-22:43:36] [http-nio-2022-exec-2] [INFO ] [cn.xuanq.blog.services.impl.ImageServiceImpl] : get image target path ==> D:\IDEA\workspace\images\2023_01_19\png\1065630535230947328.png
[2023/02/25-22:43:37] [http-nio-2022-exec-10] [INFO ] [cn.xuanq.blog.services.impl.ArticleServiceImpl] : article list first page from redis
[2023/02/25-22:43:39] [http-nio-2022-exec-5] [INFO ] [cn.xuanq.blog.services.impl.ImageServiceImpl] : viewImage format ==> 2023_01_19
[2023/02/25-22:43:39] [http-nio-2022-exec-5] [INFO ] [cn.xuanq.blog.services.impl.ImageServiceImpl] : get image target path ==> D:\IDEA\workspace\images\2023_01_19\png\1065630535230947328.png
[2023/02/25-22:43:44] [http-nio-2022-exec-7] [INFO ] [cn.xuanq.blog.services.impl.ArticleServiceImpl] : article list first page from redis
[2023/02/25-22:47:14] [http-nio-2022-exec-2] [INFO ] [cn.xuanq.blog.services.impl.ArticleServiceImpl] : article list first page from redis
[2023/02/25-22:47:15] [http-nio-2022-exec-1] [INFO ] [cn.xuanq.blog.services.impl.ArticleServiceImpl] : article list first page from redis
[2023/02/25-22:47:15] [http-nio-2022-exec-7] [INFO ] [cn.xuanq.blog.services.impl.ArticleServiceImpl] : article list first page from redis
[2023/02/25-22:47:15] [http-nio-2022-exec-4] [INFO ] [cn.xuanq.blog.services.impl.ArticleServiceImpl] : article list first page from redis
[2023/02/25-22:47:15] [http-nio-2022-exec-10] [INFO ] [cn.xuanq.blog.services.impl.ArticleServiceImpl] : article list first page from redis
[2023/02/25-22:47:17] [http-nio-2022-exec-6] [INFO ] [cn.xuanq.blog.services.impl.ArticleServiceImpl] : article list first page from redis
[2023/02/25-22:47:21] [http-nio-2022-exec-2] [INFO ] [cn.xuanq.blog.services.impl.ImageServiceImpl] : viewImage format ==> 2023_01_19
[2023/02/25-22:47:21] [http-nio-2022-exec-2] [INFO ] [cn.xuanq.blog.services.impl.ImageServiceImpl] : get image target path ==> D:\IDEA\workspace\images\2023_01_19\png\1065630535230947328.png
[2023/02/25-22:47:24] [http-nio-2022-exec-4] [INFO ] [cn.xuanq.blog.services.impl.ArticleServiceImpl] : article list first page from redis
[2023/02/25-22:47:31] [http-nio-2022-exec-8] [INFO ] [cn.xuanq.blog.services.impl.ImageServiceImpl] : viewImage format ==> 2023_01_19
[2023/02/25-22:47:31] [http-nio-2022-exec-8] [INFO ] [cn.xuanq.blog.services.impl.ImageServiceImpl] : get image target path ==> D:\IDEA\workspace\images\2023_01_19\png\1065630535230947328.png
[2023/02/25-22:47:38] [http-nio-2022-exec-7] [INFO ] [cn.xuanq.blog.services.impl.ArticleServiceImpl] : article list first page from redis
[2023/02/25-22:47:42] [http-nio-2022-exec-10] [INFO ] [cn.xuanq.blog.services.impl.ArticleServiceImpl] : article list first page from redis
[2023/02/25-22:47:49] [http-nio-2022-exec-5] [INFO ] [cn.xuanq.blog.services.impl.ArticleServiceImpl] : article list first page from redis
[2023/02/25-22:47:52] [http-nio-2022-exec-9] [INFO ] [cn.xuanq.blog.services.impl.ArticleServiceImpl] : article list first page from redis
[2023/02/25-22:47:52] [http-nio-2022-exec-8] [INFO ] [cn.xuanq.blog.services.impl.ArticleServiceImpl] : article list first page from redis
[2023/02/25-22:47:54] [http-nio-2022-exec-3] [INFO ] [cn.xuanq.blog.services.impl.ArticleServiceImpl] : article list first page from redis
[2023/02/25-22:48:03] [http-nio-2022-exec-4] [INFO ] [cn.xuanq.blog.services.impl.ArticleServiceImpl] : article list first page from redis
[2023/02/25-22:48:04] [http-nio-2022-exec-10] [INFO ] [cn.xuanq.blog.services.impl.ArticleServiceImpl] : article list first page from redis
[2023/02/25-22:48:04] [http-nio-2022-exec-6] [INFO ] [cn.xuanq.blog.services.impl.ArticleServiceImpl] : article list first page from redis
[2023/02/25-22:48:04] [http-nio-2022-exec-5] [INFO ] [cn.xuanq.blog.services.impl.ArticleServiceImpl] : article list first page from redis
[2023/02/25-22:48:04] [http-nio-2022-exec-9] [INFO ] [cn.xuanq.blog.services.impl.ArticleServiceImpl] : article list first page from redis
[2023/02/25-22:48:05] [http-nio-2022-exec-8] [INFO ] [cn.xuanq.blog.services.impl.ArticleServiceImpl] : article list first page from redis
[2023/02/25-22:48:05] [http-nio-2022-exec-3] [INFO ] [cn.xuanq.blog.services.impl.ArticleServiceImpl] : article list first page from redis
[2023/02/25-22:48:05] [http-nio-2022-exec-2] [INFO ] [cn.xuanq.blog.services.impl.ArticleServiceImpl] : article list first page from redis
[2023/02/25-22:48:05] [http-nio-2022-exec-1] [INFO ] [cn.xuanq.blog.services.impl.ArticleServiceImpl] : article list first page from redis
[2023/02/25-22:48:05] [http-nio-2022-exec-7] [INFO ] [cn.xuanq.blog.services.impl.ArticleServiceImpl] : article list first page from redis
[2023/02/25-22:48:05] [http-nio-2022-exec-4] [INFO ] [cn.xuanq.blog.services.impl.ArticleServiceImpl] : article list first page from redis
[2023/02/25-22:48:06] [http-nio-2022-exec-10] [INFO ] [cn.xuanq.blog.services.impl.ArticleServiceImpl] : article list first page from redis
[2023/02/25-22:48:06] [http-nio-2022-exec-6] [INFO ] [cn.xuanq.blog.services.impl.ArticleServiceImpl] : article list first page from redis
[2023/02/25-22:48:06] [http-nio-2022-exec-5] [INFO ] [cn.xuanq.blog.services.impl.ArticleServiceImpl] : article list first page from redis
[2023/02/25-22:48:06] [http-nio-2022-exec-9] [INFO ] [cn.xuanq.blog.services.impl.ArticleServiceImpl] : article list first page from redis
[2023/02/25-22:48:06] [http-nio-2022-exec-8] [INFO ] [cn.xuanq.blog.services.impl.ArticleServiceImpl] : article list first page from redis
[2023/02/25-22:48:07] [http-nio-2022-exec-3] [INFO ] [cn.xuanq.blog.services.impl.ArticleServiceImpl] : article list first page from redis
[2023/02/25-22:48:07] [http-nio-2022-exec-2] [INFO ] [cn.xuanq.blog.services.impl.ArticleServiceImpl] : article list first page from redis
[2023/02/25-22:48:07] [http-nio-2022-exec-1] [INFO ] [cn.xuanq.blog.services.impl.ArticleServiceImpl] : article list first page from redis
[2023/02/25-22:48:29] [http-nio-2022-exec-8] [INFO ] [cn.xuanq.blog.services.impl.ImageServiceImpl] : viewImage format ==> 2023_01_19
[2023/02/25-22:48:29] [http-nio-2022-exec-8] [INFO ] [cn.xuanq.blog.services.impl.ImageServiceImpl] : get image target path ==> D:\IDEA\workspace\images\2023_01_19\png\1065630535230947328.png
[2023/02/25-22:48:35] [http-nio-2022-exec-7] [INFO ] [cn.xuanq.blog.services.impl.ArticleServiceImpl] : article list first page from redis
[2023/02/25-22:50:56] [main] [INFO ] [cn.xuanq.blog.BlogApplication] : Starting BlogApplication on LAPTOP-HQ3J527O with PID 17432 (D:\IDEA\workspace\InisBlogSystem\target\classes started by Li in D:\IDEA\workspace\InisBlogSystem)
[2023/02/25-22:50:56] [main] [INFO ] [cn.xuanq.blog.BlogApplication] : The following profiles are active: dev
[2023/02/25-22:51:10] [main] [INFO ] [cn.xuanq.blog.BlogApplication] : Started BlogApplication in 14.542 seconds (JVM running for 17.39)
[2023/02/25-22:51:10] [main] [INFO ] [cn.xuanq.blog.BlogApplication] : run...
[2023/02/25-22:51:21] [http-nio-2022-exec-3] [INFO ] [cn.xuanq.blog.services.impl.ArticleServiceImpl] : article list first page from redis
[2023/02/25-22:51:27] [http-nio-2022-exec-9] [INFO ] [cn.xuanq.blog.services.impl.ArticleServiceImpl] : article list first page from redis
[2023/02/25-22:51:29] [http-nio-2022-exec-5] [INFO ] [cn.xuanq.blog.services.impl.ArticleServiceImpl] : article list first page from redis
[2023/02/25-22:51:32] [http-nio-2022-exec-7] [INFO ] [cn.xuanq.blog.services.impl.ArticleServiceImpl] : article list first page from redis
[2023/02/25-22:51:34] [http-nio-2022-exec-3] [INFO ] [cn.xuanq.blog.services.impl.ImageServiceImpl] : viewImage format ==> 2023_01_19
[2023/02/25-22:51:34] [http-nio-2022-exec-3] [INFO ] [cn.xuanq.blog.services.impl.ImageServiceImpl] : get image target path ==> D:\IDEA\workspace\images\2023_01_19\png\1065630535230947328.png
[2023/02/25-22:52:20] [http-nio-2022-exec-1] [INFO ] [cn.xuanq.blog.services.impl.ImageServiceImpl] : viewImage format ==> 2023_01_19
[2023/02/25-22:52:20] [http-nio-2022-exec-1] [INFO ] [cn.xuanq.blog.services.impl.ImageServiceImpl] : get image target path ==> D:\IDEA\workspace\images\2023_01_19\png\1065630535230947328.png
[2023/02/25-22:52:30] [http-nio-2022-exec-9] [INFO ] [cn.xuanq.blog.services.impl.ImageServiceImpl] : viewImage format ==> 2023_01_19
[2023/02/25-22:52:30] [http-nio-2022-exec-9] [INFO ] [cn.xuanq.blog.services.impl.ImageServiceImpl] : get image target path ==> D:\IDEA\workspace\images\2023_01_19\png\1065630535230947328.png
[2023/02/25-22:52:39] [http-nio-2022-exec-6] [INFO ] [cn.xuanq.blog.services.impl.ArticleServiceImpl] : article list first page from redis
[2023/02/25-23:00:28] [http-nio-2022-exec-3] [INFO ] [cn.xuanq.blog.services.impl.ImageServiceImpl] : viewImage format ==> 2023_01_19
[2023/02/25-23:00:28] [http-nio-2022-exec-3] [INFO ] [cn.xuanq.blog.services.impl.ImageServiceImpl] : get image target path ==> D:\IDEA\workspace\images\2023_01_19\png\1065630535230947328.png
[2023/02/25-23:00:59] [http-nio-2022-exec-9] [INFO ] [cn.xuanq.blog.services.impl.ImageServiceImpl] : viewImage format ==> 2023_01_19
[2023/02/25-23:00:59] [http-nio-2022-exec-9] [INFO ] [cn.xuanq.blog.services.impl.ImageServiceImpl] : get image target path ==> D:\IDEA\workspace\images\2023_01_19\png\1065630535230947328.png
[2023/02/25-23:01:19] [http-nio-2022-exec-4] [INFO ] [cn.xuanq.blog.services.impl.ArticleServiceImpl] : article list first page from redis
[2023/02/25-23:01:23] [http-nio-2022-exec-1] [INFO ] [cn.xuanq.blog.services.impl.ImageServiceImpl] : viewImage format ==> 2023_01_19
[2023/02/25-23:01:23] [http-nio-2022-exec-1] [INFO ] [cn.xuanq.blog.services.impl.ImageServiceImpl] : get image target path ==> D:\IDEA\workspace\images\2023_01_19\png\1065630535230947328.png
[2023/02/25-23:04:42] [http-nio-2022-exec-4] [INFO ] [cn.xuanq.blog.services.impl.ImageServiceImpl] : viewImage format ==> 2023_01_19
[2023/02/25-23:04:42] [http-nio-2022-exec-4] [INFO ] [cn.xuanq.blog.services.impl.ImageServiceImpl] : get image target path ==> D:\IDEA\workspace\images\2023_01_19\png\1065630535230947328.png
[2023/02/25-23:05:09] [http-nio-2022-exec-3] [INFO ] [cn.xuanq.blog.services.impl.ImageServiceImpl] : viewImage format ==> 2023_01_19
[2023/02/25-23:05:09] [http-nio-2022-exec-3] [INFO ] [cn.xuanq.blog.services.impl.ImageServiceImpl] : get image target path ==> D:\IDEA\workspace\images\2023_01_19\png\1065630535230947328.png
[2023/02/25-23:05:22] [http-nio-2022-exec-9] [INFO ] [cn.xuanq.blog.services.impl.ImageServiceImpl] : viewImage format ==> 2023_01_19
[2023/02/25-23:05:22] [http-nio-2022-exec-9] [INFO ] [cn.xuanq.blog.services.impl.ImageServiceImpl] : get image target path ==> D:\IDEA\workspace\images\2023_01_19\png\1065630535230947328.png
[2023/02/25-23:05:50] [http-nio-2022-exec-10] [INFO ] [cn.xuanq.blog.services.impl.ImageServiceImpl] : viewImage format ==> 2023_01_19
[2023/02/25-23:05:50] [http-nio-2022-exec-10] [INFO ] [cn.xuanq.blog.services.impl.ImageServiceImpl] : get image target path ==> D:\IDEA\workspace\images\2023_01_19\png\1065630535230947328.png
