[2024/03/14-18:58:03] [main] [INFO ] [cn.xuanq.blog.BlogApplication] : Starting BlogApplication on LAPTOP-HQ3J527O with PID 21776 (D:\IDEA\workspace\InisBlogSystem\target\classes started by Li in D:\IDEA\workspace\InisBlogSystem)
[2024/03/14-18:58:03] [main] [INFO ] [cn.xuanq.blog.BlogApplication] : The following profiles are active: dev
[2024/03/14-18:58:10] [main] [INFO ] [cn.xuanq.blog.BlogApplication] : Started BlogApplication in 6.908 seconds (JVM running for 8.301)
[2024/03/14-18:58:10] [main] [INFO ] [cn.xuanq.blog.BlogApplication] : run...
[2024/03/14-18:59:48] [http-nio-2022-exec-2] [INFO ] [cn.xuanq.blog.services.impl.UserServiceImpl] : content ==> nqguu
[2024/03/14-19:00:24] [http-nio-2022-exec-6] [INFO ] [cn.xuanq.blog.services.impl.UserServiceImpl] :   0
[2024/03/14-19:00:41] [http-nio-2022-exec-1] [INFO ] [cn.xuanq.blog.services.impl.ArticleServiceImpl] : article list first page from redis
[2024/03/14-19:01:03] [http-nio-2022-exec-5] [INFO ] [cn.xuanq.blog.services.impl.ArticleServiceImpl] : article list first page from redis
[2024/03/14-19:01:07] [http-nio-2022-exec-2] [INFO ] [cn.xuanq.blog.services.impl.ArticleServiceImpl] : article list first page from redis
[2024/03/14-19:02:06] [http-nio-2022-exec-10] [INFO ] [cn.xuanq.blog.services.impl.ArticleServiceImpl] : article list first page from redis
[2024/03/14-19:02:13] [http-nio-2022-exec-6] [INFO ] [cn.xuanq.blog.services.impl.ImageServiceImpl] : viewImage format ==> 2023_03_06
[2024/03/14-19:02:13] [http-nio-2022-exec-6] [INFO ] [cn.xuanq.blog.services.impl.ImageServiceImpl] : get image target path ==> D:\IDEA\workspace\images\2023_03_06\png\1082396309064777728.png
[2024/03/14-19:04:56] [http-nio-2022-exec-10] [INFO ] [cn.xuanq.blog.services.impl.ArticleServiceImpl] : article list first page from redis
[2024/03/14-19:06:19] [http-nio-2022-exec-4] [INFO ] [cn.xuanq.blog.services.impl.ArticleServiceImpl] : article list first page from redis
[2024/03/14-19:12:17] [http-nio-2022-exec-7] [INFO ] [cn.xuanq.blog.services.impl.ArticleServiceImpl] : article list first page from redis
[2024/03/14-19:15:36] [http-nio-2022-exec-2] [INFO ] [cn.xuanq.blog.services.impl.ImageServiceImpl] : viewImage format ==> 2023_03_06
[2024/03/14-19:15:36] [http-nio-2022-exec-2] [INFO ] [cn.xuanq.blog.services.impl.ImageServiceImpl] : get image target path ==> D:\IDEA\workspace\images\2023_03_06\png\1082396309064777728.png
[2024/03/14-19:16:56] [http-nio-2022-exec-10] [INFO ] [cn.xuanq.blog.services.impl.ImageServiceImpl] : viewImage format ==> 2023_03_06
[2024/03/14-19:16:56] [http-nio-2022-exec-10] [INFO ] [cn.xuanq.blog.services.impl.ImageServiceImpl] : get image target path ==> D:\IDEA\workspace\images\2023_03_06\png\1082396309064777728.png
[2024/03/14-19:17:11] [http-nio-2022-exec-1] [INFO ] [cn.xuanq.blog.services.impl.ImageServiceImpl] : viewImage format ==> 2023_03_06
[2024/03/14-19:17:11] [http-nio-2022-exec-1] [INFO ] [cn.xuanq.blog.services.impl.ImageServiceImpl] : get image target path ==> D:\IDEA\workspace\images\2023_03_06\png\1082396309064777728.png
[2024/03/14-19:17:37] [http-nio-2022-exec-4] [INFO ] [cn.xuanq.blog.services.impl.ImageServiceImpl] : viewImage format ==> 2023_03_06
[2024/03/14-19:17:37] [http-nio-2022-exec-4] [INFO ] [cn.xuanq.blog.services.impl.ImageServiceImpl] : get image target path ==> D:\IDEA\workspace\images\2023_03_06\png\1082396309064777728.png
[2024/03/14-19:20:12] [http-nio-2022-exec-7] [INFO ] [cn.xuanq.blog.services.impl.ImageServiceImpl] : viewImage format ==> 2023_03_06
[2024/03/14-19:20:12] [http-nio-2022-exec-7] [INFO ] [cn.xuanq.blog.services.impl.ImageServiceImpl] : get image target path ==> D:\IDEA\workspace\images\2023_03_06\png\1082396309064777728.png
[2024/03/14-19:20:20] [http-nio-2022-exec-9] [INFO ] [cn.xuanq.blog.services.impl.ImageServiceImpl] : viewImage format ==> 2023_03_06
[2024/03/14-19:20:20] [http-nio-2022-exec-9] [INFO ] [cn.xuanq.blog.services.impl.ImageServiceImpl] : get image target path ==> D:\IDEA\workspace\images\2023_03_06\png\1082396309064777728.png
[2024/03/14-19:22:21] [http-nio-2022-exec-6] [INFO ] [cn.xuanq.blog.services.impl.ImageServiceImpl] : viewImage format ==> 2023_03_06
[2024/03/14-19:22:21] [http-nio-2022-exec-6] [INFO ] [cn.xuanq.blog.services.impl.ImageServiceImpl] : get image target path ==> D:\IDEA\workspace\images\2023_03_06\png\1082396309064777728.png
[2024/03/14-19:22:25] [http-nio-2022-exec-3] [INFO ] [cn.xuanq.blog.services.impl.ImageServiceImpl] : viewImage format ==> 2023_03_06
[2024/03/14-19:22:25] [http-nio-2022-exec-3] [INFO ] [cn.xuanq.blog.services.impl.ImageServiceImpl] : get image target path ==> D:\IDEA\workspace\images\2023_03_06\png\1082396309064777728.png
[2024/03/14-19:23:02] [http-nio-2022-exec-8] [INFO ] [cn.xuanq.blog.services.impl.ImageServiceImpl] : viewImage format ==> 2023_03_06
[2024/03/14-19:23:02] [http-nio-2022-exec-8] [INFO ] [cn.xuanq.blog.services.impl.ImageServiceImpl] : get image target path ==> D:\IDEA\workspace\images\2023_03_06\png\1082396309064777728.png
[2024/03/14-19:24:41] [http-nio-2022-exec-1] [INFO ] [cn.xuanq.blog.services.impl.ImageServiceImpl] : viewImage format ==> 2023_03_06
[2024/03/14-19:24:41] [http-nio-2022-exec-1] [INFO ] [cn.xuanq.blog.services.impl.ImageServiceImpl] : get image target path ==> D:\IDEA\workspace\images\2023_03_06\png\1082396309064777728.png
[2024/03/14-19:24:44] [http-nio-2022-exec-4] [INFO ] [cn.xuanq.blog.services.impl.ImageServiceImpl] : viewImage format ==> 2023_03_06
[2024/03/14-19:24:44] [http-nio-2022-exec-4] [INFO ] [cn.xuanq.blog.services.impl.ImageServiceImpl] : get image target path ==> D:\IDEA\workspace\images\2023_03_06\png\1082396309064777728.png
[2024/03/14-19:25:04] [http-nio-2022-exec-3] [INFO ] [cn.xuanq.blog.services.impl.ImageServiceImpl] : viewImage format ==> 2023_03_06
[2024/03/14-19:25:04] [http-nio-2022-exec-3] [INFO ] [cn.xuanq.blog.services.impl.ImageServiceImpl] : get image target path ==> D:\IDEA\workspace\images\2023_03_06\png\1082396309064777728.png
[2024/03/14-19:25:34] [http-nio-2022-exec-10] [INFO ] [cn.xuanq.blog.services.impl.ImageServiceImpl] : viewImage format ==> 2023_03_06
[2024/03/14-19:25:34] [http-nio-2022-exec-10] [INFO ] [cn.xuanq.blog.services.impl.ImageServiceImpl] : get image target path ==> D:\IDEA\workspace\images\2023_03_06\png\1082396309064777728.png
[2024/03/14-19:26:14] [http-nio-2022-exec-2] [INFO ] [cn.xuanq.blog.services.impl.ImageServiceImpl] : viewImage format ==> 2023_03_06
[2024/03/14-19:26:14] [http-nio-2022-exec-2] [INFO ] [cn.xuanq.blog.services.impl.ImageServiceImpl] : get image target path ==> D:\IDEA\workspace\images\2023_03_06\png\1082396309064777728.png
[2024/03/14-19:26:50] [http-nio-2022-exec-5] [INFO ] [cn.xuanq.blog.services.impl.ImageServiceImpl] : viewImage format ==> 2023_03_06
[2024/03/14-19:26:50] [http-nio-2022-exec-5] [INFO ] [cn.xuanq.blog.services.impl.ImageServiceImpl] : get image target path ==> D:\IDEA\workspace\images\2023_03_06\png\1082396309064777728.png
[2024/03/14-19:27:07] [http-nio-2022-exec-7] [INFO ] [cn.xuanq.blog.services.impl.ImageServiceImpl] : viewImage format ==> 2023_03_06
[2024/03/14-19:27:07] [http-nio-2022-exec-7] [INFO ] [cn.xuanq.blog.services.impl.ImageServiceImpl] : get image target path ==> D:\IDEA\workspace\images\2023_03_06\png\1082396309064777728.png
[2024/03/14-19:27:20] [http-nio-2022-exec-9] [INFO ] [cn.xuanq.blog.services.impl.ArticleServiceImpl] : article list first page from redis
[2024/03/14-19:28:03] [http-nio-2022-exec-6] [INFO ] [cn.xuanq.blog.services.impl.ImageServiceImpl] : viewImage format ==> 2023_03_06
[2024/03/14-19:28:03] [http-nio-2022-exec-6] [INFO ] [cn.xuanq.blog.services.impl.ImageServiceImpl] : get image target path ==> D:\IDEA\workspace\images\2023_03_06\png\1082396309064777728.png
[2024/03/14-19:28:34] [http-nio-2022-exec-5] [INFO ] [cn.xuanq.blog.services.impl.ImageServiceImpl] : viewImage format ==> 2023_03_06
[2024/03/14-19:28:34] [http-nio-2022-exec-5] [INFO ] [cn.xuanq.blog.services.impl.ImageServiceImpl] : get image target path ==> D:\IDEA\workspace\images\2023_03_06\png\1082396309064777728.png
[2024/03/14-19:28:47] [http-nio-2022-exec-8] [INFO ] [cn.xuanq.blog.services.impl.ImageServiceImpl] : viewImage format ==> 2023_03_06
[2024/03/14-19:28:47] [http-nio-2022-exec-8] [INFO ] [cn.xuanq.blog.services.impl.ImageServiceImpl] : get image target path ==> D:\IDEA\workspace\images\2023_03_06\png\1082396309064777728.png
[2024/03/14-19:29:14] [http-nio-2022-exec-10] [INFO ] [cn.xuanq.blog.services.impl.ImageServiceImpl] : viewImage format ==> 2023_03_06
[2024/03/14-19:29:14] [http-nio-2022-exec-10] [INFO ] [cn.xuanq.blog.services.impl.ImageServiceImpl] : get image target path ==> D:\IDEA\workspace\images\2023_03_06\png\1082396309064777728.png
[2024/03/14-19:29:41] [http-nio-2022-exec-2] [INFO ] [cn.xuanq.blog.services.impl.ImageServiceImpl] : viewImage format ==> 2023_03_06
[2024/03/14-19:29:41] [http-nio-2022-exec-2] [INFO ] [cn.xuanq.blog.services.impl.ImageServiceImpl] : get image target path ==> D:\IDEA\workspace\images\2023_03_06\png\1082396309064777728.png
[2024/03/14-19:29:57] [http-nio-2022-exec-4] [INFO ] [cn.xuanq.blog.services.impl.ImageServiceImpl] : viewImage format ==> 2023_03_06
[2024/03/14-19:29:57] [http-nio-2022-exec-4] [INFO ] [cn.xuanq.blog.services.impl.ImageServiceImpl] : get image target path ==> D:\IDEA\workspace\images\2023_03_06\png\1082396309064777728.png
[2024/03/14-19:30:21] [http-nio-2022-exec-3] [INFO ] [cn.xuanq.blog.services.impl.ImageServiceImpl] : viewImage format ==> 2023_03_06
[2024/03/14-19:30:21] [http-nio-2022-exec-3] [INFO ] [cn.xuanq.blog.services.impl.ImageServiceImpl] : get image target path ==> D:\IDEA\workspace\images\2023_03_06\png\1082396309064777728.png
[2024/03/14-19:30:35] [http-nio-2022-exec-9] [INFO ] [cn.xuanq.blog.services.impl.ImageServiceImpl] : viewImage format ==> 2023_03_06
[2024/03/14-19:30:35] [http-nio-2022-exec-9] [INFO ] [cn.xuanq.blog.services.impl.ImageServiceImpl] : get image target path ==> D:\IDEA\workspace\images\2023_03_06\png\1082396309064777728.png
[2024/03/14-19:31:20] [http-nio-2022-exec-1] [INFO ] [cn.xuanq.blog.services.impl.ImageServiceImpl] : viewImage format ==> 2023_03_06
[2024/03/14-19:31:20] [http-nio-2022-exec-1] [INFO ] [cn.xuanq.blog.services.impl.ImageServiceImpl] : get image target path ==> D:\IDEA\workspace\images\2023_03_06\png\1082396309064777728.png
[2024/03/14-19:31:22] [http-nio-2022-exec-4] [INFO ] [cn.xuanq.blog.services.impl.ImageServiceImpl] : viewImage format ==> 2023_03_06
[2024/03/14-19:31:22] [http-nio-2022-exec-4] [INFO ] [cn.xuanq.blog.services.impl.ImageServiceImpl] : get image target path ==> D:\IDEA\workspace\images\2023_03_06\png\1082396309064777728.png
[2024/03/14-19:31:40] [http-nio-2022-exec-3] [INFO ] [cn.xuanq.blog.services.impl.ImageServiceImpl] : viewImage format ==> 2023_03_06
[2024/03/14-19:31:40] [http-nio-2022-exec-3] [INFO ] [cn.xuanq.blog.services.impl.ImageServiceImpl] : get image target path ==> D:\IDEA\workspace\images\2023_03_06\png\1082396309064777728.png
[2024/03/14-19:31:43] [http-nio-2022-exec-9] [INFO ] [cn.xuanq.blog.services.impl.ImageServiceImpl] : viewImage format ==> 2023_03_06
[2024/03/14-19:31:43] [http-nio-2022-exec-9] [INFO ] [cn.xuanq.blog.services.impl.ImageServiceImpl] : get image target path ==> D:\IDEA\workspace\images\2023_03_06\png\1082396309064777728.png
[2024/03/14-19:32:55] [http-nio-2022-exec-2] [INFO ] [cn.xuanq.blog.services.impl.ImageServiceImpl] : viewImage format ==> 2023_03_06
[2024/03/14-19:32:55] [http-nio-2022-exec-2] [INFO ] [cn.xuanq.blog.services.impl.ImageServiceImpl] : get image target path ==> D:\IDEA\workspace\images\2023_03_06\png\1082396309064777728.png
[2024/03/14-19:36:55] [http-nio-2022-exec-5] [INFO ] [cn.xuanq.blog.services.impl.ImageServiceImpl] : viewImage format ==> 2023_03_06
[2024/03/14-19:36:55] [http-nio-2022-exec-5] [INFO ] [cn.xuanq.blog.services.impl.ImageServiceImpl] : get image target path ==> D:\IDEA\workspace\images\2023_03_06\png\1082396309064777728.png
[2024/03/14-19:37:03] [http-nio-2022-exec-7] [INFO ] [cn.xuanq.blog.services.impl.ImageServiceImpl] : viewImage format ==> 2023_03_06
[2024/03/14-19:37:03] [http-nio-2022-exec-7] [INFO ] [cn.xuanq.blog.services.impl.ImageServiceImpl] : get image target path ==> D:\IDEA\workspace\images\2023_03_06\png\1082396309064777728.png
[2024/03/14-19:37:11] [http-nio-2022-exec-9] [INFO ] [cn.xuanq.blog.services.impl.ImageServiceImpl] : viewImage format ==> 2023_03_06
[2024/03/14-19:37:11] [http-nio-2022-exec-9] [INFO ] [cn.xuanq.blog.services.impl.ImageServiceImpl] : get image target path ==> D:\IDEA\workspace\images\2023_03_06\png\1082396309064777728.png
[2024/03/14-19:37:17] [http-nio-2022-exec-1] [INFO ] [cn.xuanq.blog.services.impl.ImageServiceImpl] : viewImage format ==> 2023_03_06
[2024/03/14-19:37:17] [http-nio-2022-exec-1] [INFO ] [cn.xuanq.blog.services.impl.ImageServiceImpl] : get image target path ==> D:\IDEA\workspace\images\2023_03_06\png\1082396309064777728.png
[2024/03/14-19:37:40] [http-nio-2022-exec-6] [INFO ] [cn.xuanq.blog.services.impl.ImageServiceImpl] : viewImage format ==> 2023_03_06
[2024/03/14-19:37:40] [http-nio-2022-exec-6] [INFO ] [cn.xuanq.blog.services.impl.ImageServiceImpl] : get image target path ==> D:\IDEA\workspace\images\2023_03_06\png\1082396309064777728.png
[2024/03/14-19:37:50] [http-nio-2022-exec-5] [INFO ] [cn.xuanq.blog.services.impl.ImageServiceImpl] : viewImage format ==> 2023_03_06
[2024/03/14-19:37:50] [http-nio-2022-exec-5] [INFO ] [cn.xuanq.blog.services.impl.ImageServiceImpl] : get image target path ==> D:\IDEA\workspace\images\2023_03_06\png\1082396309064777728.png
[2024/03/14-19:43:02] [http-nio-2022-exec-8] [INFO ] [cn.xuanq.blog.services.impl.ImageServiceImpl] : viewImage format ==> 2023_03_06
[2024/03/14-19:43:02] [http-nio-2022-exec-8] [INFO ] [cn.xuanq.blog.services.impl.ImageServiceImpl] : get image target path ==> D:\IDEA\workspace\images\2023_03_06\png\1082396309064777728.png
[2024/03/14-19:43:21] [http-nio-2022-exec-1] [INFO ] [cn.xuanq.blog.services.impl.ImageServiceImpl] : viewImage format ==> 2023_03_06
[2024/03/14-19:43:21] [http-nio-2022-exec-1] [INFO ] [cn.xuanq.blog.services.impl.ImageServiceImpl] : get image target path ==> D:\IDEA\workspace\images\2023_03_06\png\1082396309064777728.png
[2024/03/14-19:43:48] [http-nio-2022-exec-6] [INFO ] [cn.xuanq.blog.services.impl.ImageServiceImpl] : viewImage format ==> 2023_03_06
[2024/03/14-19:43:48] [http-nio-2022-exec-6] [INFO ] [cn.xuanq.blog.services.impl.ImageServiceImpl] : get image target path ==> D:\IDEA\workspace\images\2023_03_06\png\1082396309064777728.png
[2024/03/14-19:44:36] [http-nio-2022-exec-5] [INFO ] [cn.xuanq.blog.services.impl.ImageServiceImpl] : viewImage format ==> 2023_03_06
[2024/03/14-19:44:36] [http-nio-2022-exec-5] [INFO ] [cn.xuanq.blog.services.impl.ImageServiceImpl] : get image target path ==> D:\IDEA\workspace\images\2023_03_06\png\1082396309064777728.png
[2024/03/14-19:45:25] [http-nio-2022-exec-1] [INFO ] [cn.xuanq.blog.services.impl.ImageServiceImpl] : viewImage format ==> 2023_03_06
[2024/03/14-19:45:25] [http-nio-2022-exec-1] [INFO ] [cn.xuanq.blog.services.impl.ImageServiceImpl] : get image target path ==> D:\IDEA\workspace\images\2023_03_06\png\1082396309064777728.png
[2024/03/14-19:45:44] [http-nio-2022-exec-4] [INFO ] [cn.xuanq.blog.services.impl.ImageServiceImpl] : viewImage format ==> 2023_03_06
[2024/03/14-19:45:44] [http-nio-2022-exec-4] [INFO ] [cn.xuanq.blog.services.impl.ImageServiceImpl] : get image target path ==> D:\IDEA\workspace\images\2023_03_06\png\1082396309064777728.png
[2024/03/14-19:45:46] [http-nio-2022-exec-3] [INFO ] [cn.xuanq.blog.services.impl.ImageServiceImpl] : viewImage format ==> 2023_03_06
[2024/03/14-19:45:46] [http-nio-2022-exec-3] [INFO ] [cn.xuanq.blog.services.impl.ImageServiceImpl] : get image target path ==> D:\IDEA\workspace\images\2023_03_06\png\1082396309064777728.png
[2024/03/14-19:46:01] [http-nio-2022-exec-8] [INFO ] [cn.xuanq.blog.services.impl.ImageServiceImpl] : viewImage format ==> 2023_03_06
[2024/03/14-19:46:01] [http-nio-2022-exec-8] [INFO ] [cn.xuanq.blog.services.impl.ImageServiceImpl] : get image target path ==> D:\IDEA\workspace\images\2023_03_06\png\1082396309064777728.png
[2024/03/14-19:47:11] [http-nio-2022-exec-1] [INFO ] [cn.xuanq.blog.services.impl.ImageServiceImpl] : viewImage format ==> 2023_03_06
[2024/03/14-19:47:11] [http-nio-2022-exec-1] [INFO ] [cn.xuanq.blog.services.impl.ImageServiceImpl] : get image target path ==> D:\IDEA\workspace\images\2023_03_06\png\1082396309064777728.png
[2024/03/14-19:47:40] [http-nio-2022-exec-6] [INFO ] [cn.xuanq.blog.services.impl.ImageServiceImpl] : viewImage format ==> 2023_03_06
[2024/03/14-19:47:40] [http-nio-2022-exec-6] [INFO ] [cn.xuanq.blog.services.impl.ImageServiceImpl] : get image target path ==> D:\IDEA\workspace\images\2023_03_06\png\1082396309064777728.png
[2024/03/14-19:47:46] [http-nio-2022-exec-5] [INFO ] [cn.xuanq.blog.services.impl.ImageServiceImpl] : viewImage format ==> 2023_03_06
[2024/03/14-19:47:46] [http-nio-2022-exec-5] [INFO ] [cn.xuanq.blog.services.impl.ImageServiceImpl] : get image target path ==> D:\IDEA\workspace\images\2023_03_06\png\1082396309064777728.png
[2024/03/14-19:48:09] [http-nio-2022-exec-7] [INFO ] [cn.xuanq.blog.services.impl.ImageServiceImpl] : viewImage format ==> 2023_03_06
[2024/03/14-19:48:09] [http-nio-2022-exec-7] [INFO ] [cn.xuanq.blog.services.impl.ImageServiceImpl] : get image target path ==> D:\IDEA\workspace\images\2023_03_06\png\1082396309064777728.png
[2024/03/14-19:48:28] [http-nio-2022-exec-9] [INFO ] [cn.xuanq.blog.services.impl.ImageServiceImpl] : viewImage format ==> 2023_03_06
[2024/03/14-19:48:28] [http-nio-2022-exec-9] [INFO ] [cn.xuanq.blog.services.impl.ImageServiceImpl] : get image target path ==> D:\IDEA\workspace\images\2023_03_06\png\1082396309064777728.png
[2024/03/14-19:49:05] [http-nio-2022-exec-2] [INFO ] [cn.xuanq.blog.services.impl.ArticleServiceImpl] : article list first page from redis
[2024/03/14-19:49:32] [http-nio-2022-exec-5] [INFO ] [cn.xuanq.blog.services.impl.ArticleServiceImpl] : article list first page from redis
[2024/03/14-19:49:46] [http-nio-2022-exec-7] [INFO ] [cn.xuanq.blog.services.impl.ArticleServiceImpl] : article list first page from redis
[2024/03/14-19:50:02] [http-nio-2022-exec-9] [INFO ] [cn.xuanq.blog.services.impl.ArticleServiceImpl] : article list first page from redis
[2024/03/14-19:50:20] [http-nio-2022-exec-1] [INFO ] [cn.xuanq.blog.services.impl.ArticleServiceImpl] : article list first page from redis
[2024/03/14-19:50:36] [http-nio-2022-exec-4] [INFO ] [cn.xuanq.blog.services.impl.ArticleServiceImpl] : article list first page from redis
[2024/03/14-19:50:49] [http-nio-2022-exec-7] [INFO ] [cn.xuanq.blog.services.impl.ImageServiceImpl] : viewImage format ==> 2023_03_06
[2024/03/14-19:50:49] [http-nio-2022-exec-7] [INFO ] [cn.xuanq.blog.services.impl.ImageServiceImpl] : get image target path ==> D:\IDEA\workspace\images\2023_03_06\png\1082396309064777728.png
[2024/03/14-19:51:04] [http-nio-2022-exec-10] [INFO ] [cn.xuanq.blog.services.impl.ArticleServiceImpl] : article list first page from redis
[2024/03/14-19:51:13] [http-nio-2022-exec-6] [INFO ] [cn.xuanq.blog.services.impl.ImageServiceImpl] : viewImage format ==> 2023_03_06
[2024/03/14-19:51:13] [http-nio-2022-exec-6] [INFO ] [cn.xuanq.blog.services.impl.ImageServiceImpl] : get image target path ==> D:\IDEA\workspace\images\2023_03_06\png\1082396309064777728.png
[2024/03/14-19:53:30] [http-nio-2022-exec-7] [INFO ] [cn.xuanq.blog.services.impl.ArticleServiceImpl] : article list first page from redis
[2024/03/14-19:53:35] [http-nio-2022-exec-10] [INFO ] [cn.xuanq.blog.services.impl.ArticleServiceImpl] : article list first page from redis
[2024/03/14-19:54:29] [http-nio-2022-exec-2] [INFO ] [cn.xuanq.blog.services.impl.ArticleServiceImpl] : article list first page from redis
[2024/03/14-19:54:33] [http-nio-2022-exec-4] [INFO ] [cn.xuanq.blog.services.impl.ArticleServiceImpl] : article list first page from redis
[2024/03/14-19:54:44] [http-nio-2022-exec-3] [INFO ] [cn.xuanq.blog.services.impl.ArticleServiceImpl] : article list first page from redis
[2024/03/14-19:55:13] [http-nio-2022-exec-9] [INFO ] [cn.xuanq.blog.services.impl.ArticleServiceImpl] : article list first page from redis
[2024/03/14-19:56:04] [http-nio-2022-exec-2] [INFO ] [cn.xuanq.blog.services.impl.ArticleServiceImpl] : article list first page from redis
[2024/03/14-19:56:12] [http-nio-2022-exec-5] [INFO ] [cn.xuanq.blog.services.impl.ArticleServiceImpl] : article list first page from redis
[2024/03/14-19:56:44] [http-nio-2022-exec-2] [INFO ] [cn.xuanq.blog.services.impl.ArticleServiceImpl] : article list first page from redis
[2024/03/14-19:57:00] [http-nio-2022-exec-9] [INFO ] [cn.xuanq.blog.services.impl.ArticleServiceImpl] : article list first page from redis
[2024/03/14-19:57:19] [http-nio-2022-exec-1] [INFO ] [cn.xuanq.blog.services.impl.ArticleServiceImpl] : article list first page from redis
[2024/03/14-19:57:25] [http-nio-2022-exec-6] [INFO ] [cn.xuanq.blog.services.impl.ArticleServiceImpl] : article list first page from redis
[2024/03/14-19:57:31] [http-nio-2022-exec-3] [INFO ] [cn.xuanq.blog.services.impl.ArticleServiceImpl] : article list first page from redis
[2024/03/14-19:57:42] [http-nio-2022-exec-7] [INFO ] [cn.xuanq.blog.services.impl.ArticleServiceImpl] : article list first page from redis
[2024/03/14-19:58:03] [http-nio-2022-exec-10] [INFO ] [cn.xuanq.blog.services.impl.ArticleServiceImpl] : article list first page from redis
[2024/03/14-19:58:07] [http-nio-2022-exec-2] [INFO ] [cn.xuanq.blog.services.impl.ArticleServiceImpl] : article list first page from redis
[2024/03/14-19:58:28] [http-nio-2022-exec-3] [INFO ] [cn.xuanq.blog.services.impl.ArticleServiceImpl] : article list first page from redis
[2024/03/14-19:58:35] [http-nio-2022-exec-7] [INFO ] [cn.xuanq.blog.services.impl.ArticleServiceImpl] : article list first page from redis
[2024/03/14-19:59:07] [http-nio-2022-exec-4] [INFO ] [cn.xuanq.blog.services.impl.ImageServiceImpl] : viewImage format ==> 2023_01_14
[2024/03/14-19:59:07] [http-nio-2022-exec-2] [INFO ] [cn.xuanq.blog.services.impl.ImageServiceImpl] : viewImage format ==> 2023_01_19
[2024/03/14-19:59:07] [http-nio-2022-exec-3] [INFO ] [cn.xuanq.blog.services.impl.ImageServiceImpl] : viewImage format ==> 2023_01_14
[2024/03/14-19:59:07] [http-nio-2022-exec-6] [INFO ] [cn.xuanq.blog.services.impl.ImageServiceImpl] : viewImage format ==> 2023_12_27
[2024/03/14-19:59:07] [http-nio-2022-exec-4] [INFO ] [cn.xuanq.blog.services.impl.ImageServiceImpl] : get image target path ==> D:\IDEA\workspace\images\2023_01_14\jpg\1063876069632770048.jpg
[2024/03/14-19:59:07] [http-nio-2022-exec-2] [INFO ] [cn.xuanq.blog.services.impl.ImageServiceImpl] : get image target path ==> D:\IDEA\workspace\images\2023_01_19\png\1065630535230947328.png
[2024/03/14-19:59:07] [http-nio-2022-exec-5] [INFO ] [cn.xuanq.blog.services.impl.ImageServiceImpl] : viewImage format ==> 2023_01_16
[2024/03/14-19:59:07] [http-nio-2022-exec-3] [INFO ] [cn.xuanq.blog.services.impl.ImageServiceImpl] : get image target path ==> D:\IDEA\workspace\images\2023_01_14\jpg\1063876289292664832.jpg
[2024/03/14-19:59:07] [http-nio-2022-exec-6] [INFO ] [cn.xuanq.blog.services.impl.ImageServiceImpl] : get image target path ==> D:\IDEA\workspace\images\2023_12_27\png\1189510907105902592.png
[2024/03/14-19:59:07] [http-nio-2022-exec-5] [INFO ] [cn.xuanq.blog.services.impl.ImageServiceImpl] : get image target path ==> D:\IDEA\workspace\images\2023_01_16\png\1064521667641868288.png
[2024/03/14-19:59:28] [http-nio-2022-exec-8] [INFO ] [cn.xuanq.blog.services.impl.ArticleServiceImpl] : article list first page from redis
[2024/03/14-19:59:52] [http-nio-2022-exec-8] [INFO ] [cn.xuanq.blog.services.impl.ArticleServiceImpl] : article list first page from redis
[2024/03/14-20:00:08] [http-nio-2022-exec-7] [INFO ] [cn.xuanq.blog.services.impl.ArticleServiceImpl] : article list first page from redis
[2024/03/14-20:00:45] [http-nio-2022-exec-7] [INFO ] [cn.xuanq.blog.services.impl.ArticleServiceImpl] : article list first page from redis
[2024/03/14-20:01:11] [http-nio-2022-exec-10] [INFO ] [cn.xuanq.blog.services.impl.ImageServiceImpl] : viewImage format ==> 2023_03_06
[2024/03/14-20:01:11] [http-nio-2022-exec-10] [INFO ] [cn.xuanq.blog.services.impl.ImageServiceImpl] : get image target path ==> D:\IDEA\workspace\images\2023_03_06\png\1082396309064777728.png
[2024/03/14-20:01:26] [http-nio-2022-exec-3] [INFO ] [cn.xuanq.blog.services.impl.ArticleServiceImpl] : article list first page from redis
[2024/03/14-20:01:56] [http-nio-2022-exec-2] [INFO ] [cn.xuanq.blog.services.impl.ArticleServiceImpl] : article list first page from redis
[2024/03/14-20:01:59] [http-nio-2022-exec-9] [INFO ] [cn.xuanq.blog.services.impl.ImageServiceImpl] : viewImage format ==> 2023_03_06
[2024/03/14-20:01:59] [http-nio-2022-exec-9] [INFO ] [cn.xuanq.blog.services.impl.ImageServiceImpl] : get image target path ==> D:\IDEA\workspace\images\2023_03_06\png\1082396309064777728.png
[2024/03/14-20:04:28] [http-nio-2022-exec-3] [INFO ] [cn.xuanq.blog.services.impl.ArticleServiceImpl] : article list first page from redis
[2024/03/14-20:04:29] [http-nio-2022-exec-2] [INFO ] [cn.xuanq.blog.services.impl.ImageServiceImpl] : viewImage format ==> 2023_03_06
[2024/03/14-20:04:29] [http-nio-2022-exec-2] [INFO ] [cn.xuanq.blog.services.impl.ImageServiceImpl] : get image target path ==> D:\IDEA\workspace\images\2023_03_06\png\1082396309064777728.png
[2024/03/14-20:04:41] [http-nio-2022-exec-9] [INFO ] [cn.xuanq.blog.services.impl.ArticleServiceImpl] : article list first page from redis
[2024/03/14-20:04:43] [http-nio-2022-exec-1] [INFO ] [cn.xuanq.blog.services.impl.ImageServiceImpl] : viewImage format ==> 2023_03_06
[2024/03/14-20:04:43] [http-nio-2022-exec-1] [INFO ] [cn.xuanq.blog.services.impl.ImageServiceImpl] : get image target path ==> D:\IDEA\workspace\images\2023_03_06\png\1082396309064777728.png
[2024/03/14-20:04:45] [http-nio-2022-exec-4] [INFO ] [cn.xuanq.blog.services.impl.ImageServiceImpl] : viewImage format ==> 2023_03_06
[2024/03/14-20:04:45] [http-nio-2022-exec-4] [INFO ] [cn.xuanq.blog.services.impl.ImageServiceImpl] : get image target path ==> D:\IDEA\workspace\images\2023_03_06\png\1082396309064777728.png
[2024/03/14-20:05:00] [http-nio-2022-exec-8] [INFO ] [cn.xuanq.blog.services.impl.ImageServiceImpl] : viewImage format ==> 2023_03_06
[2024/03/14-20:05:00] [http-nio-2022-exec-8] [INFO ] [cn.xuanq.blog.services.impl.ImageServiceImpl] : get image target path ==> D:\IDEA\workspace\images\2023_03_06\png\1082396309064777728.png
[2024/03/14-20:05:04] [http-nio-2022-exec-3] [INFO ] [cn.xuanq.blog.services.impl.ArticleServiceImpl] : article list first page from redis
[2024/03/14-20:05:09] [http-nio-2022-exec-2] [INFO ] [cn.xuanq.blog.services.impl.ImageServiceImpl] : viewImage format ==> 2023_03_06
[2024/03/14-20:05:09] [http-nio-2022-exec-2] [INFO ] [cn.xuanq.blog.services.impl.ImageServiceImpl] : get image target path ==> D:\IDEA\workspace\images\2023_03_06\png\1082396309064777728.png
[2024/03/14-20:05:53] [http-nio-2022-exec-10] [INFO ] [cn.xuanq.blog.services.impl.ImageServiceImpl] : viewImage format ==> 2023_03_06
[2024/03/14-20:05:53] [http-nio-2022-exec-10] [INFO ] [cn.xuanq.blog.services.impl.ImageServiceImpl] : get image target path ==> D:\IDEA\workspace\images\2023_03_06\png\1082396309064777728.png
[2024/03/14-20:13:11] [http-nio-2022-exec-6] [INFO ] [cn.xuanq.blog.services.impl.ImageServiceImpl] : viewImage format ==> 2023_03_06
[2024/03/14-20:13:11] [http-nio-2022-exec-6] [INFO ] [cn.xuanq.blog.services.impl.ImageServiceImpl] : get image target path ==> D:\IDEA\workspace\images\2023_03_06\png\1082396309064777728.png
[2024/03/14-20:13:33] [http-nio-2022-exec-5] [INFO ] [cn.xuanq.blog.services.impl.ImageServiceImpl] : viewImage format ==> 2023_03_06
[2024/03/14-20:13:33] [http-nio-2022-exec-5] [INFO ] [cn.xuanq.blog.services.impl.ImageServiceImpl] : get image target path ==> D:\IDEA\workspace\images\2023_03_06\png\1082396309064777728.png
[2024/03/14-20:14:39] [http-nio-2022-exec-8] [INFO ] [cn.xuanq.blog.services.impl.ImageServiceImpl] : viewImage format ==> 2023_03_06
[2024/03/14-20:14:39] [http-nio-2022-exec-8] [INFO ] [cn.xuanq.blog.services.impl.ImageServiceImpl] : get image target path ==> D:\IDEA\workspace\images\2023_03_06\png\1082396309064777728.png
[2024/03/14-20:14:43] [http-nio-2022-exec-3] [INFO ] [cn.xuanq.blog.services.impl.ImageServiceImpl] : viewImage format ==> 2023_03_06
[2024/03/14-20:14:43] [http-nio-2022-exec-3] [INFO ] [cn.xuanq.blog.services.impl.ImageServiceImpl] : get image target path ==> D:\IDEA\workspace\images\2023_03_06\png\1082396309064777728.png
[2024/03/14-20:16:46] [http-nio-2022-exec-2] [INFO ] [cn.xuanq.blog.services.impl.ImageServiceImpl] : viewImage format ==> 2023_03_06
[2024/03/14-20:16:46] [http-nio-2022-exec-2] [INFO ] [cn.xuanq.blog.services.impl.ImageServiceImpl] : get image target path ==> D:\IDEA\workspace\images\2023_03_06\png\1082396309064777728.png
[2024/03/14-20:17:08] [http-nio-2022-exec-9] [INFO ] [cn.xuanq.blog.services.impl.ImageServiceImpl] : viewImage format ==> 2023_03_06
[2024/03/14-20:17:08] [http-nio-2022-exec-9] [INFO ] [cn.xuanq.blog.services.impl.ImageServiceImpl] : get image target path ==> D:\IDEA\workspace\images\2023_03_06\png\1082396309064777728.png
[2024/03/14-20:17:32] [http-nio-2022-exec-3] [INFO ] [cn.xuanq.blog.services.impl.ImageServiceImpl] : viewImage format ==> 2023_03_06
[2024/03/14-20:17:32] [http-nio-2022-exec-3] [INFO ] [cn.xuanq.blog.services.impl.ImageServiceImpl] : get image target path ==> D:\IDEA\workspace\images\2023_03_06\png\1082396309064777728.png
[2024/03/14-20:23:32] [http-nio-2022-exec-2] [INFO ] [cn.xuanq.blog.services.impl.ImageServiceImpl] : viewImage format ==> 2023_03_06
[2024/03/14-20:23:32] [http-nio-2022-exec-2] [INFO ] [cn.xuanq.blog.services.impl.ImageServiceImpl] : get image target path ==> D:\IDEA\workspace\images\2023_03_06\png\1082396309064777728.png
[2024/03/14-20:23:36] [http-nio-2022-exec-7] [INFO ] [cn.xuanq.blog.services.impl.ImageServiceImpl] : viewImage format ==> 2023_03_06
[2024/03/14-20:23:36] [http-nio-2022-exec-7] [INFO ] [cn.xuanq.blog.services.impl.ImageServiceImpl] : get image target path ==> D:\IDEA\workspace\images\2023_03_06\png\1082396309064777728.png
[2024/03/14-20:23:42] [http-nio-2022-exec-1] [INFO ] [cn.xuanq.blog.services.impl.ImageServiceImpl] : viewImage format ==> 2023_03_06
[2024/03/14-20:23:42] [http-nio-2022-exec-1] [INFO ] [cn.xuanq.blog.services.impl.ImageServiceImpl] : get image target path ==> D:\IDEA\workspace\images\2023_03_06\png\1082396309064777728.png
[2024/03/14-20:24:28] [http-nio-2022-exec-6] [INFO ] [cn.xuanq.blog.services.impl.ImageServiceImpl] : viewImage format ==> 2023_03_06
[2024/03/14-20:24:28] [http-nio-2022-exec-6] [INFO ] [cn.xuanq.blog.services.impl.ImageServiceImpl] : get image target path ==> D:\IDEA\workspace\images\2023_03_06\png\1082396309064777728.png
[2024/03/14-20:24:47] [http-nio-2022-exec-2] [INFO ] [cn.xuanq.blog.services.impl.ImageServiceImpl] : viewImage format ==> 2023_03_06
[2024/03/14-20:24:47] [http-nio-2022-exec-2] [INFO ] [cn.xuanq.blog.services.impl.ImageServiceImpl] : get image target path ==> D:\IDEA\workspace\images\2023_03_06\png\1082396309064777728.png
[2024/03/14-20:24:53] [http-nio-2022-exec-9] [INFO ] [cn.xuanq.blog.services.impl.ImageServiceImpl] : viewImage format ==> 2023_03_06
[2024/03/14-20:24:53] [http-nio-2022-exec-9] [INFO ] [cn.xuanq.blog.services.impl.ImageServiceImpl] : get image target path ==> D:\IDEA\workspace\images\2023_03_06\png\1082396309064777728.png
[2024/03/14-20:26:15] [http-nio-2022-exec-10] [INFO ] [cn.xuanq.blog.services.impl.ImageServiceImpl] : viewImage format ==> 2023_03_06
[2024/03/14-20:26:15] [http-nio-2022-exec-10] [INFO ] [cn.xuanq.blog.services.impl.ImageServiceImpl] : get image target path ==> D:\IDEA\workspace\images\2023_03_06\png\1082396309064777728.png
[2024/03/14-20:26:16] [http-nio-2022-exec-6] [INFO ] [cn.xuanq.blog.services.impl.ImageServiceImpl] : viewImage format ==> 2023_03_06
[2024/03/14-20:26:16] [http-nio-2022-exec-6] [INFO ] [cn.xuanq.blog.services.impl.ImageServiceImpl] : get image target path ==> D:\IDEA\workspace\images\2023_03_06\png\1082396309064777728.png
[2024/03/14-20:28:24] [http-nio-2022-exec-5] [INFO ] [cn.xuanq.blog.services.impl.ImageServiceImpl] : viewImage format ==> 2023_03_06
[2024/03/14-20:28:24] [http-nio-2022-exec-5] [INFO ] [cn.xuanq.blog.services.impl.ImageServiceImpl] : get image target path ==> D:\IDEA\workspace\images\2023_03_06\png\1082396309064777728.png
[2024/03/14-20:28:42] [http-nio-2022-exec-7] [INFO ] [cn.xuanq.blog.services.impl.ImageServiceImpl] : viewImage format ==> 2023_03_06
[2024/03/14-20:28:42] [http-nio-2022-exec-7] [INFO ] [cn.xuanq.blog.services.impl.ImageServiceImpl] : get image target path ==> D:\IDEA\workspace\images\2023_03_06\png\1082396309064777728.png
[2024/03/14-20:38:17] [http-nio-2022-exec-3] [INFO ] [cn.xuanq.blog.services.impl.ImageServiceImpl] : viewImage format ==> 2023_03_06
[2024/03/14-20:38:17] [http-nio-2022-exec-3] [INFO ] [cn.xuanq.blog.services.impl.ImageServiceImpl] : get image target path ==> D:\IDEA\workspace\images\2023_03_06\png\1082396309064777728.png
[2024/03/14-20:38:21] [http-nio-2022-exec-2] [INFO ] [cn.xuanq.blog.services.impl.ImageServiceImpl] : viewImage format ==> 2023_03_06
[2024/03/14-20:38:21] [http-nio-2022-exec-2] [INFO ] [cn.xuanq.blog.services.impl.ImageServiceImpl] : get image target path ==> D:\IDEA\workspace\images\2023_03_06\png\1082396309064777728.png
[2024/03/14-20:40:21] [http-nio-2022-exec-4] [INFO ] [cn.xuanq.blog.services.impl.ImageServiceImpl] : viewImage format ==> 2023_03_06
[2024/03/14-20:40:21] [http-nio-2022-exec-4] [INFO ] [cn.xuanq.blog.services.impl.ImageServiceImpl] : get image target path ==> D:\IDEA\workspace\images\2023_03_06\png\1082396309064777728.png
[2024/03/14-20:40:52] [http-nio-2022-exec-4] [INFO ] [cn.xuanq.blog.services.impl.ImageServiceImpl] : viewImage format ==> 2023_03_06
[2024/03/14-20:40:52] [http-nio-2022-exec-4] [INFO ] [cn.xuanq.blog.services.impl.ImageServiceImpl] : get image target path ==> D:\IDEA\workspace\images\2023_03_06\png\1082396309064777728.png
[2024/03/14-20:42:00] [http-nio-2022-exec-7] [INFO ] [cn.xuanq.blog.services.impl.ArticleServiceImpl] : article list first page from redis
[2024/03/14-20:46:52] [http-nio-2022-exec-2] [INFO ] [cn.xuanq.blog.services.impl.ImageServiceImpl] : viewImage format ==> 2023_03_06
[2024/03/14-20:46:52] [http-nio-2022-exec-2] [INFO ] [cn.xuanq.blog.services.impl.ImageServiceImpl] : get image target path ==> D:\IDEA\workspace\images\2023_03_06\png\1082396309064777728.png
[2024/03/14-20:46:54] [http-nio-2022-exec-7] [INFO ] [cn.xuanq.blog.services.impl.ImageServiceImpl] : viewImage format ==> 2023_03_06
[2024/03/14-20:46:54] [http-nio-2022-exec-7] [INFO ] [cn.xuanq.blog.services.impl.ImageServiceImpl] : get image target path ==> D:\IDEA\workspace\images\2023_03_06\png\1082396309064777728.png
[2024/03/14-20:47:00] [http-nio-2022-exec-1] [INFO ] [cn.xuanq.blog.services.impl.ArticleServiceImpl] : article list first page from redis
[2024/03/14-20:47:01] [http-nio-2022-exec-4] [INFO ] [cn.xuanq.blog.services.impl.ImageServiceImpl] : viewImage format ==> 2023_03_06
[2024/03/14-20:47:01] [http-nio-2022-exec-4] [INFO ] [cn.xuanq.blog.services.impl.ImageServiceImpl] : get image target path ==> D:\IDEA\workspace\images\2023_03_06\png\1082396309064777728.png
[2024/03/14-20:47:02] [http-nio-2022-exec-9] [INFO ] [cn.xuanq.blog.services.impl.ArticleServiceImpl] : article list first page from redis
[2024/03/14-20:47:04] [http-nio-2022-exec-1] [INFO ] [cn.xuanq.blog.services.impl.ImageServiceImpl] : viewImage format ==> 2023_03_06
[2024/03/14-20:47:04] [http-nio-2022-exec-1] [INFO ] [cn.xuanq.blog.services.impl.ImageServiceImpl] : get image target path ==> D:\IDEA\workspace\images\2023_03_06\png\1082396309064777728.png
[2024/03/14-20:47:27] [http-nio-2022-exec-6] [INFO ] [cn.xuanq.blog.services.impl.ArticleServiceImpl] : article list first page from redis
[2024/03/14-20:47:28] [http-nio-2022-exec-9] [INFO ] [cn.xuanq.blog.services.impl.ImageServiceImpl] : viewImage format ==> 2023_03_06
[2024/03/14-20:47:28] [http-nio-2022-exec-9] [INFO ] [cn.xuanq.blog.services.impl.ImageServiceImpl] : get image target path ==> D:\IDEA\workspace\images\2023_03_06\png\1082396309064777728.png
[2024/03/14-20:56:05] [http-nio-2022-exec-1] [INFO ] [cn.xuanq.blog.services.impl.ImageServiceImpl] : viewImage format ==> 2023_03_06
[2024/03/14-20:56:05] [http-nio-2022-exec-1] [INFO ] [cn.xuanq.blog.services.impl.ImageServiceImpl] : get image target path ==> D:\IDEA\workspace\images\2023_03_06\png\1082396309064777728.png
[2024/03/14-21:00:52] [http-nio-2022-exec-6] [INFO ] [cn.xuanq.blog.services.impl.UserServiceImpl] :   0
[2024/03/14-21:00:53] [http-nio-2022-exec-4] [INFO ] [cn.xuanq.blog.services.impl.ImageServiceImpl] : viewImage format ==> 2023_03_06
[2024/03/14-21:00:53] [http-nio-2022-exec-4] [INFO ] [cn.xuanq.blog.services.impl.ImageServiceImpl] : get image target path ==> D:\IDEA\workspace\images\2023_03_06\png\1082396309064777728.png
[2024/03/14-21:01:15] [http-nio-2022-exec-5] [INFO ] [cn.xuanq.blog.services.impl.ImageServiceImpl] : viewImage format ==> 2023_03_06
[2024/03/14-21:01:15] [http-nio-2022-exec-5] [INFO ] [cn.xuanq.blog.services.impl.ImageServiceImpl] : get image target path ==> D:\IDEA\workspace\images\2023_03_06\png\1082396309064777728.png
[2024/03/14-21:03:05] [http-nio-2022-exec-1] [INFO ] [cn.xuanq.blog.services.impl.ImageServiceImpl] : viewImage format ==> 2023_03_06
[2024/03/14-21:03:05] [http-nio-2022-exec-1] [INFO ] [cn.xuanq.blog.services.impl.ImageServiceImpl] : get image target path ==> D:\IDEA\workspace\images\2023_03_06\png\1082396309064777728.png
[2024/03/14-21:03:09] [http-nio-2022-exec-3] [INFO ] [cn.xuanq.blog.services.impl.ImageServiceImpl] : viewImage format ==> 2023_03_06
[2024/03/14-21:03:09] [http-nio-2022-exec-3] [INFO ] [cn.xuanq.blog.services.impl.ImageServiceImpl] : get image target path ==> D:\IDEA\workspace\images\2023_03_06\png\1082396309064777728.png
[2024/03/14-21:03:33] [main] [INFO ] [cn.xuanq.blog.BlogApplication] : Starting BlogApplication on LAPTOP-HQ3J527O with PID 25148 (D:\IDEA\workspace\InisBlogSystem\target\classes started by Li in D:\IDEA\workspace\InisBlogSystem)
[2024/03/14-21:03:33] [main] [INFO ] [cn.xuanq.blog.BlogApplication] : The following profiles are active: dev
[2024/03/14-21:03:38] [main] [INFO ] [cn.xuanq.blog.BlogApplication] : Started BlogApplication in 5.901 seconds (JVM running for 7.011)
[2024/03/14-21:03:38] [main] [INFO ] [cn.xuanq.blog.BlogApplication] : run...
[2024/03/14-21:04:03] [http-nio-2022-exec-3] [INFO ] [cn.xuanq.blog.services.impl.ImageServiceImpl] : viewImage format ==> 2023_03_06
[2024/03/14-21:04:03] [http-nio-2022-exec-3] [INFO ] [cn.xuanq.blog.services.impl.ImageServiceImpl] : get image target path ==> D:\IDEA\workspace\images\2023_03_06\png\1082396309064777728.png
[2024/03/14-21:45:04] [http-nio-2022-exec-7] [INFO ] [cn.xuanq.blog.services.impl.ImageServiceImpl] : viewImage format ==> 2023_03_06
[2024/03/14-21:45:04] [http-nio-2022-exec-7] [INFO ] [cn.xuanq.blog.services.impl.ImageServiceImpl] : get image target path ==> D:\IDEA\workspace\images\2023_03_06\png\1082396309064777728.png
[2024/03/14-21:45:09] [http-nio-2022-exec-9] [INFO ] [cn.xuanq.blog.services.impl.ImageServiceImpl] : viewImage format ==> 2023_03_06
[2024/03/14-21:45:09] [http-nio-2022-exec-9] [INFO ] [cn.xuanq.blog.services.impl.ImageServiceImpl] : get image target path ==> D:\IDEA\workspace\images\2023_03_06\png\1082396309064777728.png
[2024/03/14-21:47:04] [http-nio-2022-exec-4] [INFO ] [cn.xuanq.blog.services.impl.ImageServiceImpl] : viewImage format ==> 2023_03_06
[2024/03/14-21:47:04] [http-nio-2022-exec-4] [INFO ] [cn.xuanq.blog.services.impl.ImageServiceImpl] : get image target path ==> D:\IDEA\workspace\images\2023_03_06\png\1082396309064777728.png
[2024/03/14-21:47:27] [http-nio-2022-exec-7] [INFO ] [cn.xuanq.blog.services.impl.ImageServiceImpl] : viewImage format ==> 2023_03_06
[2024/03/14-21:47:27] [http-nio-2022-exec-7] [INFO ] [cn.xuanq.blog.services.impl.ImageServiceImpl] : get image target path ==> D:\IDEA\workspace\images\2023_03_06\png\1082396309064777728.png
[2024/03/14-22:46:47] [http-nio-2022-exec-9] [INFO ] [cn.xuanq.blog.services.impl.ImageServiceImpl] : viewImage format ==> 2023_03_06
[2024/03/14-22:46:47] [http-nio-2022-exec-9] [INFO ] [cn.xuanq.blog.services.impl.ImageServiceImpl] : get image target path ==> D:\IDEA\workspace\images\2023_03_06\png\1082396309064777728.png
[2024/03/14-22:47:08] [http-nio-2022-exec-3] [INFO ] [cn.xuanq.blog.services.impl.ImageServiceImpl] : viewImage format ==> 2023_03_06
[2024/03/14-22:47:08] [http-nio-2022-exec-3] [INFO ] [cn.xuanq.blog.services.impl.ImageServiceImpl] : get image target path ==> D:\IDEA\workspace\images\2023_03_06\png\1082396309064777728.png
[2024/03/14-22:48:26] [http-nio-2022-exec-7] [INFO ] [cn.xuanq.blog.services.impl.ImageServiceImpl] : viewImage format ==> 2023_03_06
[2024/03/14-22:48:26] [http-nio-2022-exec-7] [INFO ] [cn.xuanq.blog.services.impl.ImageServiceImpl] : get image target path ==> D:\IDEA\workspace\images\2023_03_06\png\1082396309064777728.png
[2024/03/14-23:12:32] [http-nio-2022-exec-10] [INFO ] [cn.xuanq.blog.services.impl.UserServiceImpl] :   0
[2024/03/14-23:12:32] [http-nio-2022-exec-1] [INFO ] [cn.xuanq.blog.services.impl.ImageServiceImpl] : viewImage format ==> 2023_03_06
[2024/03/14-23:12:32] [http-nio-2022-exec-1] [INFO ] [cn.xuanq.blog.services.impl.ImageServiceImpl] : get image target path ==> D:\IDEA\workspace\images\2023_03_06\png\1082396309064777728.png
[2024/03/14-23:27:19] [main] [INFO ] [cn.xuanq.blog.BlogApplication] : Starting BlogApplication on LAPTOP-HQ3J527O with PID 26264 (D:\IDEA\workspace\InisBlogSystem\target\classes started by Li in D:\IDEA\workspace\InisBlogSystem)
[2024/03/14-23:27:19] [main] [INFO ] [cn.xuanq.blog.BlogApplication] : The following profiles are active: dev
[2024/03/14-23:27:26] [main] [INFO ] [cn.xuanq.blog.BlogApplication] : Started BlogApplication in 7.084 seconds (JVM running for 8.285)
[2024/03/14-23:27:26] [main] [INFO ] [cn.xuanq.blog.BlogApplication] : run...
[2024/03/14-23:56:17] [main] [INFO ] [cn.xuanq.blog.BlogApplication] : Starting BlogApplication on LAPTOP-HQ3J527O with PID 2804 (D:\IDEA\workspace\InisBlogSystem\target\classes started by Li in D:\IDEA\workspace\InisBlogSystem)
[2024/03/14-23:56:17] [main] [INFO ] [cn.xuanq.blog.BlogApplication] : The following profiles are active: dev
[2024/03/14-23:56:22] [main] [INFO ] [cn.xuanq.blog.BlogApplication] : Started BlogApplication in 5.799 seconds (JVM running for 6.869)
[2024/03/14-23:56:22] [main] [INFO ] [cn.xuanq.blog.BlogApplication] : run...
