[2024/03/15-00:03:51] [main] [INFO ] [cn.xuanq.blog.BlogApplication] : Starting BlogApplication on LAPTOP-HQ3J527O with PID 17080 (D:\IDEA\workspace\InisBlogSystem\target\classes started by Li in D:\IDEA\workspace\InisBlogSystem)
[2024/03/15-00:03:51] [main] [INFO ] [cn.xuanq.blog.BlogApplication] : The following profiles are active: dev
[2024/03/15-00:03:56] [main] [INFO ] [cn.xuanq.blog.BlogApplication] : Started BlogApplication in 5.843 seconds (JVM running for 6.929)
[2024/03/15-00:03:56] [main] [INFO ] [cn.xuanq.blog.BlogApplication] : run...
[2024/03/15-00:07:00] [main] [INFO ] [cn.xuanq.blog.BlogApplication] : Starting BlogApplication on LAPTOP-HQ3J527O with PID 24028 (D:\IDEA\workspace\InisBlogSystem\target\classes started by Li in D:\IDEA\workspace\InisBlogSystem)
[2024/03/15-00:07:00] [main] [INFO ] [cn.xuanq.blog.BlogApplication] : The following profiles are active: dev
[2024/03/15-00:07:06] [main] [INFO ] [cn.xuanq.blog.BlogApplication] : Started BlogApplication in 6.213 seconds (JVM running for 7.252)
[2024/03/15-00:07:06] [main] [INFO ] [cn.xuanq.blog.BlogApplication] : run...
[2024/03/15-00:07:50] [main] [INFO ] [cn.xuanq.blog.BlogApplication] : Starting BlogApplication on LAPTOP-HQ3J527O with PID 22292 (D:\IDEA\workspace\InisBlogSystem\target\classes started by Li in D:\IDEA\workspace\InisBlogSystem)
[2024/03/15-00:07:50] [main] [INFO ] [cn.xuanq.blog.BlogApplication] : The following profiles are active: dev
[2024/03/15-00:07:56] [main] [INFO ] [cn.xuanq.blog.BlogApplication] : Started BlogApplication in 5.941 seconds (JVM running for 7.047)
[2024/03/15-00:07:56] [main] [INFO ] [cn.xuanq.blog.BlogApplication] : run...
[2024/03/15-15:39:43] [main] [INFO ] [cn.xuanq.blog.BlogApplication] : Starting BlogApplication on LAPTOP-HQ3J527O with PID 27984 (D:\IDEA\workspace\InisBlogSystem\target\classes started by Li in D:\IDEA\workspace\InisBlogSystem)
[2024/03/15-15:39:43] [main] [INFO ] [cn.xuanq.blog.BlogApplication] : The following profiles are active: dev
[2024/03/15-15:39:50] [main] [INFO ] [cn.xuanq.blog.BlogApplication] : Started BlogApplication in 7.836 seconds (JVM running for 8.934)
[2024/03/15-15:39:50] [main] [INFO ] [cn.xuanq.blog.BlogApplication] : run...
[2024/03/15-15:41:37] [http-nio-2022-exec-1] [INFO ] [cn.xuanq.blog.services.impl.UserServiceImpl] :   0
[2024/03/15-15:42:07] [http-nio-2022-exec-4] [INFO ] [cn.xuanq.blog.services.impl.ImageServiceImpl] : viewImage format ==> 2023_03_06
[2024/03/15-15:42:07] [http-nio-2022-exec-4] [INFO ] [cn.xuanq.blog.services.impl.ImageServiceImpl] : get image target path ==> D:\IDEA\workspace\images\2023_03_06\png\1082396309064777728.png
[2024/03/15-15:58:57] [http-nio-2022-exec-6] [INFO ] [cn.xuanq.blog.utils.CookieUtils] : cookie is null...
[2024/03/15-16:06:10] [http-nio-2022-exec-10] [INFO ] [cn.xuanq.blog.services.impl.ImageServiceImpl] : viewImage format ==> 2023_03_06
[2024/03/15-16:06:10] [http-nio-2022-exec-10] [INFO ] [cn.xuanq.blog.services.impl.ImageServiceImpl] : get image target path ==> D:\IDEA\workspace\images\2023_03_06\png\1082396309064777728.png
[2024/03/15-16:12:21] [http-nio-2022-exec-6] [INFO ] [cn.xuanq.blog.services.impl.ImageServiceImpl] : viewImage format ==> 2023_03_06
[2024/03/15-16:12:21] [http-nio-2022-exec-6] [INFO ] [cn.xuanq.blog.services.impl.ImageServiceImpl] : get image target path ==> D:\IDEA\workspace\images\2023_03_06\png\1082396309064777728.png
[2024/03/15-16:12:47] [http-nio-2022-exec-9] [INFO ] [cn.xuanq.blog.services.impl.ImageServiceImpl] : viewImage format ==> 2023_03_06
[2024/03/15-16:12:47] [http-nio-2022-exec-9] [INFO ] [cn.xuanq.blog.services.impl.ImageServiceImpl] : get image target path ==> D:\IDEA\workspace\images\2023_03_06\png\1082396309064777728.png
[2024/03/15-16:13:15] [http-nio-2022-exec-5] [INFO ] [cn.xuanq.blog.services.impl.ImageServiceImpl] : viewImage format ==> 2023_03_06
[2024/03/15-16:13:15] [http-nio-2022-exec-5] [INFO ] [cn.xuanq.blog.services.impl.ImageServiceImpl] : get image target path ==> D:\IDEA\workspace\images\2023_03_06\png\1082396309064777728.png
[2024/03/15-16:13:46] [http-nio-2022-exec-9] [INFO ] [cn.xuanq.blog.services.impl.ImageServiceImpl] : viewImage format ==> 2023_03_06
[2024/03/15-16:13:46] [http-nio-2022-exec-9] [INFO ] [cn.xuanq.blog.services.impl.ImageServiceImpl] : get image target path ==> D:\IDEA\workspace\images\2023_03_06\png\1082396309064777728.png
[2024/03/15-16:14:22] [http-nio-2022-exec-5] [INFO ] [cn.xuanq.blog.services.impl.ImageServiceImpl] : viewImage format ==> 2023_03_06
[2024/03/15-16:14:22] [http-nio-2022-exec-5] [INFO ] [cn.xuanq.blog.services.impl.ImageServiceImpl] : get image target path ==> D:\IDEA\workspace\images\2023_03_06\png\1082396309064777728.png
[2024/03/15-16:15:24] [http-nio-2022-exec-10] [INFO ] [cn.xuanq.blog.services.impl.ImageServiceImpl] : viewImage format ==> 2023_03_06
[2024/03/15-16:15:24] [http-nio-2022-exec-10] [INFO ] [cn.xuanq.blog.services.impl.ImageServiceImpl] : get image target path ==> D:\IDEA\workspace\images\2023_03_06\png\1082396309064777728.png
[2024/03/15-16:18:09] [http-nio-2022-exec-4] [INFO ] [cn.xuanq.blog.services.impl.ImageServiceImpl] : viewImage format ==> 2023_03_06
[2024/03/15-16:18:09] [http-nio-2022-exec-4] [INFO ] [cn.xuanq.blog.services.impl.ImageServiceImpl] : get image target path ==> D:\IDEA\workspace\images\2023_03_06\png\1082396309064777728.png
[2024/03/15-16:19:52] [http-nio-2022-exec-8] [INFO ] [cn.xuanq.blog.services.impl.ImageServiceImpl] : viewImage format ==> 2023_03_06
[2024/03/15-16:19:52] [http-nio-2022-exec-8] [INFO ] [cn.xuanq.blog.services.impl.ImageServiceImpl] : get image target path ==> D:\IDEA\workspace\images\2023_03_06\png\1082396309064777728.png
[2024/03/15-16:23:42] [http-nio-2022-exec-6] [INFO ] [cn.xuanq.blog.services.impl.ArticleServiceImpl] : article list first page from redis
[2024/03/15-16:24:13] [http-nio-2022-exec-10] [INFO ] [cn.xuanq.blog.services.impl.ImageServiceImpl] : viewImage format ==> 2023_03_06
[2024/03/15-16:24:13] [http-nio-2022-exec-10] [INFO ] [cn.xuanq.blog.services.impl.ImageServiceImpl] : get image target path ==> D:\IDEA\workspace\images\2023_03_06\png\1082396309064777728.png
[2024/03/15-16:24:19] [http-nio-2022-exec-2] [INFO ] [cn.xuanq.blog.services.impl.ImageServiceImpl] : viewImage format ==> 2023_03_06
[2024/03/15-16:24:19] [http-nio-2022-exec-2] [INFO ] [cn.xuanq.blog.services.impl.ImageServiceImpl] : get image target path ==> D:\IDEA\workspace\images\2023_03_06\png\1082396309064777728.png
[2024/03/15-16:24:50] [http-nio-2022-exec-7] [INFO ] [cn.xuanq.blog.services.impl.ImageServiceImpl] : viewImage format ==> 2023_03_06
[2024/03/15-16:24:50] [http-nio-2022-exec-7] [INFO ] [cn.xuanq.blog.services.impl.ImageServiceImpl] : get image target path ==> D:\IDEA\workspace\images\2023_03_06\png\1082396309064777728.png
[2024/03/15-16:25:12] [http-nio-2022-exec-2] [INFO ] [cn.xuanq.blog.services.impl.ImageServiceImpl] : viewImage format ==> 2023_03_06
[2024/03/15-16:25:12] [http-nio-2022-exec-2] [INFO ] [cn.xuanq.blog.services.impl.ImageServiceImpl] : get image target path ==> D:\IDEA\workspace\images\2023_03_06\png\1082396309064777728.png
[2024/03/15-16:28:50] [http-nio-2022-exec-6] [INFO ] [cn.xuanq.blog.services.impl.ImageServiceImpl] : viewImage format ==> 2023_03_06
[2024/03/15-16:28:50] [http-nio-2022-exec-6] [INFO ] [cn.xuanq.blog.services.impl.ImageServiceImpl] : get image target path ==> D:\IDEA\workspace\images\2023_03_06\png\1082396309064777728.png
[2024/03/15-16:28:55] [http-nio-2022-exec-9] [INFO ] [cn.xuanq.blog.services.impl.ImageServiceImpl] : viewImage format ==> 2023_03_06
[2024/03/15-16:28:55] [http-nio-2022-exec-9] [INFO ] [cn.xuanq.blog.services.impl.ImageServiceImpl] : get image target path ==> D:\IDEA\workspace\images\2023_03_06\png\1082396309064777728.png
[2024/03/15-16:32:09] [http-nio-2022-exec-2] [INFO ] [cn.xuanq.blog.services.impl.ImageServiceImpl] : viewImage format ==> 2023_03_06
[2024/03/15-16:32:09] [http-nio-2022-exec-2] [INFO ] [cn.xuanq.blog.services.impl.ImageServiceImpl] : get image target path ==> D:\IDEA\workspace\images\2023_03_06\png\1082396309064777728.png
[2024/03/15-16:32:14] [http-nio-2022-exec-6] [INFO ] [cn.xuanq.blog.services.impl.ImageServiceImpl] : viewImage format ==> 2023_03_06
[2024/03/15-16:32:14] [http-nio-2022-exec-6] [INFO ] [cn.xuanq.blog.services.impl.ImageServiceImpl] : get image target path ==> D:\IDEA\workspace\images\2023_03_06\png\1082396309064777728.png
[2024/03/15-16:34:14] [http-nio-2022-exec-7] [INFO ] [cn.xuanq.blog.services.impl.ImageServiceImpl] : viewImage format ==> 2023_03_06
[2024/03/15-16:34:14] [http-nio-2022-exec-7] [INFO ] [cn.xuanq.blog.services.impl.ImageServiceImpl] : get image target path ==> D:\IDEA\workspace\images\2023_03_06\png\1082396309064777728.png
[2024/03/15-16:35:59] [http-nio-2022-exec-10] [INFO ] [cn.xuanq.blog.services.impl.ImageServiceImpl] : viewImage format ==> 2023_03_06
[2024/03/15-16:35:59] [http-nio-2022-exec-10] [INFO ] [cn.xuanq.blog.services.impl.ImageServiceImpl] : get image target path ==> D:\IDEA\workspace\images\2023_03_06\png\1082396309064777728.png
[2024/03/15-16:36:04] [http-nio-2022-exec-2] [INFO ] [cn.xuanq.blog.services.impl.ImageServiceImpl] : viewImage format ==> 2023_03_06
[2024/03/15-16:36:04] [http-nio-2022-exec-2] [INFO ] [cn.xuanq.blog.services.impl.ImageServiceImpl] : get image target path ==> D:\IDEA\workspace\images\2023_03_06\png\1082396309064777728.png
[2024/03/15-17:02:35] [http-nio-2022-exec-6] [INFO ] [cn.xuanq.blog.services.impl.ImageServiceImpl] : viewImage format ==> 2023_03_06
[2024/03/15-17:02:35] [http-nio-2022-exec-6] [INFO ] [cn.xuanq.blog.services.impl.ImageServiceImpl] : get image target path ==> D:\IDEA\workspace\images\2023_03_06\png\1082396309064777728.png
[2024/03/15-17:02:39] [http-nio-2022-exec-9] [INFO ] [cn.xuanq.blog.services.impl.ImageServiceImpl] : viewImage format ==> 2023_03_06
[2024/03/15-17:02:39] [http-nio-2022-exec-9] [INFO ] [cn.xuanq.blog.services.impl.ImageServiceImpl] : get image target path ==> D:\IDEA\workspace\images\2023_03_06\png\1082396309064777728.png
[2024/03/15-17:06:05] [http-nio-2022-exec-6] [INFO ] [cn.xuanq.blog.services.impl.ImageServiceImpl] : viewImage format ==> 2023_03_06
[2024/03/15-17:06:05] [http-nio-2022-exec-6] [INFO ] [cn.xuanq.blog.services.impl.ImageServiceImpl] : get image target path ==> D:\IDEA\workspace\images\2023_03_06\png\1082396309064777728.png
[2024/03/15-17:11:40] [http-nio-2022-exec-3] [INFO ] [cn.xuanq.blog.services.impl.ImageServiceImpl] : viewImage format ==> 2023_03_06
[2024/03/15-17:11:40] [http-nio-2022-exec-3] [INFO ] [cn.xuanq.blog.services.impl.ImageServiceImpl] : get image target path ==> D:\IDEA\workspace\images\2023_03_06\png\1082396309064777728.png
[2024/03/15-17:11:46] [http-nio-2022-exec-5] [INFO ] [cn.xuanq.blog.services.impl.ImageServiceImpl] : viewImage format ==> 2023_03_06
[2024/03/15-17:11:46] [http-nio-2022-exec-5] [INFO ] [cn.xuanq.blog.services.impl.ImageServiceImpl] : get image target path ==> D:\IDEA\workspace\images\2023_03_06\png\1082396309064777728.png
[2024/03/15-17:12:08] [http-nio-2022-exec-9] [INFO ] [cn.xuanq.blog.services.impl.ImageServiceImpl] : viewImage format ==> 2023_03_06
[2024/03/15-17:12:08] [http-nio-2022-exec-9] [INFO ] [cn.xuanq.blog.services.impl.ImageServiceImpl] : get image target path ==> D:\IDEA\workspace\images\2023_03_06\png\1082396309064777728.png
[2024/03/15-17:15:35] [http-nio-2022-exec-5] [INFO ] [cn.xuanq.blog.services.impl.ImageServiceImpl] : viewImage format ==> 2023_03_06
[2024/03/15-17:15:35] [http-nio-2022-exec-5] [INFO ] [cn.xuanq.blog.services.impl.ImageServiceImpl] : get image target path ==> D:\IDEA\workspace\images\2023_03_06\png\1082396309064777728.png
[2024/03/15-17:16:33] [http-nio-2022-exec-7] [INFO ] [cn.xuanq.blog.services.impl.ImageServiceImpl] : viewImage format ==> 2023_03_06
[2024/03/15-17:16:33] [http-nio-2022-exec-7] [INFO ] [cn.xuanq.blog.services.impl.ImageServiceImpl] : get image target path ==> D:\IDEA\workspace\images\2023_03_06\png\1082396309064777728.png
[2024/03/15-17:18:11] [http-nio-2022-exec-1] [INFO ] [cn.xuanq.blog.services.impl.ImageServiceImpl] : viewImage format ==> 2023_03_06
[2024/03/15-17:18:11] [http-nio-2022-exec-1] [INFO ] [cn.xuanq.blog.services.impl.ImageServiceImpl] : get image target path ==> D:\IDEA\workspace\images\2023_03_06\png\1082396309064777728.png
[2024/03/15-17:18:17] [http-nio-2022-exec-4] [INFO ] [cn.xuanq.blog.services.impl.ImageServiceImpl] : viewImage format ==> 2023_03_06
[2024/03/15-17:18:17] [http-nio-2022-exec-4] [INFO ] [cn.xuanq.blog.services.impl.ImageServiceImpl] : get image target path ==> D:\IDEA\workspace\images\2023_03_06\png\1082396309064777728.png
[2024/03/15-17:19:58] [http-nio-2022-exec-4] [INFO ] [cn.xuanq.blog.services.impl.ImageServiceImpl] : viewImage format ==> 2023_03_06
[2024/03/15-17:19:58] [http-nio-2022-exec-4] [INFO ] [cn.xuanq.blog.services.impl.ImageServiceImpl] : get image target path ==> D:\IDEA\workspace\images\2023_03_06\png\1082396309064777728.png
[2024/03/15-17:20:01] [http-nio-2022-exec-7] [INFO ] [cn.xuanq.blog.services.impl.ImageServiceImpl] : viewImage format ==> 2023_03_06
[2024/03/15-17:20:01] [http-nio-2022-exec-7] [INFO ] [cn.xuanq.blog.services.impl.ImageServiceImpl] : get image target path ==> D:\IDEA\workspace\images\2023_03_06\png\1082396309064777728.png
[2024/03/15-17:20:06] [http-nio-2022-exec-10] [INFO ] [cn.xuanq.blog.services.impl.ImageServiceImpl] : viewImage format ==> 2023_03_06
[2024/03/15-17:20:06] [http-nio-2022-exec-10] [INFO ] [cn.xuanq.blog.services.impl.ImageServiceImpl] : get image target path ==> D:\IDEA\workspace\images\2023_03_06\png\1082396309064777728.png
[2024/03/15-17:22:30] [http-nio-2022-exec-4] [INFO ] [cn.xuanq.blog.services.impl.ImageServiceImpl] : viewImage format ==> 2023_03_06
[2024/03/15-17:22:30] [http-nio-2022-exec-4] [INFO ] [cn.xuanq.blog.services.impl.ImageServiceImpl] : get image target path ==> D:\IDEA\workspace\images\2023_03_06\png\1082396309064777728.png
[2024/03/15-17:22:48] [http-nio-2022-exec-6] [INFO ] [cn.xuanq.blog.services.impl.ImageServiceImpl] : viewImage format ==> 2023_03_06
[2024/03/15-17:22:48] [http-nio-2022-exec-6] [INFO ] [cn.xuanq.blog.services.impl.ImageServiceImpl] : get image target path ==> D:\IDEA\workspace\images\2023_03_06\png\1082396309064777728.png
[2024/03/15-17:22:53] [http-nio-2022-exec-10] [INFO ] [cn.xuanq.blog.services.impl.ImageServiceImpl] : viewImage format ==> 2023_03_06
[2024/03/15-17:22:53] [http-nio-2022-exec-10] [INFO ] [cn.xuanq.blog.services.impl.ImageServiceImpl] : get image target path ==> D:\IDEA\workspace\images\2023_03_06\png\1082396309064777728.png
[2024/03/15-17:26:36] [http-nio-2022-exec-4] [INFO ] [cn.xuanq.blog.services.impl.ImageServiceImpl] : viewImage format ==> 2023_03_06
[2024/03/15-17:26:36] [http-nio-2022-exec-4] [INFO ] [cn.xuanq.blog.services.impl.ImageServiceImpl] : get image target path ==> D:\IDEA\workspace\images\2023_03_06\png\1082396309064777728.png
[2024/03/15-17:26:56] [http-nio-2022-exec-8] [INFO ] [cn.xuanq.blog.services.impl.ImageServiceImpl] : viewImage format ==> 2023_03_06
[2024/03/15-17:26:56] [http-nio-2022-exec-8] [INFO ] [cn.xuanq.blog.services.impl.ImageServiceImpl] : get image target path ==> D:\IDEA\workspace\images\2023_03_06\png\1082396309064777728.png
[2024/03/15-17:27:17] [http-nio-2022-exec-2] [INFO ] [cn.xuanq.blog.services.impl.ImageServiceImpl] : viewImage format ==> 2023_03_06
[2024/03/15-17:27:17] [http-nio-2022-exec-2] [INFO ] [cn.xuanq.blog.services.impl.ImageServiceImpl] : get image target path ==> D:\IDEA\workspace\images\2023_03_06\png\1082396309064777728.png
[2024/03/15-17:31:40] [http-nio-2022-exec-10] [INFO ] [cn.xuanq.blog.services.impl.ImageServiceImpl] : viewImage format ==> 2023_03_06
[2024/03/15-17:31:40] [http-nio-2022-exec-10] [INFO ] [cn.xuanq.blog.services.impl.ImageServiceImpl] : get image target path ==> D:\IDEA\workspace\images\2023_03_06\png\1082396309064777728.png
