[2024/03/13-19:58:22] [main] [INFO ] [cn.xuanq.blog.BlogApplication] : Starting BlogApplication on LAPTOP-HQ3J527O with PID 26584 (D:\IDEA\workspace\InisBlogSystem\target\classes started by Li in D:\IDEA\workspace\InisBlogSystem)
[2024/03/13-19:58:22] [main] [INFO ] [cn.xuanq.blog.BlogApplication] : The following profiles are active: dev
[2024/03/13-19:58:54] [main] [INFO ] [cn.xuanq.blog.BlogApplication] : Starting BlogApplication on LAPTOP-HQ3J527O with PID 25100 (D:\IDEA\workspace\InisBlogSystem\target\classes started by Li in D:\IDEA\workspace\InisBlogSystem)
[2024/03/13-19:58:54] [main] [INFO ] [cn.xuanq.blog.BlogApplication] : The following profiles are active: dev
[2024/03/13-20:04:23] [main] [INFO ] [cn.xuanq.blog.BlogApplication] : Starting BlogApplication on LAPTOP-HQ3J527O with PID 25180 (D:\IDEA\workspace\InisBlogSystem\target\classes started by Li in D:\IDEA\workspace\InisBlogSystem)
[2024/03/13-20:04:23] [main] [INFO ] [cn.xuanq.blog.BlogApplication] : The following profiles are active: dev
[2024/03/13-20:04:29] [main] [INFO ] [cn.xuanq.blog.BlogApplication] : Started BlogApplication in 6.344 seconds (JVM running for 7.395)
[2024/03/13-20:04:29] [main] [INFO ] [cn.xuanq.blog.BlogApplication] : run...
[2024/03/13-20:04:41] [http-nio-2022-exec-4] [INFO ] [cn.xuanq.blog.services.impl.UserServiceImpl] : content ==> fdvvc
[2024/03/13-20:05:02] [http-nio-2022-exec-3] [INFO ] [cn.xuanq.blog.services.impl.UserServiceImpl] :   1
[2024/03/13-20:05:11] [http-nio-2022-exec-9] [INFO ] [cn.xuanq.blog.services.impl.ArticleServiceImpl] : article list first page from redis
[2024/03/13-20:06:35] [http-nio-2022-exec-8] [INFO ] [cn.xuanq.blog.services.impl.ImageServiceImpl] : viewImage format ==> 2023_01_14
[2024/03/13-20:06:35] [http-nio-2022-exec-7] [INFO ] [cn.xuanq.blog.services.impl.ImageServiceImpl] : viewImage format ==> 2023_01_14
[2024/03/13-20:06:35] [http-nio-2022-exec-8] [INFO ] [cn.xuanq.blog.services.impl.ImageServiceImpl] : get image target path ==> D:\IDEA\workspace\images\2023_01_14\png\1063875726974910464.png
[2024/03/13-20:06:35] [http-nio-2022-exec-7] [INFO ] [cn.xuanq.blog.services.impl.ImageServiceImpl] : get image target path ==> D:\IDEA\workspace\images\2023_01_14\jpg\1063876289292664832.jpg
[2024/03/13-20:07:07] [http-nio-2022-exec-3] [INFO ] [cn.xuanq.blog.services.impl.ImageServiceImpl] : viewImage format ==> 2023_01_14
[2024/03/13-20:07:07] [http-nio-2022-exec-2] [INFO ] [cn.xuanq.blog.services.impl.ImageServiceImpl] : viewImage format ==> 2023_01_14
[2024/03/13-20:07:07] [http-nio-2022-exec-3] [INFO ] [cn.xuanq.blog.services.impl.ImageServiceImpl] : get image target path ==> D:\IDEA\workspace\images\2023_01_14\jpg\1063876289292664832.jpg
[2024/03/13-20:07:07] [http-nio-2022-exec-2] [INFO ] [cn.xuanq.blog.services.impl.ImageServiceImpl] : get image target path ==> D:\IDEA\workspace\images\2023_01_14\png\1063875726974910464.png
[2024/03/13-20:07:21] [http-nio-2022-exec-5] [INFO ] [cn.xuanq.blog.services.impl.ImageServiceImpl] : contentType ==> image/jpeg
[2024/03/13-20:07:21] [http-nio-2022-exec-5] [INFO ] [cn.xuanq.blog.services.impl.ImageServiceImpl] : originalFilename ==> yinianguan.jpg
[2024/03/13-20:07:21] [http-nio-2022-exec-5] [INFO ] [cn.xuanq.blog.services.impl.ImageServiceImpl] : max-size ==> 2097152size ==> 73562
[2024/03/13-20:07:21] [http-nio-2022-exec-5] [INFO ] [cn.xuanq.blog.services.impl.ImageServiceImpl] : currentDay ==> 2024_03_13
[2024/03/13-20:07:21] [http-nio-2022-exec-5] [INFO ] [cn.xuanq.blog.services.impl.ImageServiceImpl] : targetFile ==> D:\IDEA\workspace\images\2024_03_13\jpg\1217564682395582464.jpg
[2024/03/13-20:07:21] [http-nio-2022-exec-6] [INFO ] [cn.xuanq.blog.services.impl.ImageServiceImpl] : viewImage format ==> 2024_03_13
[2024/03/13-20:07:21] [http-nio-2022-exec-6] [INFO ] [cn.xuanq.blog.services.impl.ImageServiceImpl] : get image target path ==> D:\IDEA\workspace\images\2024_03_13\jpg\1217564682395582464.jpg
[2024/03/13-20:08:09] [http-nio-2022-exec-10] [INFO ] [cn.xuanq.blog.services.impl.ImageServiceImpl] : viewImage format ==> 2024_03_13
[2024/03/13-20:08:09] [http-nio-2022-exec-10] [INFO ] [cn.xuanq.blog.services.impl.ImageServiceImpl] : get image target path ==> D:\IDEA\workspace\images\2024_03_13\jpg\1217564682395582464.jpg
[2024/03/13-20:08:09] [http-nio-2022-exec-1] [INFO ] [cn.xuanq.blog.services.impl.ImageServiceImpl] : viewImage format ==> 2023_01_14
[2024/03/13-20:08:09] [http-nio-2022-exec-1] [INFO ] [cn.xuanq.blog.services.impl.ImageServiceImpl] : get image target path ==> D:\IDEA\workspace\images\2023_01_14\jpg\1063876289292664832.jpg
[2024/03/13-20:08:09] [http-nio-2022-exec-10] [INFO ] [cn.xuanq.blog.services.impl.ImageServiceImpl] : viewImage format ==> 2023_01_14
[2024/03/13-20:08:09] [http-nio-2022-exec-10] [INFO ] [cn.xuanq.blog.services.impl.ImageServiceImpl] : get image target path ==> D:\IDEA\workspace\images\2023_01_14\png\1063875726974910464.png
[2024/03/13-20:09:13] [http-nio-2022-exec-6] [INFO ] [cn.xuanq.blog.services.impl.ImageServiceImpl] : viewImage format ==> 2023_03_06
[2024/03/13-20:09:13] [http-nio-2022-exec-6] [INFO ] [cn.xuanq.blog.services.impl.ImageServiceImpl] : get image target path ==> D:\IDEA\workspace\images\2023_03_06\png\1082396309064777728.png
[2024/03/13-20:09:15] [http-nio-2022-exec-9] [INFO ] [cn.xuanq.blog.services.impl.ImageServiceImpl] : viewImage format ==> 2023_01_17
[2024/03/13-20:09:15] [http-nio-2022-exec-9] [INFO ] [cn.xuanq.blog.services.impl.ImageServiceImpl] : get image target path ==> D:\IDEA\workspace\images\2023_01_17\png\1064915527425589248.png
[2024/03/13-20:09:47] [http-nio-2022-exec-9] [INFO ] [cn.xuanq.blog.services.impl.ImageServiceImpl] : viewImage format ==> 2023_01_17
[2024/03/13-20:09:47] [http-nio-2022-exec-9] [INFO ] [cn.xuanq.blog.services.impl.ImageServiceImpl] : get image target path ==> D:\IDEA\workspace\images\2023_01_17\png\1064915527425589248.png
[2024/03/13-20:09:48] [http-nio-2022-exec-10] [INFO ] [cn.xuanq.blog.services.impl.ImageServiceImpl] : viewImage format ==> 2023_03_06
[2024/03/13-20:09:48] [http-nio-2022-exec-10] [INFO ] [cn.xuanq.blog.services.impl.ImageServiceImpl] : get image target path ==> D:\IDEA\workspace\images\2023_03_06\png\1082396309064777728.png
[2024/03/13-20:09:49] [http-nio-2022-exec-5] [INFO ] [cn.xuanq.blog.services.impl.ImageServiceImpl] : viewImage format ==> 2023_01_17
[2024/03/13-20:09:49] [http-nio-2022-exec-5] [INFO ] [cn.xuanq.blog.services.impl.ImageServiceImpl] : get image target path ==> D:\IDEA\workspace\images\2023_01_17\png\1064915527425589248.png
[2024/03/13-20:09:52] [http-nio-2022-exec-5] [INFO ] [cn.xuanq.blog.services.impl.ImageServiceImpl] : viewImage format ==> 2023_01_17
[2024/03/13-20:09:52] [http-nio-2022-exec-5] [INFO ] [cn.xuanq.blog.services.impl.ImageServiceImpl] : get image target path ==> D:\IDEA\workspace\images\2023_01_17\png\1064915527425589248.png
[2024/03/13-20:09:55] [http-nio-2022-exec-4] [INFO ] [cn.xuanq.blog.services.impl.ImageServiceImpl] : viewImage format ==> 2023_01_17
[2024/03/13-20:09:55] [http-nio-2022-exec-4] [INFO ] [cn.xuanq.blog.services.impl.ImageServiceImpl] : get image target path ==> D:\IDEA\workspace\images\2023_01_17\png\1064915527425589248.png
[2024/03/13-20:09:56] [http-nio-2022-exec-2] [INFO ] [cn.xuanq.blog.services.impl.ImageServiceImpl] : viewImage format ==> 2023_03_06
[2024/03/13-20:09:56] [http-nio-2022-exec-2] [INFO ] [cn.xuanq.blog.services.impl.ImageServiceImpl] : get image target path ==> D:\IDEA\workspace\images\2023_03_06\png\1082396309064777728.png
[2024/03/13-20:10:53] [http-nio-2022-exec-9] [INFO ] [cn.xuanq.blog.services.impl.ImageServiceImpl] : viewImage format ==> 2024_03_13
[2024/03/13-20:10:53] [http-nio-2022-exec-9] [INFO ] [cn.xuanq.blog.services.impl.ImageServiceImpl] : get image target path ==> D:\IDEA\workspace\images\2024_03_13\jpg\1217564682395582464.jpg
[2024/03/13-20:10:53] [http-nio-2022-exec-1] [INFO ] [cn.xuanq.blog.services.impl.ImageServiceImpl] : viewImage format ==> 2023_01_14
[2024/03/13-20:10:53] [http-nio-2022-exec-1] [INFO ] [cn.xuanq.blog.services.impl.ImageServiceImpl] : get image target path ==> D:\IDEA\workspace\images\2023_01_14\jpg\1063876289292664832.jpg
[2024/03/13-20:10:53] [http-nio-2022-exec-4] [INFO ] [cn.xuanq.blog.services.impl.ImageServiceImpl] : viewImage format ==> 2023_01_14
[2024/03/13-20:10:53] [http-nio-2022-exec-4] [INFO ] [cn.xuanq.blog.services.impl.ImageServiceImpl] : get image target path ==> D:\IDEA\workspace\images\2023_01_14\png\1063875726974910464.png
[2024/03/13-20:11:20] [http-nio-2022-exec-8] [INFO ] [cn.xuanq.blog.services.impl.ImageServiceImpl] : viewImage format ==> 2023_01_14
[2024/03/13-20:11:20] [http-nio-2022-exec-8] [INFO ] [cn.xuanq.blog.services.impl.ImageServiceImpl] : get image target path ==> D:\IDEA\workspace\images\2023_01_14\png\1063875726974910464.png
[2024/03/13-20:11:20] [http-nio-2022-exec-7] [INFO ] [cn.xuanq.blog.services.impl.ImageServiceImpl] : viewImage format ==> 2023_01_14
[2024/03/13-20:11:20] [http-nio-2022-exec-6] [INFO ] [cn.xuanq.blog.services.impl.ImageServiceImpl] : viewImage format ==> 2024_03_13
[2024/03/13-20:11:20] [http-nio-2022-exec-7] [INFO ] [cn.xuanq.blog.services.impl.ImageServiceImpl] : get image target path ==> D:\IDEA\workspace\images\2023_01_14\jpg\1063876289292664832.jpg
[2024/03/13-20:11:20] [http-nio-2022-exec-6] [INFO ] [cn.xuanq.blog.services.impl.ImageServiceImpl] : get image target path ==> D:\IDEA\workspace\images\2024_03_13\jpg\1217564682395582464.jpg
[2024/03/13-21:05:35] [http-nio-2022-exec-7] [INFO ] [cn.xuanq.blog.services.impl.UserServiceImpl] : content ==> kyvcy
[2024/03/13-21:18:16] [http-nio-2022-exec-8] [INFO ] [cn.xuanq.blog.services.impl.UserServiceImpl] : content ==> jxcnv
[2024/03/13-21:21:03] [http-nio-2022-exec-9] [INFO ] [cn.xuanq.blog.services.impl.UserServiceImpl] : content ==> -3
[2024/03/13-21:22:30] [http-nio-2022-exec-1] [INFO ] [cn.xuanq.blog.services.impl.UserServiceImpl] :   1
[2024/03/13-21:35:18] [http-nio-2022-exec-3] [INFO ] [cn.xuanq.blog.services.impl.UserServiceImpl] : content ==> wt5x8
[2024/03/13-21:38:06] [http-nio-2022-exec-6] [INFO ] [cn.xuanq.blog.services.impl.UserServiceImpl] :   1
[2024/03/13-22:28:59] [http-nio-2022-exec-10] [INFO ] [cn.xuanq.blog.services.impl.ImageServiceImpl] : viewImage format ==> 2023_03_06
[2024/03/13-22:28:59] [http-nio-2022-exec-10] [INFO ] [cn.xuanq.blog.services.impl.ImageServiceImpl] : get image target path ==> D:\IDEA\workspace\images\2023_03_06\png\1082396309064777728.png
[2024/03/13-22:29:01] [http-nio-2022-exec-7] [INFO ] [cn.xuanq.blog.services.impl.ImageServiceImpl] : viewImage format ==> 2023_01_14
[2024/03/13-22:29:01] [http-nio-2022-exec-7] [INFO ] [cn.xuanq.blog.services.impl.ImageServiceImpl] : get image target path ==> D:\IDEA\workspace\images\2023_01_14\jpg\1063876289292664832.jpg
[2024/03/13-22:29:01] [http-nio-2022-exec-6] [INFO ] [cn.xuanq.blog.services.impl.ImageServiceImpl] : viewImage format ==> 2024_03_13
[2024/03/13-22:29:01] [http-nio-2022-exec-6] [INFO ] [cn.xuanq.blog.services.impl.ImageServiceImpl] : get image target path ==> D:\IDEA\workspace\images\2024_03_13\jpg\1217564682395582464.jpg
[2024/03/13-22:29:01] [http-nio-2022-exec-8] [INFO ] [cn.xuanq.blog.services.impl.ImageServiceImpl] : viewImage format ==> 2023_01_14
[2024/03/13-22:29:01] [http-nio-2022-exec-8] [INFO ] [cn.xuanq.blog.services.impl.ImageServiceImpl] : get image target path ==> D:\IDEA\workspace\images\2023_01_14\png\1063875726974910464.png
[2024/03/13-22:29:10] [http-nio-2022-exec-10] [INFO ] [cn.xuanq.blog.services.impl.ImageServiceImpl] : viewImage format ==> 2023_03_06
[2024/03/13-22:29:10] [http-nio-2022-exec-10] [INFO ] [cn.xuanq.blog.services.impl.ImageServiceImpl] : get image target path ==> D:\IDEA\workspace\images\2023_03_06\png\1082396309064777728.png
[2024/03/13-22:39:58] [http-nio-2022-exec-9] [INFO ] [cn.xuanq.blog.services.impl.ImageServiceImpl] : viewImage format ==> 2023_03_06
[2024/03/13-22:39:58] [http-nio-2022-exec-9] [INFO ] [cn.xuanq.blog.services.impl.ImageServiceImpl] : get image target path ==> D:\IDEA\workspace\images\2023_03_06\png\1082396309064777728.png
[2024/03/13-22:40:51] [http-nio-2022-exec-6] [INFO ] [cn.xuanq.blog.services.impl.ArticleServiceImpl] : article list first page from redis
[2024/03/13-23:23:52] [http-nio-2022-exec-6] [INFO ] [cn.xuanq.blog.services.impl.UserServiceImpl] : content ==> dbtyh
[2024/03/13-23:23:56] [http-nio-2022-exec-7] [INFO ] [cn.xuanq.blog.services.impl.UserServiceImpl] : content ==> v44qj
[2024/03/13-23:24:16] [http-nio-2022-exec-8] [INFO ] [cn.xuanq.blog.services.impl.UserServiceImpl] :   1
[2024/03/13-23:35:12] [http-nio-2022-exec-10] [INFO ] [cn.xuanq.blog.services.impl.ImageServiceImpl] : viewImage format ==> 2023_03_06
[2024/03/13-23:35:12] [http-nio-2022-exec-10] [INFO ] [cn.xuanq.blog.services.impl.ImageServiceImpl] : get image target path ==> D:\IDEA\workspace\images\2023_03_06\png\1082396309064777728.png
[2024/03/13-23:35:20] [http-nio-2022-exec-6] [INFO ] [cn.xuanq.blog.services.impl.ImageServiceImpl] : viewImage format ==> 2023_03_06
[2024/03/13-23:35:20] [http-nio-2022-exec-6] [INFO ] [cn.xuanq.blog.services.impl.ImageServiceImpl] : get image target path ==> D:\IDEA\workspace\images\2023_03_06\png\1082396309064777728.png
[2024/03/13-23:35:56] [http-nio-2022-exec-8] [INFO ] [cn.xuanq.blog.services.impl.ImageServiceImpl] : viewImage format ==> 2023_03_06
[2024/03/13-23:35:56] [http-nio-2022-exec-8] [INFO ] [cn.xuanq.blog.services.impl.ImageServiceImpl] : get image target path ==> D:\IDEA\workspace\images\2023_03_06\png\1082396309064777728.png
[2024/03/13-23:36:00] [http-nio-2022-exec-4] [INFO ] [cn.xuanq.blog.services.impl.ImageServiceImpl] : viewImage format ==> 2023_03_06
[2024/03/13-23:36:00] [http-nio-2022-exec-4] [INFO ] [cn.xuanq.blog.services.impl.ImageServiceImpl] : get image target path ==> D:\IDEA\workspace\images\2023_03_06\png\1082396309064777728.png
[2024/03/13-23:36:05] [http-nio-2022-exec-2] [INFO ] [cn.xuanq.blog.services.impl.ImageServiceImpl] : viewImage format ==> 2023_03_06
[2024/03/13-23:36:05] [http-nio-2022-exec-2] [INFO ] [cn.xuanq.blog.services.impl.ImageServiceImpl] : get image target path ==> D:\IDEA\workspace\images\2023_03_06\png\1082396309064777728.png
[2024/03/13-23:44:07] [http-nio-2022-exec-8] [INFO ] [cn.xuanq.blog.services.impl.ImageServiceImpl] : viewImage format ==> 2023_03_06
[2024/03/13-23:44:07] [http-nio-2022-exec-8] [INFO ] [cn.xuanq.blog.services.impl.ImageServiceImpl] : get image target path ==> D:\IDEA\workspace\images\2023_03_06\png\1082396309064777728.png
