[2024/01/19-14:47:24] [main] [INFO ] [cn.xuanq.blog.BlogApplication] : Starting BlogApplication on LAPTOP-HQ3J527O with PID 8844 (D:\IDEA\workspace\InisBlogSystem\target\classes started by Li in D:\IDEA\workspace\InisBlogSystem)
[2024/01/19-14:47:24] [main] [INFO ] [cn.xuanq.blog.BlogApplication] : The following profiles are active: dev
[2024/01/19-14:48:17] [main] [INFO ] [cn.xuanq.blog.BlogApplication] : Starting BlogApplication on LAPTOP-HQ3J527O with PID 796 (D:\IDEA\workspace\InisBlogSystem\target\classes started by Li in D:\IDEA\workspace\InisBlogSystem)
[2024/01/19-14:48:17] [main] [INFO ] [cn.xuanq.blog.BlogApplication] : The following profiles are active: dev
[2024/01/19-14:48:23] [main] [INFO ] [cn.xuanq.blog.BlogApplication] : Started BlogApplication in 6.627 seconds (JVM running for 7.657)
[2024/01/19-14:48:23] [main] [INFO ] [cn.xuanq.blog.BlogApplication] : run...
[2024/01/19-14:50:07] [http-nio-2022-exec-1] [INFO ] [cn.xuanq.blog.services.impl.UserServiceImpl] :   0
[2024/01/19-14:50:26] [http-nio-2022-exec-1] [INFO ] [cn.xuanq.blog.services.impl.ImageServiceImpl] : viewImage format ==> 2023_03_06
[2024/01/19-14:50:26] [http-nio-2022-exec-1] [INFO ] [cn.xuanq.blog.services.impl.ImageServiceImpl] : get image target path ==> D:\IDEA\workspace\images\2023_03_06\png\1082396309064777728.png
[2024/01/19-14:50:49] [http-nio-2022-exec-3] [INFO ] [cn.xuanq.blog.services.impl.UserServiceImpl] : content ==> gz5sm
[2024/01/19-14:51:17] [http-nio-2022-exec-4] [INFO ] [cn.xuanq.blog.services.impl.UserServiceImpl] :   1
[2024/01/19-14:51:24] [http-nio-2022-exec-10] [INFO ] [cn.xuanq.blog.services.impl.ArticleServiceImpl] : article list first page from redis
[2024/01/19-14:51:29] [http-nio-2022-exec-4] [INFO ] [cn.xuanq.blog.services.impl.ArticleServiceImpl] : article list first page from redis
[2024/01/19-14:52:00] [http-nio-2022-exec-10] [INFO ] [cn.xuanq.blog.services.impl.ArticleServiceImpl] : article list first page from redis
[2024/01/19-14:52:22] [http-nio-2022-exec-5] [INFO ] [cn.xuanq.blog.services.impl.ArticleServiceImpl] : article list first page from redis
[2024/01/19-14:52:27] [http-nio-2022-exec-6] [INFO ] [cn.xuanq.blog.services.impl.ArticleServiceImpl] : article list first page from redis
[2024/01/19-14:52:32] [http-nio-2022-exec-2] [INFO ] [cn.xuanq.blog.services.impl.ImageServiceImpl] : viewImage format ==> 2023_03_06
[2024/01/19-14:52:32] [http-nio-2022-exec-2] [INFO ] [cn.xuanq.blog.services.impl.ImageServiceImpl] : get image target path ==> D:\IDEA\workspace\images\2023_03_06\png\1082396309064777728.png
[2024/01/19-14:52:36] [http-nio-2022-exec-5] [INFO ] [cn.xuanq.blog.services.impl.ImageServiceImpl] : viewImage format ==> 2023_03_06
[2024/01/19-14:52:36] [http-nio-2022-exec-5] [INFO ] [cn.xuanq.blog.services.impl.ImageServiceImpl] : get image target path ==> D:\IDEA\workspace\images\2023_03_06\png\1082396309064777728.png
[2024/01/19-14:52:46] [http-nio-2022-exec-1] [INFO ] [cn.xuanq.blog.services.impl.ImageServiceImpl] : viewImage format ==> 2023_01_14
[2024/01/19-14:52:46] [http-nio-2022-exec-1] [INFO ] [cn.xuanq.blog.services.impl.ImageServiceImpl] : get image target path ==> D:\IDEA\workspace\images\2023_01_14\jpg\1063876289292664832.jpg
[2024/01/19-14:52:46] [http-nio-2022-exec-10] [INFO ] [cn.xuanq.blog.services.impl.ImageServiceImpl] : viewImage format ==> 2023_01_14
[2024/01/19-14:52:46] [http-nio-2022-exec-10] [INFO ] [cn.xuanq.blog.services.impl.ImageServiceImpl] : get image target path ==> D:\IDEA\workspace\images\2023_01_14\png\1063875726974910464.png
[2024/01/19-14:52:54] [http-nio-2022-exec-4] [INFO ] [cn.xuanq.blog.services.impl.ImageServiceImpl] : viewImage format ==> 2023_03_06
[2024/01/19-14:52:54] [http-nio-2022-exec-4] [INFO ] [cn.xuanq.blog.services.impl.ImageServiceImpl] : get image target path ==> D:\IDEA\workspace\images\2023_03_06\png\1082396309064777728.png
[2024/01/19-14:52:56] [http-nio-2022-exec-6] [INFO ] [cn.xuanq.blog.services.impl.ImageServiceImpl] : viewImage format ==> 2023_01_17
[2024/01/19-14:52:56] [http-nio-2022-exec-6] [INFO ] [cn.xuanq.blog.services.impl.ImageServiceImpl] : get image target path ==> D:\IDEA\workspace\images\2023_01_17\png\1064915527425589248.png
[2024/01/19-14:53:05] [http-nio-2022-exec-4] [INFO ] [cn.xuanq.blog.services.impl.ImageServiceImpl] : viewImage format ==> 2023_03_06
[2024/01/19-14:53:05] [http-nio-2022-exec-4] [INFO ] [cn.xuanq.blog.services.impl.ImageServiceImpl] : get image target path ==> D:\IDEA\workspace\images\2023_03_06\png\1082396309064777728.png
[2024/01/19-14:53:17] [http-nio-2022-exec-6] [INFO ] [cn.xuanq.blog.services.impl.ArticleServiceImpl] : article list first page from redis
[2024/01/19-14:53:24] [http-nio-2022-exec-1] [INFO ] [cn.xuanq.blog.services.impl.ArticleServiceImpl] : article list first page from redis
[2024/01/19-14:53:39] [http-nio-2022-exec-7] [INFO ] [cn.xuanq.blog.services.impl.ArticleServiceImpl] : article list first page from redis
[2024/01/19-14:53:42] [http-nio-2022-exec-2] [INFO ] [cn.xuanq.blog.services.impl.ArticleServiceImpl] : article list first page from redis
[2024/01/19-14:53:46] [http-nio-2022-exec-9] [INFO ] [cn.xuanq.blog.services.impl.ArticleServiceImpl] : article list first page from redis
[2024/01/19-14:53:55] [http-nio-2022-exec-8] [INFO ] [cn.xuanq.blog.services.impl.ArticleServiceImpl] : article list first page from redis
[2024/01/19-14:53:59] [http-nio-2022-exec-9] [INFO ] [cn.xuanq.blog.services.impl.ArticleServiceImpl] : article list first page from redis
[2024/01/19-14:54:01] [http-nio-2022-exec-4] [INFO ] [cn.xuanq.blog.services.impl.ImageServiceImpl] : viewImage format ==> 2023_01_19
[2024/01/19-14:54:01] [http-nio-2022-exec-4] [INFO ] [cn.xuanq.blog.services.impl.ImageServiceImpl] : get image target path ==> D:\IDEA\workspace\images\2023_01_19\png\1065630535230947328.png
[2024/01/19-14:54:12] [http-nio-2022-exec-7] [INFO ] [cn.xuanq.blog.services.impl.ArticleServiceImpl] : article list first page from redis
[2024/01/19-14:54:27] [http-nio-2022-exec-3] [INFO ] [cn.xuanq.blog.services.impl.ImageServiceImpl] : viewImage format ==> 2023_01_19
[2024/01/19-14:54:27] [http-nio-2022-exec-3] [INFO ] [cn.xuanq.blog.services.impl.ImageServiceImpl] : get image target path ==> D:\IDEA\workspace\images\2023_01_19\png\1065630535230947328.png
[2024/01/19-15:41:38] [http-nio-2022-exec-8] [INFO ] [cn.xuanq.blog.services.impl.ImageServiceImpl] : viewImage format ==> 2023_01_19
[2024/01/19-15:41:38] [http-nio-2022-exec-8] [INFO ] [cn.xuanq.blog.services.impl.ImageServiceImpl] : get image target path ==> D:\IDEA\workspace\images\2023_01_19\png\1065630535230947328.png
[2024/01/19-15:42:39] [http-nio-2022-exec-6] [INFO ] [cn.xuanq.blog.services.impl.ImageServiceImpl] : viewImage format ==> 2023_01_19
[2024/01/19-15:42:39] [http-nio-2022-exec-7] [INFO ] [cn.xuanq.blog.services.impl.ImageServiceImpl] : viewImage format ==> 2023_01_14
[2024/01/19-15:42:39] [http-nio-2022-exec-6] [INFO ] [cn.xuanq.blog.services.impl.ImageServiceImpl] : get image target path ==> D:\IDEA\workspace\images\2023_01_19\png\1065630535230947328.png
[2024/01/19-15:42:39] [http-nio-2022-exec-7] [INFO ] [cn.xuanq.blog.services.impl.ImageServiceImpl] : get image target path ==> D:\IDEA\workspace\images\2023_01_14\jpg\1063876289292664832.jpg
[2024/01/19-15:42:39] [http-nio-2022-exec-8] [INFO ] [cn.xuanq.blog.services.impl.ImageServiceImpl] : viewImage format ==> 2023_12_27
[2024/01/19-15:42:39] [http-nio-2022-exec-8] [INFO ] [cn.xuanq.blog.services.impl.ImageServiceImpl] : get image target path ==> D:\IDEA\workspace\images\2023_12_27\png\1189510907105902592.png
[2024/01/19-15:42:39] [http-nio-2022-exec-1] [INFO ] [cn.xuanq.blog.services.impl.ImageServiceImpl] : viewImage format ==> 2023_01_16
[2024/01/19-15:42:39] [http-nio-2022-exec-1] [INFO ] [cn.xuanq.blog.services.impl.ImageServiceImpl] : get image target path ==> D:\IDEA\workspace\images\2023_01_16\png\1064521667641868288.png
[2024/01/19-15:42:39] [http-nio-2022-exec-9] [INFO ] [cn.xuanq.blog.services.impl.ImageServiceImpl] : viewImage format ==> 2023_01_14
[2024/01/19-15:42:39] [http-nio-2022-exec-9] [INFO ] [cn.xuanq.blog.services.impl.ImageServiceImpl] : get image target path ==> D:\IDEA\workspace\images\2023_01_14\jpg\1063876069632770048.jpg
[2024/01/19-15:42:47] [http-nio-2022-exec-2] [INFO ] [cn.xuanq.blog.services.impl.ImageServiceImpl] : viewImage format ==> 2023_01_14
[2024/01/19-15:42:47] [http-nio-2022-exec-2] [INFO ] [cn.xuanq.blog.services.impl.ImageServiceImpl] : get image target path ==> D:\IDEA\workspace\images\2023_01_14\png\1063875726974910464.png
[2024/01/19-15:42:47] [http-nio-2022-exec-6] [INFO ] [cn.xuanq.blog.services.impl.ImageServiceImpl] : viewImage format ==> 2023_01_14
[2024/01/19-15:42:47] [http-nio-2022-exec-3] [INFO ] [cn.xuanq.blog.services.impl.ImageServiceImpl] : viewImage format ==> 2023_01_14
[2024/01/19-15:42:47] [http-nio-2022-exec-6] [INFO ] [cn.xuanq.blog.services.impl.ImageServiceImpl] : get image target path ==> D:\IDEA\workspace\images\2023_01_14\png\1063849525275262976.png
[2024/01/19-15:42:47] [http-nio-2022-exec-3] [INFO ] [cn.xuanq.blog.services.impl.ImageServiceImpl] : get image target path ==> D:\IDEA\workspace\images\2023_01_14\png\1063869334499098624.png
[2024/01/19-15:42:47] [http-nio-2022-exec-5] [INFO ] [cn.xuanq.blog.services.impl.ImageServiceImpl] : viewImage format ==> 2023_01_14
[2024/01/19-15:42:47] [http-nio-2022-exec-4] [INFO ] [cn.xuanq.blog.services.impl.ImageServiceImpl] : viewImage format ==> 2023_01_06
[2024/01/19-15:42:47] [http-nio-2022-exec-5] [INFO ] [cn.xuanq.blog.services.impl.ImageServiceImpl] : get image target path ==> D:\IDEA\workspace\images\2023_01_14\jpg\1063868991484723200.jpg
[2024/01/19-15:42:47] [http-nio-2022-exec-4] [INFO ] [cn.xuanq.blog.services.impl.ImageServiceImpl] : get image target path ==> D:\IDEA\workspace\images\2023_01_06\png\1060910061745864704.png
[2024/01/19-15:42:48] [http-nio-2022-exec-8] [INFO ] [cn.xuanq.blog.services.impl.ImageServiceImpl] : viewImage format ==> 2023_01_06
[2024/01/19-15:42:48] [http-nio-2022-exec-8] [INFO ] [cn.xuanq.blog.services.impl.ImageServiceImpl] : get image target path ==> D:\IDEA\workspace\images\2023_01_06\png\1060909120367886336.png
[2024/01/19-15:42:49] [http-nio-2022-exec-2] [INFO ] [cn.xuanq.blog.services.impl.ImageServiceImpl] : viewImage format ==> 2023_01_16
[2024/01/19-15:42:49] [http-nio-2022-exec-3] [INFO ] [cn.xuanq.blog.services.impl.ImageServiceImpl] : viewImage format ==> 2023_01_14
[2024/01/19-15:42:49] [http-nio-2022-exec-1] [INFO ] [cn.xuanq.blog.services.impl.ImageServiceImpl] : viewImage format ==> 2023_12_27
[2024/01/19-15:42:49] [http-nio-2022-exec-3] [INFO ] [cn.xuanq.blog.services.impl.ImageServiceImpl] : get image target path ==> D:\IDEA\workspace\images\2023_01_14\jpg\1063876069632770048.jpg
[2024/01/19-15:42:49] [http-nio-2022-exec-5] [INFO ] [cn.xuanq.blog.services.impl.ImageServiceImpl] : viewImage format ==> 2023_01_14
[2024/01/19-15:42:49] [http-nio-2022-exec-10] [INFO ] [cn.xuanq.blog.services.impl.ImageServiceImpl] : viewImage format ==> 2023_01_19
[2024/01/19-15:42:49] [http-nio-2022-exec-2] [INFO ] [cn.xuanq.blog.services.impl.ImageServiceImpl] : get image target path ==> D:\IDEA\workspace\images\2023_01_16\png\1064521667641868288.png
[2024/01/19-15:42:49] [http-nio-2022-exec-1] [INFO ] [cn.xuanq.blog.services.impl.ImageServiceImpl] : get image target path ==> D:\IDEA\workspace\images\2023_12_27\png\1189510907105902592.png
[2024/01/19-15:42:49] [http-nio-2022-exec-5] [INFO ] [cn.xuanq.blog.services.impl.ImageServiceImpl] : get image target path ==> D:\IDEA\workspace\images\2023_01_14\jpg\1063876289292664832.jpg
[2024/01/19-15:42:49] [http-nio-2022-exec-10] [INFO ] [cn.xuanq.blog.services.impl.ImageServiceImpl] : get image target path ==> D:\IDEA\workspace\images\2023_01_19\png\1065630535230947328.png
[2024/01/19-15:42:51] [http-nio-2022-exec-7] [INFO ] [cn.xuanq.blog.services.impl.ImageServiceImpl] : viewImage format ==> 2023_01_14
[2024/01/19-15:42:51] [http-nio-2022-exec-4] [INFO ] [cn.xuanq.blog.services.impl.ImageServiceImpl] : viewImage format ==> 2023_01_14
[2024/01/19-15:42:51] [http-nio-2022-exec-7] [INFO ] [cn.xuanq.blog.services.impl.ImageServiceImpl] : get image target path ==> D:\IDEA\workspace\images\2023_01_14\jpg\1063868991484723200.jpg
[2024/01/19-15:42:51] [http-nio-2022-exec-4] [INFO ] [cn.xuanq.blog.services.impl.ImageServiceImpl] : get image target path ==> D:\IDEA\workspace\images\2023_01_14\png\1063869334499098624.png
[2024/01/19-15:42:51] [http-nio-2022-exec-9] [INFO ] [cn.xuanq.blog.services.impl.ImageServiceImpl] : viewImage format ==> 2023_01_06
[2024/01/19-15:42:51] [http-nio-2022-exec-8] [INFO ] [cn.xuanq.blog.services.impl.ImageServiceImpl] : viewImage format ==> 2023_01_14
[2024/01/19-15:42:51] [http-nio-2022-exec-9] [INFO ] [cn.xuanq.blog.services.impl.ImageServiceImpl] : get image target path ==> D:\IDEA\workspace\images\2023_01_06\png\1060910061745864704.png
[2024/01/19-15:42:51] [http-nio-2022-exec-1] [INFO ] [cn.xuanq.blog.services.impl.ImageServiceImpl] : viewImage format ==> 2023_01_14
[2024/01/19-15:42:51] [http-nio-2022-exec-8] [INFO ] [cn.xuanq.blog.services.impl.ImageServiceImpl] : get image target path ==> D:\IDEA\workspace\images\2023_01_14\png\1063849525275262976.png
[2024/01/19-15:42:51] [http-nio-2022-exec-1] [INFO ] [cn.xuanq.blog.services.impl.ImageServiceImpl] : get image target path ==> D:\IDEA\workspace\images\2023_01_14\png\1063875726974910464.png
[2024/01/19-15:42:52] [http-nio-2022-exec-2] [INFO ] [cn.xuanq.blog.services.impl.ImageServiceImpl] : viewImage format ==> 2023_01_06
[2024/01/19-15:42:52] [http-nio-2022-exec-2] [INFO ] [cn.xuanq.blog.services.impl.ImageServiceImpl] : get image target path ==> D:\IDEA\workspace\images\2023_01_06\png\1060909120367886336.png
[2024/01/19-15:43:00] [http-nio-2022-exec-5] [INFO ] [cn.xuanq.blog.services.impl.ImageServiceImpl] : viewImage format ==> 2023_01_14
[2024/01/19-15:43:00] [http-nio-2022-exec-9] [INFO ] [cn.xuanq.blog.services.impl.ImageServiceImpl] : viewImage format ==> 2023_01_14
[2024/01/19-15:43:00] [http-nio-2022-exec-6] [INFO ] [cn.xuanq.blog.services.impl.ImageServiceImpl] : viewImage format ==> 2023_01_14
[2024/01/19-15:43:00] [http-nio-2022-exec-4] [INFO ] [cn.xuanq.blog.services.impl.ImageServiceImpl] : viewImage format ==> 2023_01_14
[2024/01/19-15:43:00] [http-nio-2022-exec-7] [INFO ] [cn.xuanq.blog.services.impl.ImageServiceImpl] : viewImage format ==> 2023_01_06
[2024/01/19-15:43:00] [http-nio-2022-exec-4] [INFO ] [cn.xuanq.blog.services.impl.ImageServiceImpl] : get image target path ==> D:\IDEA\workspace\images\2023_01_14\png\1063849525275262976.png
[2024/01/19-15:43:00] [http-nio-2022-exec-5] [INFO ] [cn.xuanq.blog.services.impl.ImageServiceImpl] : get image target path ==> D:\IDEA\workspace\images\2023_01_14\png\1063869334499098624.png
[2024/01/19-15:43:00] [http-nio-2022-exec-6] [INFO ] [cn.xuanq.blog.services.impl.ImageServiceImpl] : get image target path ==> D:\IDEA\workspace\images\2023_01_14\jpg\1063868991484723200.jpg
[2024/01/19-15:43:00] [http-nio-2022-exec-9] [INFO ] [cn.xuanq.blog.services.impl.ImageServiceImpl] : get image target path ==> D:\IDEA\workspace\images\2023_01_14\png\1063875726974910464.png
[2024/01/19-15:43:00] [http-nio-2022-exec-7] [INFO ] [cn.xuanq.blog.services.impl.ImageServiceImpl] : get image target path ==> D:\IDEA\workspace\images\2023_01_06\png\1060910061745864704.png
[2024/01/19-15:43:02] [http-nio-2022-exec-10] [INFO ] [cn.xuanq.blog.services.impl.ImageServiceImpl] : viewImage format ==> 2023_01_19
[2024/01/19-15:43:02] [http-nio-2022-exec-3] [INFO ] [cn.xuanq.blog.services.impl.ImageServiceImpl] : viewImage format ==> 2023_01_14
[2024/01/19-15:43:02] [http-nio-2022-exec-10] [INFO ] [cn.xuanq.blog.services.impl.ImageServiceImpl] : get image target path ==> D:\IDEA\workspace\images\2023_01_19\png\1065630535230947328.png
[2024/01/19-15:43:02] [http-nio-2022-exec-3] [INFO ] [cn.xuanq.blog.services.impl.ImageServiceImpl] : get image target path ==> D:\IDEA\workspace\images\2023_01_14\jpg\1063876289292664832.jpg
[2024/01/19-15:43:02] [http-nio-2022-exec-2] [INFO ] [cn.xuanq.blog.services.impl.ImageServiceImpl] : viewImage format ==> 2023_01_16
[2024/01/19-15:43:02] [http-nio-2022-exec-8] [INFO ] [cn.xuanq.blog.services.impl.ImageServiceImpl] : viewImage format ==> 2023_12_27
[2024/01/19-15:43:02] [http-nio-2022-exec-2] [INFO ] [cn.xuanq.blog.services.impl.ImageServiceImpl] : get image target path ==> D:\IDEA\workspace\images\2023_01_16\png\1064521667641868288.png
[2024/01/19-15:43:02] [http-nio-2022-exec-5] [INFO ] [cn.xuanq.blog.services.impl.ImageServiceImpl] : viewImage format ==> 2023_01_14
[2024/01/19-15:43:02] [http-nio-2022-exec-8] [INFO ] [cn.xuanq.blog.services.impl.ImageServiceImpl] : get image target path ==> D:\IDEA\workspace\images\2023_12_27\png\1189510907105902592.png
[2024/01/19-15:43:02] [http-nio-2022-exec-5] [INFO ] [cn.xuanq.blog.services.impl.ImageServiceImpl] : get image target path ==> D:\IDEA\workspace\images\2023_01_14\jpg\1063876069632770048.jpg
[2024/01/19-15:43:03] [http-nio-2022-exec-7] [INFO ] [cn.xuanq.blog.services.impl.ImageServiceImpl] : viewImage format ==> 2023_01_14
[2024/01/19-15:43:03] [http-nio-2022-exec-4] [INFO ] [cn.xuanq.blog.services.impl.ImageServiceImpl] : viewImage format ==> 2023_01_14
[2024/01/19-15:43:03] [http-nio-2022-exec-10] [INFO ] [cn.xuanq.blog.services.impl.ImageServiceImpl] : viewImage format ==> 2023_01_06
[2024/01/19-15:43:03] [http-nio-2022-exec-7] [INFO ] [cn.xuanq.blog.services.impl.ImageServiceImpl] : get image target path ==> D:\IDEA\workspace\images\2023_01_14\png\1063875726974910464.png
[2024/01/19-15:43:03] [http-nio-2022-exec-1] [INFO ] [cn.xuanq.blog.services.impl.ImageServiceImpl] : viewImage format ==> 2023_01_14
[2024/01/19-15:43:03] [http-nio-2022-exec-9] [INFO ] [cn.xuanq.blog.services.impl.ImageServiceImpl] : viewImage format ==> 2023_01_14
[2024/01/19-15:43:03] [http-nio-2022-exec-4] [INFO ] [cn.xuanq.blog.services.impl.ImageServiceImpl] : get image target path ==> D:\IDEA\workspace\images\2023_01_14\png\1063869334499098624.png
[2024/01/19-15:43:03] [http-nio-2022-exec-1] [INFO ] [cn.xuanq.blog.services.impl.ImageServiceImpl] : get image target path ==> D:\IDEA\workspace\images\2023_01_14\png\1063849525275262976.png
[2024/01/19-15:43:03] [http-nio-2022-exec-10] [INFO ] [cn.xuanq.blog.services.impl.ImageServiceImpl] : get image target path ==> D:\IDEA\workspace\images\2023_01_06\png\1060910061745864704.png
[2024/01/19-15:43:03] [http-nio-2022-exec-9] [INFO ] [cn.xuanq.blog.services.impl.ImageServiceImpl] : get image target path ==> D:\IDEA\workspace\images\2023_01_14\jpg\1063868991484723200.jpg
[2024/01/19-15:43:04] [http-nio-2022-exec-8] [INFO ] [cn.xuanq.blog.services.impl.ImageServiceImpl] : viewImage format ==> 2023_01_06
[2024/01/19-15:43:04] [http-nio-2022-exec-8] [INFO ] [cn.xuanq.blog.services.impl.ImageServiceImpl] : get image target path ==> D:\IDEA\workspace\images\2023_01_06\png\1060909120367886336.png
[2024/01/19-15:43:05] [http-nio-2022-exec-5] [INFO ] [cn.xuanq.blog.services.impl.ImageServiceImpl] : viewImage format ==> 2023_12_27
[2024/01/19-15:43:05] [http-nio-2022-exec-9] [INFO ] [cn.xuanq.blog.services.impl.ImageServiceImpl] : viewImage format ==> 2023_01_14
[2024/01/19-15:43:05] [http-nio-2022-exec-10] [INFO ] [cn.xuanq.blog.services.impl.ImageServiceImpl] : viewImage format ==> 2023_01_14
[2024/01/19-15:43:05] [http-nio-2022-exec-4] [INFO ] [cn.xuanq.blog.services.impl.ImageServiceImpl] : viewImage format ==> 2023_01_16
[2024/01/19-15:43:05] [http-nio-2022-exec-6] [INFO ] [cn.xuanq.blog.services.impl.ImageServiceImpl] : viewImage format ==> 2023_01_19
[2024/01/19-15:43:05] [http-nio-2022-exec-4] [INFO ] [cn.xuanq.blog.services.impl.ImageServiceImpl] : get image target path ==> D:\IDEA\workspace\images\2023_01_16\png\1064521667641868288.png
[2024/01/19-15:43:05] [http-nio-2022-exec-5] [INFO ] [cn.xuanq.blog.services.impl.ImageServiceImpl] : get image target path ==> D:\IDEA\workspace\images\2023_12_27\png\1189510907105902592.png
[2024/01/19-15:43:05] [http-nio-2022-exec-9] [INFO ] [cn.xuanq.blog.services.impl.ImageServiceImpl] : get image target path ==> D:\IDEA\workspace\images\2023_01_14\jpg\1063876289292664832.jpg
[2024/01/19-15:43:05] [http-nio-2022-exec-10] [INFO ] [cn.xuanq.blog.services.impl.ImageServiceImpl] : get image target path ==> D:\IDEA\workspace\images\2023_01_14\jpg\1063876069632770048.jpg
[2024/01/19-15:43:05] [http-nio-2022-exec-6] [INFO ] [cn.xuanq.blog.services.impl.ImageServiceImpl] : get image target path ==> D:\IDEA\workspace\images\2023_01_19\png\1065630535230947328.png
[2024/01/19-19:42:24] [http-nio-2022-exec-6] [INFO ] [cn.xuanq.blog.services.impl.UserServiceImpl] :   0
[2024/01/19-19:42:45] [http-nio-2022-exec-4] [INFO ] [cn.xuanq.blog.services.impl.UserServiceImpl] : content ==> znehk
[2024/01/19-19:43:05] [http-nio-2022-exec-3] [INFO ] [cn.xuanq.blog.services.impl.UserServiceImpl] :   1
[2024/01/19-19:45:49] [http-nio-2022-exec-5] [INFO ] [cn.xuanq.blog.services.impl.ArticleServiceImpl] : article list first page from redis
[2024/01/19-20:30:01] [http-nio-2022-exec-8] [INFO ] [cn.xuanq.blog.utils.CookieUtils] : cookie is null...
[2024/01/19-20:30:01] [http-nio-2022-exec-2] [INFO ] [cn.xuanq.blog.services.impl.UserServiceImpl] : content ==> bdmf3
[2024/01/19-20:30:21] [http-nio-2022-exec-6] [INFO ] [cn.xuanq.blog.services.impl.UserServiceImpl] :   1
[2024/01/19-20:41:17] [http-nio-2022-exec-9] [INFO ] [cn.xuanq.blog.services.impl.ArticleServiceImpl] : article list first page from redis
[2024/01/19-20:43:59] [http-nio-2022-exec-9] [INFO ] [cn.xuanq.blog.services.impl.ImageServiceImpl] : viewImage format ==> 2023_12_27
[2024/01/19-20:43:59] [http-nio-2022-exec-8] [INFO ] [cn.xuanq.blog.services.impl.ImageServiceImpl] : viewImage format ==> 2023_01_14
[2024/01/19-20:43:59] [http-nio-2022-exec-1] [INFO ] [cn.xuanq.blog.services.impl.ImageServiceImpl] : viewImage format ==> 2023_01_16
[2024/01/19-20:43:59] [http-nio-2022-exec-3] [INFO ] [cn.xuanq.blog.services.impl.ImageServiceImpl] : viewImage format ==> 2023_01_19
[2024/01/19-20:43:59] [http-nio-2022-exec-9] [INFO ] [cn.xuanq.blog.services.impl.ImageServiceImpl] : get image target path ==> D:\IDEA\workspace\images\2023_12_27\png\1189510907105902592.png
[2024/01/19-20:43:59] [http-nio-2022-exec-8] [INFO ] [cn.xuanq.blog.services.impl.ImageServiceImpl] : get image target path ==> D:\IDEA\workspace\images\2023_01_14\jpg\1063876069632770048.jpg
[2024/01/19-20:43:59] [http-nio-2022-exec-1] [INFO ] [cn.xuanq.blog.services.impl.ImageServiceImpl] : get image target path ==> D:\IDEA\workspace\images\2023_01_16\png\1064521667641868288.png
[2024/01/19-20:43:59] [http-nio-2022-exec-3] [INFO ] [cn.xuanq.blog.services.impl.ImageServiceImpl] : get image target path ==> D:\IDEA\workspace\images\2023_01_19\png\1065630535230947328.png
[2024/01/19-20:43:59] [http-nio-2022-exec-7] [INFO ] [cn.xuanq.blog.services.impl.ImageServiceImpl] : viewImage format ==> 2023_01_14
[2024/01/19-20:43:59] [http-nio-2022-exec-7] [INFO ] [cn.xuanq.blog.services.impl.ImageServiceImpl] : get image target path ==> D:\IDEA\workspace\images\2023_01_14\jpg\1063876289292664832.jpg
