[2023/03/06-18:20:33] [main] [INFO ] [cn.xuanq.blog.BlogApplication] : Starting BlogApplication on LAPTOP-HQ3J527O with PID 2880 (D:\IDEA\workspace\InisBlogSystem\target\classes started by Li in D:\IDEA\workspace\InisBlogSystem)
[2023/03/06-18:20:33] [main] [INFO ] [cn.xuanq.blog.BlogApplication] : The following profiles are active: dev
[2023/03/06-18:20:38] [main] [INFO ] [cn.xuanq.blog.BlogApplication] : Started BlogApplication in 5.716 seconds (JVM running for 6.884)
[2023/03/06-18:20:38] [main] [INFO ] [cn.xuanq.blog.BlogApplication] : run...
[2023/03/06-18:22:03] [http-nio-2022-exec-2] [INFO ] [cn.xuanq.blog.services.impl.UserServiceImpl] : content ==> 5
[2023/03/06-18:22:24] [http-nio-2022-exec-8] [INFO ] [cn.xuanq.blog.services.impl.UserServiceImpl] :   1
[2023/03/06-18:23:32] [http-nio-2022-exec-2] [INFO ] [cn.xuanq.blog.services.impl.ArticleServiceImpl] : article list first page from redis
[2023/03/06-18:23:35] [http-nio-2022-exec-10] [INFO ] [cn.xuanq.blog.services.impl.ArticleServiceImpl] : article list first page from redis
[2023/03/06-18:23:42] [http-nio-2022-exec-6] [INFO ] [cn.xuanq.blog.services.impl.ArticleServiceImpl] : article list first page from redis
[2023/03/06-18:23:46] [http-nio-2022-exec-1] [INFO ] [cn.xuanq.blog.services.impl.ImageServiceImpl] : viewImage format ==> 2023_01_17
[2023/03/06-18:23:46] [http-nio-2022-exec-1] [INFO ] [cn.xuanq.blog.services.impl.ImageServiceImpl] : get image target path ==> D:\IDEA\workspace\images\2023_01_17\png\1064925064178171904.png
[2023/03/06-18:23:53] [http-nio-2022-exec-10] [INFO ] [cn.xuanq.blog.services.impl.ImageServiceImpl] : viewImage format ==> 2023_01_17
[2023/03/06-18:23:53] [http-nio-2022-exec-10] [INFO ] [cn.xuanq.blog.services.impl.ImageServiceImpl] : get image target path ==> D:\IDEA\workspace\images\2023_01_17\png\1064925064178171904.png
[2023/03/06-18:24:06] [http-nio-2022-exec-7] [INFO ] [cn.xuanq.blog.services.impl.ImageServiceImpl] : viewImage format ==> 2023_01_17
[2023/03/06-18:24:06] [http-nio-2022-exec-7] [INFO ] [cn.xuanq.blog.services.impl.ImageServiceImpl] : get image target path ==> D:\IDEA\workspace\images\2023_01_17\png\1064925064178171904.png
[2023/03/06-18:24:13] [http-nio-2022-exec-2] [INFO ] [cn.xuanq.blog.services.impl.ImageServiceImpl] : viewImage format ==> 2023_01_14
[2023/03/06-18:24:13] [http-nio-2022-exec-2] [INFO ] [cn.xuanq.blog.services.impl.ImageServiceImpl] : get image target path ==> D:\IDEA\workspace\images\2023_01_14\jpg\1063876289292664832.jpg
[2023/03/06-18:24:13] [http-nio-2022-exec-8] [INFO ] [cn.xuanq.blog.services.impl.ImageServiceImpl] : viewImage format ==> 2023_01_14
[2023/03/06-18:24:13] [http-nio-2022-exec-8] [INFO ] [cn.xuanq.blog.services.impl.ImageServiceImpl] : get image target path ==> D:\IDEA\workspace\images\2023_01_14\png\1063875726974910464.png
[2023/03/06-18:24:18] [http-nio-2022-exec-6] [INFO ] [cn.xuanq.blog.services.impl.ImageServiceImpl] : viewImage format ==> 2023_01_17
[2023/03/06-18:24:18] [http-nio-2022-exec-6] [INFO ] [cn.xuanq.blog.services.impl.ImageServiceImpl] : get image target path ==> D:\IDEA\workspace\images\2023_01_17\png\1064925064178171904.png
[2023/03/06-18:24:20] [http-nio-2022-exec-9] [INFO ] [cn.xuanq.blog.services.impl.ImageServiceImpl] : viewImage format ==> 2023_01_17
[2023/03/06-18:24:20] [http-nio-2022-exec-9] [INFO ] [cn.xuanq.blog.services.impl.ImageServiceImpl] : get image target path ==> D:\IDEA\workspace\images\2023_01_17\png\1064915527425589248.png
[2023/03/06-18:24:26] [http-nio-2022-exec-6] [INFO ] [cn.xuanq.blog.services.impl.ImageServiceImpl] : viewImage format ==> 2023_01_17
[2023/03/06-18:24:26] [http-nio-2022-exec-6] [INFO ] [cn.xuanq.blog.services.impl.ImageServiceImpl] : get image target path ==> D:\IDEA\workspace\images\2023_01_17\png\1064925064178171904.png
[2023/03/06-18:24:44] [http-nio-2022-exec-7] [INFO ] [cn.xuanq.blog.services.impl.ArticleServiceImpl] : article list first page from redis
[2023/03/06-18:24:46] [http-nio-2022-exec-1] [INFO ] [cn.xuanq.blog.services.impl.ImageServiceImpl] : viewImage format ==> 2023_01_19
[2023/03/06-18:24:46] [http-nio-2022-exec-1] [INFO ] [cn.xuanq.blog.services.impl.ImageServiceImpl] : get image target path ==> D:\IDEA\workspace\images\2023_01_19\png\1065630535230947328.png
[2023/03/06-18:24:56] [http-nio-2022-exec-5] [INFO ] [cn.xuanq.blog.services.impl.ArticleServiceImpl] : article list first page from redis
[2023/03/06-18:25:04] [http-nio-2022-exec-7] [INFO ] [cn.xuanq.blog.services.impl.ArticleServiceImpl] : article list first page from redis
[2023/03/06-18:26:08] [http-nio-2022-exec-3] [INFO ] [cn.xuanq.blog.services.impl.ImageServiceImpl] : viewImage format ==> 2023_01_19
[2023/03/06-18:26:08] [http-nio-2022-exec-3] [INFO ] [cn.xuanq.blog.services.impl.ImageServiceImpl] : get image target path ==> D:\IDEA\workspace\images\2023_01_19\png\1065630535230947328.png
[2023/03/06-18:26:10] [http-nio-2022-exec-4] [INFO ] [cn.xuanq.blog.services.impl.ArticleServiceImpl] : article list first page from redis
[2023/03/06-19:00:26] [http-nio-2022-exec-7] [INFO ] [cn.xuanq.blog.services.impl.ArticleServiceImpl] : article list first page from redis
[2023/03/06-19:03:02] [http-nio-2022-exec-10] [INFO ] [cn.xuanq.blog.services.impl.ArticleServiceImpl] : article list first page from redis
[2023/03/06-19:03:08] [http-nio-2022-exec-3] [INFO ] [cn.xuanq.blog.services.impl.ArticleServiceImpl] : article list first page from redis
[2023/03/06-19:03:14] [http-nio-2022-exec-6] [INFO ] [cn.xuanq.blog.services.impl.ArticleServiceImpl] : article list first page from redis
[2023/03/06-19:03:16] [http-nio-2022-exec-8] [INFO ] [cn.xuanq.blog.services.impl.ImageServiceImpl] : viewImage format ==> 2023_01_19
[2023/03/06-19:03:16] [http-nio-2022-exec-8] [INFO ] [cn.xuanq.blog.services.impl.ImageServiceImpl] : get image target path ==> D:\IDEA\workspace\images\2023_01_19\png\1065630535230947328.png
[2023/03/06-19:03:18] [http-nio-2022-exec-1] [INFO ] [cn.xuanq.blog.services.impl.ArticleServiceImpl] : article list first page from redis
[2023/03/06-19:03:29] [http-nio-2022-exec-8] [INFO ] [cn.xuanq.blog.services.impl.ArticleServiceImpl] : article list first page from redis
[2023/03/06-19:03:34] [http-nio-2022-exec-3] [INFO ] [cn.xuanq.blog.services.impl.ArticleServiceImpl] : article list first page from redis
[2023/03/06-19:03:39] [http-nio-2022-exec-6] [INFO ] [cn.xuanq.blog.services.impl.ArticleServiceImpl] : article list first page from redis
[2023/03/06-19:03:43] [http-nio-2022-exec-4] [INFO ] [cn.xuanq.blog.services.impl.ArticleServiceImpl] : article list first page from redis
[2023/03/06-19:24:06] [http-nio-2022-exec-3] [INFO ] [cn.xuanq.blog.services.impl.ArticleServiceImpl] : article list first page from redis
[2023/03/06-19:32:59] [http-nio-2022-exec-8] [INFO ] [cn.xuanq.blog.services.impl.ArticleServiceImpl] : article list first page from redis
[2023/03/06-19:33:05] [http-nio-2022-exec-6] [INFO ] [cn.xuanq.blog.services.impl.ArticleServiceImpl] : article list first page from redis
[2023/03/06-19:34:37] [http-nio-2022-exec-1] [INFO ] [cn.xuanq.blog.services.impl.ArticleServiceImpl] : article list first page from redis
[2023/03/06-19:37:25] [http-nio-2022-exec-2] [INFO ] [cn.xuanq.blog.services.impl.ArticleServiceImpl] : article list first page from redis
[2023/03/06-19:37:28] [http-nio-2022-exec-10] [INFO ] [cn.xuanq.blog.services.impl.ArticleServiceImpl] : article list first page from redis
[2023/03/06-19:42:14] [main] [INFO ] [cn.xuanq.blog.BlogApplication] : Starting BlogApplication on LAPTOP-HQ3J527O with PID 16800 (D:\IDEA\workspace\InisBlogSystem\target\classes started by Li in D:\IDEA\workspace\InisBlogSystem)
[2023/03/06-19:42:14] [main] [INFO ] [cn.xuanq.blog.BlogApplication] : The following profiles are active: dev
[2023/03/06-19:42:19] [main] [INFO ] [cn.xuanq.blog.BlogApplication] : Started BlogApplication in 5.301 seconds (JVM running for 6.349)
[2023/03/06-19:42:19] [main] [INFO ] [cn.xuanq.blog.BlogApplication] : run...
[2023/03/06-19:43:02] [http-nio-2022-exec-2] [INFO ] [cn.xuanq.blog.services.impl.ArticleServiceImpl] : article list first page from redis
[2023/03/06-19:43:47] [http-nio-2022-exec-7] [INFO ] [cn.xuanq.blog.services.impl.ArticleServiceImpl] : article list first page from redis
[2023/03/06-19:45:03] [http-nio-2022-exec-6] [INFO ] [cn.xuanq.blog.services.impl.ArticleServiceImpl] : article list first page from redis
[2023/03/06-19:45:08] [http-nio-2022-exec-8] [INFO ] [cn.xuanq.blog.services.impl.ArticleServiceImpl] : article list first page from redis
[2023/03/06-19:45:13] [http-nio-2022-exec-1] [INFO ] [cn.xuanq.blog.services.impl.ArticleServiceImpl] : article list first page from redis
[2023/03/06-19:45:21] [http-nio-2022-exec-8] [INFO ] [cn.xuanq.blog.services.impl.ArticleServiceImpl] : article list first page from redis
[2023/03/06-19:45:41] [http-nio-2022-exec-7] [INFO ] [cn.xuanq.blog.services.impl.ArticleServiceImpl] : article list first page from redis
[2023/03/06-19:45:50] [http-nio-2022-exec-10] [INFO ] [cn.xuanq.blog.services.impl.ArticleServiceImpl] : article list first page from redis
[2023/03/06-19:46:00] [http-nio-2022-exec-8] [INFO ] [cn.xuanq.blog.services.impl.ArticleServiceImpl] : article list first page from redis
[2023/03/06-19:46:03] [http-nio-2022-exec-2] [INFO ] [cn.xuanq.blog.services.impl.ImageServiceImpl] : viewImage format ==> 2023_01_19
[2023/03/06-19:46:03] [http-nio-2022-exec-2] [INFO ] [cn.xuanq.blog.services.impl.ImageServiceImpl] : get image target path ==> D:\IDEA\workspace\images\2023_01_19\png\1065630535230947328.png
[2023/03/06-19:46:06] [http-nio-2022-exec-3] [INFO ] [cn.xuanq.blog.services.impl.ArticleServiceImpl] : article list first page from redis
[2023/03/06-19:46:15] [http-nio-2022-exec-2] [INFO ] [cn.xuanq.blog.services.impl.ArticleServiceImpl] : article list first page from redis
[2023/03/06-19:46:19] [http-nio-2022-exec-3] [INFO ] [cn.xuanq.blog.services.impl.ArticleServiceImpl] : article list first page from redis
[2023/03/06-20:01:05] [http-nio-2022-exec-2] [INFO ] [cn.xuanq.blog.utils.CookieUtils] : cookie is null...
[2023/03/06-20:01:06] [http-nio-2022-exec-1] [INFO ] [cn.xuanq.blog.services.impl.UserServiceImpl] : content ==> 8
[2023/03/06-20:01:10] [http-nio-2022-exec-4] [INFO ] [cn.xuanq.blog.utils.CookieUtils] : cookie is null...
[2023/03/06-20:01:10] [http-nio-2022-exec-3] [INFO ] [cn.xuanq.blog.services.impl.UserServiceImpl] : content ==> 7pvdm
[2023/03/06-20:01:27] [http-nio-2022-exec-5] [INFO ] [cn.xuanq.blog.utils.CookieUtils] : cookie is null...
[2023/03/06-20:01:28] [http-nio-2022-exec-8] [INFO ] [cn.xuanq.blog.services.impl.UserServiceImpl] : content ==> ned3j
[2023/03/06-20:01:57] [http-nio-2022-exec-6] [INFO ] [cn.xuanq.blog.services.impl.UserServiceImpl] : content ==> 36
[2023/03/06-20:02:09] [http-nio-2022-exec-9] [INFO ] [cn.xuanq.blog.utils.CookieUtils] : cookie is null...
[2023/03/06-20:02:09] [http-nio-2022-exec-7] [INFO ] [cn.xuanq.blog.services.impl.UserServiceImpl] : content ==> jabub
[2023/03/06-20:02:50] [http-nio-2022-exec-10] [INFO ] [cn.xuanq.blog.utils.CookieUtils] : cookie is null...
[2023/03/06-20:02:50] [http-nio-2022-exec-2] [INFO ] [cn.xuanq.blog.services.impl.UserServiceImpl] : content ==> 4
[2023/03/06-20:03:11] [http-nio-2022-exec-4] [INFO ] [cn.xuanq.blog.services.impl.UserServiceImpl] : content ==> 12
[2023/03/06-20:03:16] [http-nio-2022-exec-5] [INFO ] [cn.xuanq.blog.services.impl.UserServiceImpl] : content ==> kc7bh
[2023/03/06-20:03:24] [http-nio-2022-exec-6] [INFO ] [cn.xuanq.blog.services.impl.UserServiceImpl] : content ==> kjhfa
[2023/03/06-20:04:11] [http-nio-2022-exec-9] [INFO ] [cn.xuanq.blog.services.impl.UserServiceImpl] :   1
[2023/03/06-20:06:18] [http-nio-2022-exec-1] [INFO ] [cn.xuanq.blog.utils.CookieUtils] : cookie is null...
[2023/03/06-20:06:18] [http-nio-2022-exec-4] [INFO ] [cn.xuanq.blog.services.impl.UserServiceImpl] : content ==> 0
[2023/03/06-20:06:56] [http-nio-2022-exec-3] [INFO ] [cn.xuanq.blog.services.impl.UserServiceImpl] : content ==> 5
[2023/03/06-20:07:01] [http-nio-2022-exec-5] [INFO ] [cn.xuanq.blog.services.impl.UserServiceImpl] :   1
[2023/03/06-20:08:00] [http-nio-2022-exec-4] [INFO ] [cn.xuanq.blog.services.impl.ImageServiceImpl] : contentType ==> image/png
[2023/03/06-20:08:00] [http-nio-2022-exec-4] [INFO ] [cn.xuanq.blog.services.impl.ImageServiceImpl] : originalFilename ==> file.png
[2023/03/06-20:08:00] [http-nio-2022-exec-4] [INFO ] [cn.xuanq.blog.services.impl.ImageServiceImpl] : max-size ==> 2097152size ==> 79351
[2023/03/06-20:08:00] [http-nio-2022-exec-4] [INFO ] [cn.xuanq.blog.services.impl.ImageServiceImpl] : currentDay ==> 2023_03_06
[2023/03/06-20:08:00] [http-nio-2022-exec-4] [INFO ] [cn.xuanq.blog.services.impl.ImageServiceImpl] : targetFile ==> D:\IDEA\workspace\images\2023_03_06\png\1082394172284993536.png
[2023/03/06-20:08:03] [http-nio-2022-exec-8] [INFO ] [cn.xuanq.blog.services.impl.ArticleServiceImpl] : article list first page from redis
[2023/03/06-20:08:05] [http-nio-2022-exec-10] [INFO ] [cn.xuanq.blog.services.impl.ArticleServiceImpl] : article list first page from redis
[2023/03/06-20:08:25] [http-nio-2022-exec-10] [INFO ] [cn.xuanq.blog.services.impl.ArticleServiceImpl] : article list first page from redis
[2023/03/06-20:08:29] [http-nio-2022-exec-3] [INFO ] [cn.xuanq.blog.services.impl.ImageServiceImpl] : viewImage format ==> 2023_01_17
[2023/03/06-20:08:29] [http-nio-2022-exec-3] [INFO ] [cn.xuanq.blog.services.impl.ImageServiceImpl] : get image target path ==> D:\IDEA\workspace\images\2023_01_17\png\1064925064178171904.png
[2023/03/06-20:08:35] [http-nio-2022-exec-2] [INFO ] [cn.xuanq.blog.services.impl.ImageServiceImpl] : viewImage format ==> 2023_01_14
[2023/03/06-20:08:35] [http-nio-2022-exec-1] [INFO ] [cn.xuanq.blog.services.impl.ImageServiceImpl] : viewImage format ==> 2023_01_14
[2023/03/06-20:08:35] [http-nio-2022-exec-2] [INFO ] [cn.xuanq.blog.services.impl.ImageServiceImpl] : get image target path ==> D:\IDEA\workspace\images\2023_01_14\jpg\1063876289292664832.jpg
[2023/03/06-20:08:35] [http-nio-2022-exec-1] [INFO ] [cn.xuanq.blog.services.impl.ImageServiceImpl] : get image target path ==> D:\IDEA\workspace\images\2023_01_14\png\1063875726974910464.png
[2023/03/06-20:08:37] [http-nio-2022-exec-3] [INFO ] [cn.xuanq.blog.services.impl.ImageServiceImpl] : viewImage format ==> 2023_01_17
[2023/03/06-20:08:37] [http-nio-2022-exec-3] [INFO ] [cn.xuanq.blog.services.impl.ImageServiceImpl] : get image target path ==> D:\IDEA\workspace\images\2023_01_17\png\1064915527425589248.png
[2023/03/06-20:08:37] [http-nio-2022-exec-7] [INFO ] [cn.xuanq.blog.services.impl.ImageServiceImpl] : viewImage format ==> 2023_01_17
[2023/03/06-20:08:37] [http-nio-2022-exec-7] [INFO ] [cn.xuanq.blog.services.impl.ImageServiceImpl] : get image target path ==> D:\IDEA\workspace\images\2023_01_17\png\1064925064178171904.png
[2023/03/06-20:08:38] [http-nio-2022-exec-2] [INFO ] [cn.xuanq.blog.services.impl.ImageServiceImpl] : viewImage format ==> 2023_01_17
[2023/03/06-20:08:38] [http-nio-2022-exec-2] [INFO ] [cn.xuanq.blog.services.impl.ImageServiceImpl] : get image target path ==> D:\IDEA\workspace\images\2023_01_17\png\1064915527425589248.png
[2023/03/06-20:08:40] [http-nio-2022-exec-6] [INFO ] [cn.xuanq.blog.services.impl.ImageServiceImpl] : viewImage format ==> 2023_01_17
[2023/03/06-20:08:40] [http-nio-2022-exec-6] [INFO ] [cn.xuanq.blog.services.impl.ImageServiceImpl] : get image target path ==> D:\IDEA\workspace\images\2023_01_17\png\1064925064178171904.png
[2023/03/06-20:08:41] [http-nio-2022-exec-9] [INFO ] [cn.xuanq.blog.services.impl.ImageServiceImpl] : viewImage format ==> 2023_01_17
[2023/03/06-20:08:41] [http-nio-2022-exec-9] [INFO ] [cn.xuanq.blog.services.impl.ImageServiceImpl] : get image target path ==> D:\IDEA\workspace\images\2023_01_17\png\1064915527425589248.png
[2023/03/06-20:08:52] [http-nio-2022-exec-3] [INFO ] [cn.xuanq.blog.services.impl.ImageServiceImpl] : contentType ==> image/png
[2023/03/06-20:08:52] [http-nio-2022-exec-3] [INFO ] [cn.xuanq.blog.services.impl.ImageServiceImpl] : originalFilename ==> file.png
[2023/03/06-20:08:52] [http-nio-2022-exec-3] [INFO ] [cn.xuanq.blog.services.impl.ImageServiceImpl] : max-size ==> 2097152size ==> 79351
[2023/03/06-20:08:52] [http-nio-2022-exec-3] [INFO ] [cn.xuanq.blog.services.impl.ImageServiceImpl] : currentDay ==> 2023_03_06
[2023/03/06-20:08:52] [http-nio-2022-exec-3] [INFO ] [cn.xuanq.blog.services.impl.ImageServiceImpl] : targetFile ==> D:\IDEA\workspace\images\2023_03_06\png\1082394388958543872.png
[2023/03/06-20:09:10] [http-nio-2022-exec-2] [INFO ] [cn.xuanq.blog.services.impl.ImageServiceImpl] : viewImage format ==> 2023_01_17
[2023/03/06-20:09:10] [http-nio-2022-exec-2] [INFO ] [cn.xuanq.blog.services.impl.ImageServiceImpl] : get image target path ==> D:\IDEA\workspace\images\2023_01_17\png\1064915527425589248.png
[2023/03/06-20:09:12] [http-nio-2022-exec-5] [INFO ] [cn.xuanq.blog.services.impl.ImageServiceImpl] : viewImage format ==> 2023_01_17
[2023/03/06-20:09:12] [http-nio-2022-exec-5] [INFO ] [cn.xuanq.blog.services.impl.ImageServiceImpl] : get image target path ==> D:\IDEA\workspace\images\2023_01_17\png\1064925064178171904.png
[2023/03/06-20:09:21] [http-nio-2022-exec-2] [INFO ] [cn.xuanq.blog.services.impl.ArticleServiceImpl] : article list first page from redis
[2023/03/06-20:12:47] [http-nio-2022-exec-5] [INFO ] [cn.xuanq.blog.services.impl.ImageServiceImpl] : contentType ==> image/png
[2023/03/06-20:12:47] [http-nio-2022-exec-5] [INFO ] [cn.xuanq.blog.services.impl.ImageServiceImpl] : originalFilename ==> file.png
[2023/03/06-20:12:47] [http-nio-2022-exec-5] [INFO ] [cn.xuanq.blog.services.impl.ImageServiceImpl] : max-size ==> 2097152size ==> 81842
[2023/03/06-20:12:47] [http-nio-2022-exec-5] [INFO ] [cn.xuanq.blog.services.impl.ImageServiceImpl] : currentDay ==> 2023_03_06
[2023/03/06-20:12:47] [http-nio-2022-exec-5] [INFO ] [cn.xuanq.blog.services.impl.ImageServiceImpl] : targetFile ==> D:\IDEA\workspace\images\2023_03_06\png\1082395373881786368.png
[2023/03/06-20:12:47] [http-nio-2022-exec-3] [INFO ] [cn.xuanq.blog.services.impl.ImageServiceImpl] : viewImage format ==> 2023_03_06
[2023/03/06-20:12:47] [http-nio-2022-exec-3] [INFO ] [cn.xuanq.blog.services.impl.ImageServiceImpl] : get image target path ==> D:\IDEA\workspace\images\2023_03_06\png\1082395373881786368.png
[2023/03/06-20:13:55] [http-nio-2022-exec-8] [INFO ] [cn.xuanq.blog.services.impl.UserServiceImpl] : content ==> 11
[2023/03/06-20:14:40] [http-nio-2022-exec-9] [INFO ] [cn.xuanq.blog.services.impl.ImageServiceImpl] : contentType ==> image/png
[2023/03/06-20:14:40] [http-nio-2022-exec-9] [INFO ] [cn.xuanq.blog.services.impl.ImageServiceImpl] : originalFilename ==> file.png
[2023/03/06-20:14:40] [http-nio-2022-exec-9] [INFO ] [cn.xuanq.blog.services.impl.ImageServiceImpl] : max-size ==> 2097152size ==> 78843
[2023/03/06-20:14:40] [http-nio-2022-exec-9] [INFO ] [cn.xuanq.blog.services.impl.ImageServiceImpl] : currentDay ==> 2023_03_06
[2023/03/06-20:14:40] [http-nio-2022-exec-9] [INFO ] [cn.xuanq.blog.services.impl.ImageServiceImpl] : targetFile ==> D:\IDEA\workspace\images\2023_03_06\png\1082395851063558144.png
[2023/03/06-20:15:10] [http-nio-2022-exec-10] [INFO ] [cn.xuanq.blog.services.impl.UserServiceImpl] :   1
[2023/03/06-20:15:14] [http-nio-2022-exec-5] [INFO ] [cn.xuanq.blog.services.impl.ImageServiceImpl] : viewImage format ==> 2023_01_17
[2023/03/06-20:15:14] [http-nio-2022-exec-5] [INFO ] [cn.xuanq.blog.services.impl.ImageServiceImpl] : get image target path ==> D:\IDEA\workspace\images\2023_01_17\png\1064925064178171904.png
[2023/03/06-20:15:23] [http-nio-2022-exec-6] [INFO ] [cn.xuanq.blog.services.impl.ImageServiceImpl] : viewImage format ==> 2023_01_17
[2023/03/06-20:15:23] [http-nio-2022-exec-6] [INFO ] [cn.xuanq.blog.services.impl.ImageServiceImpl] : get image target path ==> D:\IDEA\workspace\images\2023_01_17\png\1064925064178171904.png
[2023/03/06-20:15:30] [http-nio-2022-exec-2] [INFO ] [cn.xuanq.blog.services.impl.ImageServiceImpl] : viewImage format ==> 2023_01_17
[2023/03/06-20:15:30] [http-nio-2022-exec-2] [INFO ] [cn.xuanq.blog.services.impl.ImageServiceImpl] : get image target path ==> D:\IDEA\workspace\images\2023_01_17\png\1064925064178171904.png
[2023/03/06-20:15:38] [http-nio-2022-exec-4] [INFO ] [cn.xuanq.blog.services.impl.UserServiceImpl] : content ==> wzuju
[2023/03/06-20:15:45] [http-nio-2022-exec-8] [INFO ] [cn.xuanq.blog.services.impl.UserServiceImpl] : content ==> dhwkg
[2023/03/06-20:15:50] [http-nio-2022-exec-10] [INFO ] [cn.xuanq.blog.services.impl.ImageServiceImpl] : viewImage format ==> 2023_01_17
[2023/03/06-20:15:50] [http-nio-2022-exec-10] [INFO ] [cn.xuanq.blog.services.impl.ImageServiceImpl] : get image target path ==> D:\IDEA\workspace\images\2023_01_17\png\1064925064178171904.png
[2023/03/06-20:15:52] [http-nio-2022-exec-2] [INFO ] [cn.xuanq.blog.services.impl.UserServiceImpl] :   1
[2023/03/06-20:16:05] [http-nio-2022-exec-8] [INFO ] [cn.xuanq.blog.services.impl.ImageServiceImpl] : contentType ==> image/png
[2023/03/06-20:16:05] [http-nio-2022-exec-8] [INFO ] [cn.xuanq.blog.services.impl.ImageServiceImpl] : originalFilename ==> file.png
[2023/03/06-20:16:05] [http-nio-2022-exec-8] [INFO ] [cn.xuanq.blog.services.impl.ImageServiceImpl] : max-size ==> 2097152size ==> 78843
[2023/03/06-20:16:05] [http-nio-2022-exec-8] [INFO ] [cn.xuanq.blog.services.impl.ImageServiceImpl] : currentDay ==> 2023_03_06
[2023/03/06-20:16:05] [http-nio-2022-exec-8] [INFO ] [cn.xuanq.blog.services.impl.ImageServiceImpl] : targetFile ==> D:\IDEA\workspace\images\2023_03_06\png\1082396207042527232.png
[2023/03/06-20:16:09] [http-nio-2022-exec-7] [INFO ] [cn.xuanq.blog.services.impl.UserServiceImpl] :   0
[2023/03/06-20:16:30] [http-nio-2022-exec-4] [INFO ] [cn.xuanq.blog.services.impl.ImageServiceImpl] : contentType ==> image/png
[2023/03/06-20:16:30] [http-nio-2022-exec-4] [INFO ] [cn.xuanq.blog.services.impl.ImageServiceImpl] : originalFilename ==> file.png
[2023/03/06-20:16:30] [http-nio-2022-exec-4] [INFO ] [cn.xuanq.blog.services.impl.ImageServiceImpl] : max-size ==> 2097152size ==> 81572
[2023/03/06-20:16:30] [http-nio-2022-exec-4] [INFO ] [cn.xuanq.blog.services.impl.ImageServiceImpl] : currentDay ==> 2023_03_06
[2023/03/06-20:16:30] [http-nio-2022-exec-4] [INFO ] [cn.xuanq.blog.services.impl.ImageServiceImpl] : targetFile ==> D:\IDEA\workspace\images\2023_03_06\png\1082396309064777728.png
[2023/03/06-20:16:30] [http-nio-2022-exec-1] [INFO ] [cn.xuanq.blog.services.impl.ImageServiceImpl] : viewImage format ==> 2023_03_06
[2023/03/06-20:16:30] [http-nio-2022-exec-1] [INFO ] [cn.xuanq.blog.services.impl.ImageServiceImpl] : get image target path ==> D:\IDEA\workspace\images\2023_03_06\png\1082396309064777728.png
[2023/03/06-20:16:49] [http-nio-2022-exec-2] [INFO ] [cn.xuanq.blog.services.impl.UserServiceImpl] : content ==> gjety
[2023/03/06-20:16:54] [http-nio-2022-exec-9] [INFO ] [cn.xuanq.blog.services.impl.ImageServiceImpl] : contentType ==> image/png
[2023/03/06-20:16:54] [http-nio-2022-exec-9] [INFO ] [cn.xuanq.blog.services.impl.ImageServiceImpl] : originalFilename ==> file.png
[2023/03/06-20:16:54] [http-nio-2022-exec-9] [INFO ] [cn.xuanq.blog.services.impl.ImageServiceImpl] : max-size ==> 2097152size ==> 118470
[2023/03/06-20:16:54] [http-nio-2022-exec-9] [INFO ] [cn.xuanq.blog.services.impl.ImageServiceImpl] : currentDay ==> 2023_03_06
[2023/03/06-20:16:54] [http-nio-2022-exec-9] [INFO ] [cn.xuanq.blog.services.impl.ImageServiceImpl] : targetFile ==> D:\IDEA\workspace\images\2023_03_06\png\1082396411355463680.png
[2023/03/06-20:17:56] [http-nio-2022-exec-6] [INFO ] [cn.xuanq.blog.services.impl.UserServiceImpl] : content ==> 11
[2023/03/06-20:18:01] [http-nio-2022-exec-7] [INFO ] [cn.xuanq.blog.services.impl.UserServiceImpl] :   1
[2023/03/06-20:18:04] [http-nio-2022-exec-4] [INFO ] [cn.xuanq.blog.services.impl.ImageServiceImpl] : viewImage format ==> 2023_03_06
[2023/03/06-20:18:04] [http-nio-2022-exec-4] [INFO ] [cn.xuanq.blog.services.impl.ImageServiceImpl] : get image target path ==> D:\IDEA\workspace\images\2023_03_06\png\1082396309064777728.png
[2023/03/06-20:21:17] [http-nio-2022-exec-9] [INFO ] [cn.xuanq.blog.services.impl.ImageServiceImpl] : viewImage format ==> 2023_01_17
[2023/03/06-20:21:17] [http-nio-2022-exec-9] [INFO ] [cn.xuanq.blog.services.impl.ImageServiceImpl] : get image target path ==> D:\IDEA\workspace\images\2023_01_17\png\1064915527425589248.png
[2023/03/06-20:21:21] [http-nio-2022-exec-5] [INFO ] [cn.xuanq.blog.services.impl.ImageServiceImpl] : viewImage format ==> 2023_03_06
[2023/03/06-20:21:21] [http-nio-2022-exec-5] [INFO ] [cn.xuanq.blog.services.impl.ImageServiceImpl] : get image target path ==> D:\IDEA\workspace\images\2023_03_06\png\1082396309064777728.png
[2023/03/06-20:21:25] [http-nio-2022-exec-10] [INFO ] [cn.xuanq.blog.services.impl.ImageServiceImpl] : viewImage format ==> 2023_01_14
[2023/03/06-20:21:25] [http-nio-2022-exec-2] [INFO ] [cn.xuanq.blog.services.impl.ImageServiceImpl] : viewImage format ==> 2023_01_14
[2023/03/06-20:21:25] [http-nio-2022-exec-10] [INFO ] [cn.xuanq.blog.services.impl.ImageServiceImpl] : get image target path ==> D:\IDEA\workspace\images\2023_01_14\jpg\1063876289292664832.jpg
[2023/03/06-20:21:25] [http-nio-2022-exec-2] [INFO ] [cn.xuanq.blog.services.impl.ImageServiceImpl] : get image target path ==> D:\IDEA\workspace\images\2023_01_14\png\1063875726974910464.png
[2023/03/06-20:21:28] [http-nio-2022-exec-1] [INFO ] [cn.xuanq.blog.services.impl.ImageServiceImpl] : viewImage format ==> 2023_03_06
[2023/03/06-20:21:28] [http-nio-2022-exec-1] [INFO ] [cn.xuanq.blog.services.impl.ImageServiceImpl] : get image target path ==> D:\IDEA\workspace\images\2023_03_06\png\1082396309064777728.png
[2023/03/06-20:21:31] [http-nio-2022-exec-8] [INFO ] [cn.xuanq.blog.services.impl.ImageServiceImpl] : viewImage format ==> 2023_03_06
[2023/03/06-20:21:31] [http-nio-2022-exec-8] [INFO ] [cn.xuanq.blog.services.impl.ImageServiceImpl] : get image target path ==> D:\IDEA\workspace\images\2023_03_06\png\1082396309064777728.png
[2023/03/06-20:21:35] [http-nio-2022-exec-4] [INFO ] [cn.xuanq.blog.services.impl.ArticleServiceImpl] : article list first page from redis
[2023/03/06-20:21:42] [http-nio-2022-exec-4] [INFO ] [cn.xuanq.blog.services.impl.ImageServiceImpl] : viewImage format ==> 2023_01_14
[2023/03/06-20:21:42] [http-nio-2022-exec-9] [INFO ] [cn.xuanq.blog.services.impl.ImageServiceImpl] : viewImage format ==> 2023_01_14
[2023/03/06-20:21:42] [http-nio-2022-exec-4] [INFO ] [cn.xuanq.blog.services.impl.ImageServiceImpl] : get image target path ==> D:\IDEA\workspace\images\2023_01_14\png\1063875726974910464.png
[2023/03/06-20:21:42] [http-nio-2022-exec-9] [INFO ] [cn.xuanq.blog.services.impl.ImageServiceImpl] : get image target path ==> D:\IDEA\workspace\images\2023_01_14\jpg\1063876289292664832.jpg
[2023/03/06-20:21:50] [http-nio-2022-exec-3] [INFO ] [cn.xuanq.blog.services.impl.ImageServiceImpl] : viewImage format ==> 2023_03_06
[2023/03/06-20:21:50] [http-nio-2022-exec-3] [INFO ] [cn.xuanq.blog.services.impl.ImageServiceImpl] : get image target path ==> D:\IDEA\workspace\images\2023_03_06\png\1082396309064777728.png
[2023/03/06-20:21:53] [http-nio-2022-exec-7] [INFO ] [cn.xuanq.blog.services.impl.ImageServiceImpl] : viewImage format ==> 2023_01_17
[2023/03/06-20:21:53] [http-nio-2022-exec-7] [INFO ] [cn.xuanq.blog.services.impl.ImageServiceImpl] : get image target path ==> D:\IDEA\workspace\images\2023_01_17\png\1064915527425589248.png
[2023/03/06-20:21:54] [http-nio-2022-exec-9] [INFO ] [cn.xuanq.blog.services.impl.ImageServiceImpl] : viewImage format ==> 2023_03_06
[2023/03/06-20:21:54] [http-nio-2022-exec-9] [INFO ] [cn.xuanq.blog.services.impl.ImageServiceImpl] : get image target path ==> D:\IDEA\workspace\images\2023_03_06\png\1082396309064777728.png
[2023/03/06-20:25:04] [http-nio-2022-exec-8] [INFO ] [cn.xuanq.blog.services.impl.ImageServiceImpl] : contentType ==> image/png
[2023/03/06-20:25:04] [http-nio-2022-exec-8] [INFO ] [cn.xuanq.blog.services.impl.ImageServiceImpl] : originalFilename ==> file.png
[2023/03/06-20:25:04] [http-nio-2022-exec-8] [INFO ] [cn.xuanq.blog.services.impl.ImageServiceImpl] : max-size ==> 2097152size ==> 151999
[2023/03/06-20:25:04] [http-nio-2022-exec-8] [INFO ] [cn.xuanq.blog.services.impl.ImageServiceImpl] : currentDay ==> 2023_03_06
[2023/03/06-20:25:04] [http-nio-2022-exec-8] [INFO ] [cn.xuanq.blog.services.impl.ImageServiceImpl] : targetFile ==> D:\IDEA\workspace\images\2023_03_06\png\1082398467642359808.png
